loading annotations into memory...
Done (t=0.02s)
creating index...
index created!
loading annotations into memory...
Done (t=0.01s)
creating index...
index created!
Num training images: 2031
Epoch: 0 | Iteration: 0 | Classification loss: 1.14861 | Regression loss: 0.98367 | Running loss: 2.13228
Epoch: 0 | Iteration: 100 | Classification loss: 0.59751 | Regression loss: 0.89846 | Running loss: 1.85703
Epoch: 0 | Iteration: 200 | Classification loss: 1.71158 | Regression loss: 0.39893 | Running loss: 1.68488
Epoch: 0 | Iteration: 300 | Classification loss: 0.76188 | Regression loss: 0.92096 | Running loss: 1.60571
Epoch: 0 | Iteration: 400 | Classification loss: 0.41592 | Regression loss: 0.78490 | Running loss: 1.53424
Epoch: 0 | Iteration: 500 | Classification loss: 1.56047 | Regression loss: 0.35213 | Running loss: 1.49557
Epoch: 0 | Iteration: 600 | Classification loss: 0.49924 | Regression loss: 0.96797 | Running loss: 1.37995
Epoch: 0 | Iteration: 700 | Classification loss: 0.63016 | Regression loss: 0.98754 | Running loss: 1.31743
Epoch: 0 | Iteration: 800 | Classification loss: 1.45557 | Regression loss: 0.32093 | Running loss: 1.26814
Epoch: 0 | Iteration: 900 | Classification loss: 0.25985 | Regression loss: 0.40674 | Running loss: 1.24046
Epoch: 0 | Iteration: 1000 | Classification loss: 0.47668 | Regression loss: 0.42957 | Running loss: 1.21089
Epoch: 1 | Iteration: 0 | Classification loss: 0.26185 | Regression loss: 0.28105 | Running loss: 1.19920
Epoch: 1 | Iteration: 100 | Classification loss: 0.31856 | Regression loss: 0.42146 | Running loss: 1.16965
Epoch: 1 | Iteration: 200 | Classification loss: 0.35924 | Regression loss: 0.74148 | Running loss: 1.13591
Epoch: 1 | Iteration: 300 | Classification loss: 0.37207 | Regression loss: 0.61358 | Running loss: 1.10062
Epoch: 1 | Iteration: 400 | Classification loss: 0.28992 | Regression loss: 0.48974 | Running loss: 1.08004
Epoch: 1 | Iteration: 500 | Classification loss: 0.53246 | Regression loss: 0.85331 | Running loss: 1.05250
Epoch: 1 | Iteration: 600 | Classification loss: 1.29370 | Regression loss: 0.20155 | Running loss: 1.03712
Epoch: 1 | Iteration: 700 | Classification loss: 0.69778 | Regression loss: 0.85726 | Running loss: 1.03960
Epoch: 1 | Iteration: 800 | Classification loss: 0.60897 | Regression loss: 0.58874 | Running loss: 1.04484
Epoch: 1 | Iteration: 900 | Classification loss: 0.74479 | Regression loss: 0.80724 | Running loss: 1.04714
Epoch: 1 | Iteration: 1000 | Classification loss: 0.23294 | Regression loss: 0.51305 | Running loss: 1.03993
Epoch: 2 | Iteration: 0 | Classification loss: 0.48370 | Regression loss: 0.71709 | Running loss: 1.03791
Epoch: 2 | Iteration: 100 | Classification loss: 0.43365 | Regression loss: 0.65888 | Running loss: 1.00655
Epoch: 2 | Iteration: 200 | Classification loss: 0.38311 | Regression loss: 0.48859 | Running loss: 0.98766
Epoch: 2 | Iteration: 300 | Classification loss: 0.30999 | Regression loss: 0.34053 | Running loss: 0.95774
Epoch: 2 | Iteration: 400 | Classification loss: 0.34192 | Regression loss: 0.59207 | Running loss: 0.92538
Epoch: 2 | Iteration: 500 | Classification loss: 0.22317 | Regression loss: 0.47578 | Running loss: 0.91286
Epoch: 2 | Iteration: 600 | Classification loss: 0.19833 | Regression loss: 0.43401 | Running loss: 0.92811
Epoch: 2 | Iteration: 700 | Classification loss: 0.87624 | Regression loss: 1.00858 | Running loss: 0.92505
Epoch: 2 | Iteration: 800 | Classification loss: 0.71359 | Regression loss: 0.82573 | Running loss: 0.91831
Epoch: 2 | Iteration: 900 | Classification loss: 0.46095 | Regression loss: 0.32794 | Running loss: 0.90896
Epoch: 2 | Iteration: 1000 | Classification loss: 0.25510 | Regression loss: 0.55289 | Running loss: 0.90370
Epoch: 3 | Iteration: 0 | Classification loss: 0.20685 | Regression loss: 0.29387 | Running loss: 0.89920
Epoch: 3 | Iteration: 100 | Classification loss: 0.27308 | Regression loss: 0.66484 | Running loss: 0.87838
Epoch: 3 | Iteration: 200 | Classification loss: 0.19450 | Regression loss: 0.37462 | Running loss: 0.86274
Epoch: 3 | Iteration: 300 | Classification loss: 0.25712 | Regression loss: 0.14523 | Running loss: 0.85374
Epoch: 3 | Iteration: 400 | Classification loss: 0.16485 | Regression loss: 0.38401 | Running loss: 0.84500
Epoch: 3 | Iteration: 500 | Classification loss: 0.19394 | Regression loss: 0.53210 | Running loss: 0.82393
Epoch: 3 | Iteration: 600 | Classification loss: 0.20997 | Regression loss: 0.56226 | Running loss: 0.82118
Epoch: 3 | Iteration: 700 | Classification loss: 0.18084 | Regression loss: 0.38392 | Running loss: 0.82071
Epoch: 3 | Iteration: 800 | Classification loss: 0.28827 | Regression loss: 0.55695 | Running loss: 0.81302
Epoch: 3 | Iteration: 900 | Classification loss: 0.38314 | Regression loss: 0.54398 | Running loss: 0.81135
Epoch: 3 | Iteration: 1000 | Classification loss: 0.42125 | Regression loss: 0.61003 | Running loss: 0.81747
Epoch: 4 | Iteration: 0 | Classification loss: 0.36164 | Regression loss: 0.53538 | Running loss: 0.81894
Epoch: 4 | Iteration: 100 | Classification loss: 0.38518 | Regression loss: 0.53947 | Running loss: 0.78820
Epoch: 4 | Iteration: 200 | Classification loss: 0.16001 | Regression loss: 0.22671 | Running loss: 0.78087
Epoch: 4 | Iteration: 300 | Classification loss: 0.17502 | Regression loss: 0.43762 | Running loss: 0.76651
Epoch: 4 | Iteration: 400 | Classification loss: 0.61983 | Regression loss: 1.04478 | Running loss: 0.75134
Epoch: 4 | Iteration: 500 | Classification loss: 0.25562 | Regression loss: 0.40333 | Running loss: 0.74052
Epoch: 4 | Iteration: 600 | Classification loss: 0.18340 | Regression loss: 0.31422 | Running loss: 0.75380
Epoch: 4 | Iteration: 700 | Classification loss: 0.12303 | Regression loss: 0.24487 | Running loss: 0.76589
Epoch: 4 | Iteration: 800 | Classification loss: 0.62585 | Regression loss: 0.88799 | Running loss: 0.77104
Epoch: 4 | Iteration: 900 | Classification loss: 0.69908 | Regression loss: 0.86493 | Running loss: 0.76307
Epoch: 4 | Iteration: 1000 | Classification loss: 0.47188 | Regression loss: 0.77511 | Running loss: 0.75251
Epoch: 5 | Iteration: 0 | Classification loss: 0.28756 | Regression loss: 0.57207 | Running loss: 0.74933
Epoch: 5 | Iteration: 100 | Classification loss: 0.38720 | Regression loss: 0.73615 | Running loss: 0.73279
Epoch: 5 | Iteration: 200 | Classification loss: 0.20251 | Regression loss: 0.43227 | Running loss: 0.70590
Epoch: 5 | Iteration: 300 | Classification loss: 0.14858 | Regression loss: 0.25138 | Running loss: 0.68650
Epoch: 5 | Iteration: 400 | Classification loss: 0.15294 | Regression loss: 0.22410 | Running loss: 0.69118
Epoch: 5 | Iteration: 500 | Classification loss: 0.14748 | Regression loss: 0.34521 | Running loss: 0.68770
Epoch: 5 | Iteration: 600 | Classification loss: 0.24427 | Regression loss: 0.39821 | Running loss: 0.68215
Epoch: 5 | Iteration: 700 | Classification loss: 0.47125 | Regression loss: 0.64024 | Running loss: 0.68268
Epoch: 5 | Iteration: 800 | Classification loss: 0.30067 | Regression loss: 0.56747 | Running loss: 0.68384
Epoch: 5 | Iteration: 900 | Classification loss: 0.17766 | Regression loss: 0.56104 | Running loss: 0.67234
Epoch: 5 | Iteration: 1000 | Classification loss: 0.37253 | Regression loss: 0.76451 | Running loss: 0.68396
Epoch: 6 | Iteration: 0 | Classification loss: 0.25639 | Regression loss: 0.65799 | Running loss: 0.68413
Epoch: 6 | Iteration: 100 | Classification loss: 0.06754 | Regression loss: 0.18884 | Running loss: 0.67116
Epoch: 6 | Iteration: 200 | Classification loss: 0.24618 | Regression loss: 0.48138 | Running loss: 0.65921
Epoch: 6 | Iteration: 300 | Classification loss: 0.12083 | Regression loss: 0.25618 | Running loss: 0.64917
Epoch: 6 | Iteration: 400 | Classification loss: 0.57382 | Regression loss: 0.67116 | Running loss: 0.63884
Epoch: 6 | Iteration: 500 | Classification loss: 0.13472 | Regression loss: 0.28072 | Running loss: 0.61835
Epoch: 6 | Iteration: 600 | Classification loss: 0.35802 | Regression loss: 0.82866 | Running loss: 0.64273
Epoch: 6 | Iteration: 700 | Classification loss: 0.10739 | Regression loss: 0.26023 | Running loss: 0.64582
Epoch: 6 | Iteration: 800 | Classification loss: 0.22343 | Regression loss: 0.30271 | Running loss: 0.64154
Epoch: 6 | Iteration: 900 | Classification loss: 0.17514 | Regression loss: 0.31701 | Running loss: 0.64172
Epoch: 6 | Iteration: 1000 | Classification loss: 0.42267 | Regression loss: 0.43477 | Running loss: 0.64652
Epoch: 7 | Iteration: 0 | Classification loss: 0.24734 | Regression loss: 0.38496 | Running loss: 0.63731
Epoch: 7 | Iteration: 100 | Classification loss: 0.23511 | Regression loss: 0.44081 | Running loss: 0.61003
Epoch: 7 | Iteration: 200 | Classification loss: 0.06649 | Regression loss: 0.17953 | Running loss: 0.60711
Epoch: 7 | Iteration: 300 | Classification loss: 0.11112 | Regression loss: 0.31998 | Running loss: 0.59759
Epoch: 7 | Iteration: 400 | Classification loss: 0.23572 | Regression loss: 0.35102 | Running loss: 0.58705
Epoch: 7 | Iteration: 500 | Classification loss: 0.32569 | Regression loss: 0.68806 | Running loss: 0.58532
Epoch: 7 | Iteration: 600 | Classification loss: 0.16832 | Regression loss: 0.38445 | Running loss: 0.58677
Epoch: 7 | Iteration: 700 | Classification loss: 0.22990 | Regression loss: 0.54382 | Running loss: 0.58222
Epoch: 7 | Iteration: 800 | Classification loss: 0.14414 | Regression loss: 0.40272 | Running loss: 0.58157
Epoch: 7 | Iteration: 900 | Classification loss: 0.38197 | Regression loss: 0.65733 | Running loss: 0.58491
Epoch: 7 | Iteration: 1000 | Classification loss: 0.07689 | Regression loss: 0.20020 | Running loss: 0.58424
Epoch: 8 | Iteration: 0 | Classification loss: 0.15739 | Regression loss: 0.40806 | Running loss: 0.58219
Epoch: 8 | Iteration: 100 | Classification loss: 0.06461 | Regression loss: 0.24632 | Running loss: 0.56871
Epoch: 8 | Iteration: 200 | Classification loss: 0.40486 | Regression loss: 0.50911 | Running loss: 0.57298
Epoch: 8 | Iteration: 300 | Classification loss: 0.17715 | Regression loss: 0.25341 | Running loss: 0.56374
Epoch: 8 | Iteration: 400 | Classification loss: 0.13356 | Regression loss: 0.41021 | Running loss: 0.54256
Epoch: 8 | Iteration: 500 | Classification loss: 0.29813 | Regression loss: 0.38697 | Running loss: 0.53664
Epoch: 8 | Iteration: 600 | Classification loss: 0.23670 | Regression loss: 0.41144 | Running loss: 0.54571
Epoch: 8 | Iteration: 700 | Classification loss: 0.11131 | Regression loss: 0.33025 | Running loss: 0.54614
Epoch: 8 | Iteration: 800 | Classification loss: 0.19559 | Regression loss: 0.25367 | Running loss: 0.54497
Epoch: 8 | Iteration: 900 | Classification loss: 0.36816 | Regression loss: 0.62279 | Running loss: 0.55038
Epoch: 8 | Iteration: 1000 | Classification loss: 0.25893 | Regression loss: 0.72909 | Running loss: 0.54346
Epoch: 9 | Iteration: 0 | Classification loss: 0.26331 | Regression loss: 0.43580 | Running loss: 0.54349
Epoch: 9 | Iteration: 100 | Classification loss: 0.18585 | Regression loss: 0.49485 | Running loss: 0.53250
Epoch: 9 | Iteration: 200 | Classification loss: 0.11142 | Regression loss: 0.27044 | Running loss: 0.51802
Epoch: 9 | Iteration: 300 | Classification loss: 0.15575 | Regression loss: 0.36519 | Running loss: 0.50759
Epoch: 9 | Iteration: 400 | Classification loss: 0.22125 | Regression loss: 0.54843 | Running loss: 0.49969
Epoch: 9 | Iteration: 500 | Classification loss: 0.03970 | Regression loss: 0.17834 | Running loss: 0.48778
Epoch: 9 | Iteration: 600 | Classification loss: 0.09098 | Regression loss: 0.20808 | Running loss: 0.48633
Epoch: 9 | Iteration: 700 | Classification loss: 0.34579 | Regression loss: 0.40372 | Running loss: 0.49290
Epoch: 9 | Iteration: 800 | Classification loss: 0.08937 | Regression loss: 0.20914 | Running loss: 0.51061
Epoch: 9 | Iteration: 900 | Classification loss: 0.18547 | Regression loss: 0.42378 | Running loss: 0.50752
Epoch: 9 | Iteration: 1000 | Classification loss: 0.11322 | Regression loss: 0.22053 | Running loss: 0.51032
epoch_loss_list:
[1.3485985781381449, 1.0428863803115416, 0.9080038053372245, 0.8198696776755213, 0.7462012804457991, 0.6849284630972804, 0.6314117278258397, 0.5838938797640754, 0.5408082131853723, 0.5003792778772163]
Evaluating dataset
Loading and preparing results...
DONE (t=0.31s)
creating index...
index created!
Running per image evaluation...
Evaluate annotation type *bbox*
DONE (t=2.32s).
Accumulating evaluation results...
DONE (t=0.76s).
 Average Precision  (AP) @[ IoU=0.50:0.95 | area=   all | maxDets=100 ] = 0.295
 Average Precision  (AP) @[ IoU=0.50      | area=   all | maxDets=100 ] = 0.575
 Average Precision  (AP) @[ IoU=0.75      | area=   all | maxDets=100 ] = 0.277
 Average Precision  (AP) @[ IoU=0.50:0.95 | area= small | maxDets=100 ] = 0.042
 Average Precision  (AP) @[ IoU=0.50:0.95 | area=medium | maxDets=100 ] = 0.131
 Average Precision  (AP) @[ IoU=0.50:0.95 | area= large | maxDets=100 ] = 0.370
 Average Recall     (AR) @[ IoU=0.50:0.95 | area=   all | maxDets=  1 ] = 0.323
 Average Recall     (AR) @[ IoU=0.50:0.95 | area=   all | maxDets= 10 ] = 0.427
 Average Recall     (AR) @[ IoU=0.50:0.95 | area=   all | maxDets=100 ] = 0.444
 Average Recall     (AR) @[ IoU=0.50:0.95 | area= small | maxDets=100 ] = 0.072
 Average Recall     (AR) @[ IoU=0.50:0.95 | area=medium | maxDets=100 ] = 0.266
 Average Recall     (AR) @[ IoU=0.50:0.95 | area= large | maxDets=100 ] = 0.533
Epoch: 10 | Iteration: 0 | Classification loss: 0.11594 | Regression loss: 0.39384 | Running loss: 0.51473
Epoch: 10 | Iteration: 100 | Classification loss: 0.23561 | Regression loss: 0.24241 | Running loss: 0.50980
Epoch: 10 | Iteration: 200 | Classification loss: 0.06263 | Regression loss: 0.15256 | Running loss: 0.49702
Epoch: 10 | Iteration: 300 | Classification loss: 0.09530 | Regression loss: 0.18106 | Running loss: 0.48153
Epoch: 10 | Iteration: 400 | Classification loss: 0.32170 | Regression loss: 0.40863 | Running loss: 0.48257
Epoch: 10 | Iteration: 500 | Classification loss: 0.14314 | Regression loss: 0.23683 | Running loss: 0.47104
Epoch: 10 | Iteration: 600 | Classification loss: 0.38430 | Regression loss: 0.71415 | Running loss: 0.46993
Epoch: 10 | Iteration: 700 | Classification loss: 0.18528 | Regression loss: 0.45149 | Running loss: 0.46729
Epoch: 10 | Iteration: 800 | Classification loss: 0.04060 | Regression loss: 0.11743 | Running loss: 0.46119
Epoch: 10 | Iteration: 900 | Classification loss: 0.10278 | Regression loss: 0.18575 | Running loss: 0.46012
Epoch: 10 | Iteration: 1000 | Classification loss: 0.11837 | Regression loss: 0.40169 | Running loss: 0.46758
Epoch: 11 | Iteration: 0 | Classification loss: 0.18053 | Regression loss: 0.33754 | Running loss: 0.46839
Epoch: 11 | Iteration: 100 | Classification loss: 0.09971 | Regression loss: 0.25338 | Running loss: 0.46576
Epoch: 11 | Iteration: 200 | Classification loss: 0.22125 | Regression loss: 0.17311 | Running loss: 0.46320
Epoch: 11 | Iteration: 300 | Classification loss: 0.04937 | Regression loss: 0.16336 | Running loss: 0.46076
Epoch: 11 | Iteration: 400 | Classification loss: 0.09673 | Regression loss: 0.28855 | Running loss: 0.45246
Epoch: 11 | Iteration: 500 | Classification loss: 0.23280 | Regression loss: 0.44999 | Running loss: 0.44335
Epoch: 11 | Iteration: 600 | Classification loss: 0.07497 | Regression loss: 0.14210 | Running loss: 0.43643
Epoch: 11 | Iteration: 700 | Classification loss: 0.20885 | Regression loss: 0.41174 | Running loss: 0.43086
Epoch: 11 | Iteration: 800 | Classification loss: 0.10257 | Regression loss: 0.25220 | Running loss: 0.43570
Epoch: 11 | Iteration: 900 | Classification loss: 0.46605 | Regression loss: 0.55981 | Running loss: 0.43286
Epoch: 11 | Iteration: 1000 | Classification loss: 0.08719 | Regression loss: 0.17852 | Running loss: 0.43204
Epoch: 12 | Iteration: 0 | Classification loss: 0.20003 | Regression loss: 0.29164 | Running loss: 0.43098
Epoch: 12 | Iteration: 100 | Classification loss: 0.10745 | Regression loss: 0.22261 | Running loss: 0.42773
Epoch: 12 | Iteration: 200 | Classification loss: 0.06421 | Regression loss: 0.11615 | Running loss: 0.41979
Epoch: 12 | Iteration: 300 | Classification loss: 0.08277 | Regression loss: 0.23409 | Running loss: 0.41570
Epoch: 12 | Iteration: 400 | Classification loss: 0.08890 | Regression loss: 0.33317 | Running loss: 0.41105
Epoch: 12 | Iteration: 500 | Classification loss: 0.05311 | Regression loss: 0.17246 | Running loss: 0.40872
Epoch: 12 | Iteration: 600 | Classification loss: 0.18409 | Regression loss: 0.38752 | Running loss: 0.41134
Epoch: 12 | Iteration: 700 | Classification loss: 0.22143 | Regression loss: 0.36676 | Running loss: 0.41267
Epoch: 12 | Iteration: 800 | Classification loss: 0.07401 | Regression loss: 0.16248 | Running loss: 0.41252
Epoch: 12 | Iteration: 900 | Classification loss: 0.15000 | Regression loss: 0.23361 | Running loss: 0.41667
Epoch: 12 | Iteration: 1000 | Classification loss: 0.19689 | Regression loss: 0.45973 | Running loss: 0.41512
Epoch: 13 | Iteration: 0 | Classification loss: 0.04065 | Regression loss: 0.22419 | Running loss: 0.41792
Epoch: 13 | Iteration: 100 | Classification loss: 0.06804 | Regression loss: 0.18554 | Running loss: 0.40211
Epoch: 13 | Iteration: 200 | Classification loss: 0.03980 | Regression loss: 0.11686 | Running loss: 0.39960
Epoch: 13 | Iteration: 300 | Classification loss: 0.04986 | Regression loss: 0.12916 | Running loss: 0.39091
Epoch: 13 | Iteration: 400 | Classification loss: 0.05744 | Regression loss: 0.19897 | Running loss: 0.39187
Epoch: 13 | Iteration: 500 | Classification loss: 0.06686 | Regression loss: 0.22762 | Running loss: 0.38683
Epoch: 13 | Iteration: 600 | Classification loss: 0.18210 | Regression loss: 0.47754 | Running loss: 0.38849
Epoch: 13 | Iteration: 700 | Classification loss: 0.17077 | Regression loss: 0.41512 | Running loss: 0.39428
Epoch: 13 | Iteration: 800 | Classification loss: 0.07064 | Regression loss: 0.21674 | Running loss: 0.40177
Epoch: 13 | Iteration: 900 | Classification loss: 0.24713 | Regression loss: 0.41295 | Running loss: 0.39441
Epoch: 13 | Iteration: 1000 | Classification loss: 0.12872 | Regression loss: 0.26391 | Running loss: 0.39338
Epoch: 14 | Iteration: 0 | Classification loss: 0.08821 | Regression loss: 0.42834 | Running loss: 0.39072
Epoch: 14 | Iteration: 100 | Classification loss: 0.03579 | Regression loss: 0.16944 | Running loss: 0.39549
Epoch: 14 | Iteration: 200 | Classification loss: 0.28270 | Regression loss: 0.62987 | Running loss: 0.38094
Epoch: 14 | Iteration: 300 | Classification loss: 0.02547 | Regression loss: 0.12035 | Running loss: 0.36949
Epoch: 14 | Iteration: 400 | Classification loss: 0.24671 | Regression loss: 0.34277 | Running loss: 0.37004
Epoch: 14 | Iteration: 500 | Classification loss: 0.11940 | Regression loss: 0.39779 | Running loss: 0.36999
Epoch: 14 | Iteration: 600 | Classification loss: 0.18720 | Regression loss: 0.47100 | Running loss: 0.36856
Epoch: 14 | Iteration: 700 | Classification loss: 0.07964 | Regression loss: 0.23103 | Running loss: 0.37169
Epoch: 14 | Iteration: 800 | Classification loss: 0.23642 | Regression loss: 0.19382 | Running loss: 0.36829
Epoch: 14 | Iteration: 900 | Classification loss: 0.03762 | Regression loss: 0.16482 | Running loss: 0.36719
Epoch: 14 | Iteration: 1000 | Classification loss: 0.08789 | Regression loss: 0.12021 | Running loss: 0.35890
Epoch: 15 | Iteration: 0 | Classification loss: 0.02365 | Regression loss: 0.12232 | Running loss: 0.35791
Epoch: 15 | Iteration: 100 | Classification loss: 0.10022 | Regression loss: 0.22904 | Running loss: 0.35256
Epoch: 15 | Iteration: 200 | Classification loss: 0.05445 | Regression loss: 0.21168 | Running loss: 0.35559
Epoch: 15 | Iteration: 300 | Classification loss: 0.13297 | Regression loss: 0.38146 | Running loss: 0.35739
Epoch: 15 | Iteration: 400 | Classification loss: 0.03097 | Regression loss: 0.13671 | Running loss: 0.35642
Epoch: 15 | Iteration: 500 | Classification loss: 0.19858 | Regression loss: 0.58035 | Running loss: 0.34717
Epoch: 15 | Iteration: 600 | Classification loss: 0.04306 | Regression loss: 0.16894 | Running loss: 0.34596
Epoch: 15 | Iteration: 700 | Classification loss: 0.03045 | Regression loss: 0.16874 | Running loss: 0.33960
Epoch: 15 | Iteration: 800 | Classification loss: 0.17711 | Regression loss: 0.43951 | Running loss: 0.33897
Epoch: 15 | Iteration: 900 | Classification loss: 0.25657 | Regression loss: 0.35367 | Running loss: 0.34320
Epoch: 15 | Iteration: 1000 | Classification loss: 0.12869 | Regression loss: 0.36408 | Running loss: 0.34957
Epoch: 16 | Iteration: 0 | Classification loss: 0.02139 | Regression loss: 0.07556 | Running loss: 0.34737
Epoch: 16 | Iteration: 100 | Classification loss: 0.18514 | Regression loss: 0.54255 | Running loss: 0.34375
Epoch: 16 | Iteration: 200 | Classification loss: 0.18814 | Regression loss: 0.27893 | Running loss: 0.34310
Epoch: 16 | Iteration: 300 | Classification loss: 0.19713 | Regression loss: 0.18566 | Running loss: 0.33565
Epoch: 16 | Iteration: 400 | Classification loss: 0.07105 | Regression loss: 0.15011 | Running loss: 0.33569
Epoch: 16 | Iteration: 500 | Classification loss: 0.21657 | Regression loss: 0.23497 | Running loss: 0.32878
Epoch: 16 | Iteration: 600 | Classification loss: 0.03807 | Regression loss: 0.14849 | Running loss: 0.32641
Epoch: 16 | Iteration: 700 | Classification loss: 0.14150 | Regression loss: 0.38528 | Running loss: 0.32547
Epoch: 16 | Iteration: 800 | Classification loss: 0.09584 | Regression loss: 0.20299 | Running loss: 0.32488
Epoch: 16 | Iteration: 900 | Classification loss: 0.15092 | Regression loss: 0.51953 | Running loss: 0.32621
Epoch: 16 | Iteration: 1000 | Classification loss: 0.02437 | Regression loss: 0.11124 | Running loss: 0.32644
Epoch: 17 | Iteration: 0 | Classification loss: 0.01462 | Regression loss: 0.14239 | Running loss: 0.32801
Epoch: 17 | Iteration: 100 | Classification loss: 0.05710 | Regression loss: 0.16784 | Running loss: 0.32452
Epoch: 17 | Iteration: 200 | Classification loss: 0.05903 | Regression loss: 0.19791 | Running loss: 0.32309
Epoch: 17 | Iteration: 300 | Classification loss: 0.18560 | Regression loss: 0.40149 | Running loss: 0.32726
Epoch: 17 | Iteration: 400 | Classification loss: 0.25378 | Regression loss: 0.21164 | Running loss: 0.31632
Epoch: 17 | Iteration: 500 | Classification loss: 0.09453 | Regression loss: 0.17351 | Running loss: 0.30685
Epoch: 17 | Iteration: 600 | Classification loss: 0.09156 | Regression loss: 0.30458 | Running loss: 0.30895
Epoch: 17 | Iteration: 700 | Classification loss: 0.07721 | Regression loss: 0.27425 | Running loss: 0.30589
Epoch: 17 | Iteration: 800 | Classification loss: 0.12348 | Regression loss: 0.28702 | Running loss: 0.30571
Epoch: 17 | Iteration: 900 | Classification loss: 0.08129 | Regression loss: 0.24808 | Running loss: 0.30695
Epoch: 17 | Iteration: 1000 | Classification loss: 0.06478 | Regression loss: 0.25590 | Running loss: 0.31339
Epoch: 18 | Iteration: 0 | Classification loss: 0.27463 | Regression loss: 0.49537 | Running loss: 0.31581
Epoch: 18 | Iteration: 100 | Classification loss: 0.05391 | Regression loss: 0.26508 | Running loss: 0.31333
Epoch: 18 | Iteration: 200 | Classification loss: 0.01638 | Regression loss: 0.13104 | Running loss: 0.31250
Epoch: 18 | Iteration: 300 | Classification loss: 0.05280 | Regression loss: 0.09803 | Running loss: 0.31491
Epoch: 18 | Iteration: 400 | Classification loss: 0.11689 | Regression loss: 0.31350 | Running loss: 0.30959
Epoch: 18 | Iteration: 500 | Classification loss: 0.16750 | Regression loss: 0.37317 | Running loss: 0.30952
Epoch: 18 | Iteration: 600 | Classification loss: 0.05560 | Regression loss: 0.20898 | Running loss: 0.29919
Epoch: 18 | Iteration: 700 | Classification loss: 0.07186 | Regression loss: 0.24058 | Running loss: 0.30128
Epoch: 18 | Iteration: 800 | Classification loss: 0.08549 | Regression loss: 0.40159 | Running loss: 0.29373
Epoch: 18 | Iteration: 900 | Classification loss: 0.02083 | Regression loss: 0.13075 | Running loss: 0.29245
Epoch: 18 | Iteration: 1000 | Classification loss: 0.05112 | Regression loss: 0.18808 | Running loss: 0.29033
Epoch: 19 | Iteration: 0 | Classification loss: 0.07728 | Regression loss: 0.24893 | Running loss: 0.29128
Epoch: 19 | Iteration: 100 | Classification loss: 0.09539 | Regression loss: 0.33625 | Running loss: 0.29987
Epoch: 19 | Iteration: 200 | Classification loss: 0.09561 | Regression loss: 0.20373 | Running loss: 0.29380
Epoch: 19 | Iteration: 300 | Classification loss: 0.01755 | Regression loss: 0.08938 | Running loss: 0.28952
Epoch: 19 | Iteration: 400 | Classification loss: 0.11848 | Regression loss: 0.31909 | Running loss: 0.29325
Epoch: 19 | Iteration: 500 | Classification loss: 0.07861 | Regression loss: 0.31201 | Running loss: 0.28916
Epoch: 19 | Iteration: 600 | Classification loss: 0.01501 | Regression loss: 0.12399 | Running loss: 0.28471
Epoch: 19 | Iteration: 700 | Classification loss: 0.05600 | Regression loss: 0.33797 | Running loss: 0.28206
Epoch: 19 | Iteration: 800 | Classification loss: 0.03006 | Regression loss: 0.12858 | Running loss: 0.28100
Epoch: 19 | Iteration: 900 | Classification loss: 0.05211 | Regression loss: 0.19511 | Running loss: 0.27912
Epoch: 19 | Iteration: 1000 | Classification loss: 0.02403 | Regression loss: 0.05171 | Running loss: 0.28059
epoch_loss_list:
[1.3485985781381449, 1.0428863803115416, 0.9080038053372245, 0.8198696776755213, 0.7462012804457991, 0.6849284630972804, 0.6314117278258397, 0.5838938797640754, 0.5408082131853723, 0.5003792778772163, 0.47037841241044087, 0.4360208642837687, 0.4126990730324247, 0.3900142498974373, 0.3647483795749273, 0.34710889965603786, 0.3285140351531661, 0.3097159046291073, 0.300746954141522, 0.28417240203116234]
Evaluating dataset
Loading and preparing results...
DONE (t=0.19s)
creating index...
index created!
Running per image evaluation...
Evaluate annotation type *bbox*
DONE (t=1.82s).
Accumulating evaluation results...
DONE (t=0.62s).
 Average Precision  (AP) @[ IoU=0.50:0.95 | area=   all | maxDets=100 ] = 0.292
 Average Precision  (AP) @[ IoU=0.50      | area=   all | maxDets=100 ] = 0.568
 Average Precision  (AP) @[ IoU=0.75      | area=   all | maxDets=100 ] = 0.275
 Average Precision  (AP) @[ IoU=0.50:0.95 | area= small | maxDets=100 ] = 0.023
 Average Precision  (AP) @[ IoU=0.50:0.95 | area=medium | maxDets=100 ] = 0.134
 Average Precision  (AP) @[ IoU=0.50:0.95 | area= large | maxDets=100 ] = 0.369
 Average Recall     (AR) @[ IoU=0.50:0.95 | area=   all | maxDets=  1 ] = 0.319
 Average Recall     (AR) @[ IoU=0.50:0.95 | area=   all | maxDets= 10 ] = 0.412
 Average Recall     (AR) @[ IoU=0.50:0.95 | area=   all | maxDets=100 ] = 0.423
 Average Recall     (AR) @[ IoU=0.50:0.95 | area= small | maxDets=100 ] = 0.051
 Average Recall     (AR) @[ IoU=0.50:0.95 | area=medium | maxDets=100 ] = 0.261
 Average Recall     (AR) @[ IoU=0.50:0.95 | area= large | maxDets=100 ] = 0.506
Epoch: 20 | Iteration: 0 | Classification loss: 0.07792 | Regression loss: 0.27443 | Running loss: 0.27920
Epoch: 20 | Iteration: 100 | Classification loss: 0.06885 | Regression loss: 0.20171 | Running loss: 0.27547
Epoch: 20 | Iteration: 200 | Classification loss: 0.02527 | Regression loss: 0.09649 | Running loss: 0.27973
Epoch: 20 | Iteration: 300 | Classification loss: 0.05952 | Regression loss: 0.17658 | Running loss: 0.28091
Epoch: 20 | Iteration: 400 | Classification loss: 0.01275 | Regression loss: 0.12745 | Running loss: 0.27401
Epoch: 20 | Iteration: 500 | Classification loss: 0.08477 | Regression loss: 0.47945 | Running loss: 0.26747
Epoch: 20 | Iteration: 600 | Classification loss: 0.28598 | Regression loss: 0.42601 | Running loss: 0.26979
Epoch: 20 | Iteration: 700 | Classification loss: 0.02331 | Regression loss: 0.07271 | Running loss: 0.26766
Epoch: 20 | Iteration: 800 | Classification loss: 0.04437 | Regression loss: 0.15210 | Running loss: 0.26561
Epoch: 20 | Iteration: 900 | Classification loss: 0.01548 | Regression loss: 0.17194 | Running loss: 0.27262
Epoch: 20 | Iteration: 1000 | Classification loss: 0.01190 | Regression loss: 0.08311 | Running loss: 0.27442
Epoch: 21 | Iteration: 0 | Classification loss: 0.04848 | Regression loss: 0.14914 | Running loss: 0.27372
Epoch: 21 | Iteration: 100 | Classification loss: 0.04099 | Regression loss: 0.09788 | Running loss: 0.27253
Epoch: 21 | Iteration: 200 | Classification loss: 0.05156 | Regression loss: 0.14620 | Running loss: 0.27185
Epoch: 21 | Iteration: 300 | Classification loss: 0.07063 | Regression loss: 0.26172 | Running loss: 0.27259
Epoch: 21 | Iteration: 400 | Classification loss: 0.02944 | Regression loss: 0.10506 | Running loss: 0.26899
Epoch: 21 | Iteration: 500 | Classification loss: 0.03267 | Regression loss: 0.12623 | Running loss: 0.26541
Epoch: 21 | Iteration: 600 | Classification loss: 0.07318 | Regression loss: 0.20371 | Running loss: 0.26318
Epoch: 21 | Iteration: 700 | Classification loss: 0.02893 | Regression loss: 0.08144 | Running loss: 0.25945
Epoch: 21 | Iteration: 800 | Classification loss: 0.04345 | Regression loss: 0.23337 | Running loss: 0.25586
Epoch: 21 | Iteration: 900 | Classification loss: 0.01154 | Regression loss: 0.14169 | Running loss: 0.25438
Epoch: 21 | Iteration: 1000 | Classification loss: 0.02275 | Regression loss: 0.10719 | Running loss: 0.25078
Epoch: 22 | Iteration: 0 | Classification loss: 0.05947 | Regression loss: 0.12266 | Running loss: 0.24937
Epoch: 22 | Iteration: 100 | Classification loss: 0.07826 | Regression loss: 0.28572 | Running loss: 0.24569
Epoch: 22 | Iteration: 200 | Classification loss: 0.02673 | Regression loss: 0.20888 | Running loss: 0.24454
Epoch: 22 | Iteration: 300 | Classification loss: 0.02824 | Regression loss: 0.13348 | Running loss: 0.24207
Epoch: 22 | Iteration: 400 | Classification loss: 0.01671 | Regression loss: 0.08816 | Running loss: 0.23999
Epoch: 22 | Iteration: 500 | Classification loss: 0.02024 | Regression loss: 0.10792 | Running loss: 0.24609
Epoch: 22 | Iteration: 600 | Classification loss: 0.25134 | Regression loss: 0.20301 | Running loss: 0.24854
Epoch: 22 | Iteration: 700 | Classification loss: 0.04119 | Regression loss: 0.24817 | Running loss: 0.25228
Epoch: 22 | Iteration: 800 | Classification loss: 0.06419 | Regression loss: 0.27140 | Running loss: 0.25091
Epoch: 22 | Iteration: 900 | Classification loss: 0.09738 | Regression loss: 0.36008 | Running loss: 0.25255
Epoch: 22 | Iteration: 1000 | Classification loss: 0.02229 | Regression loss: 0.12698 | Running loss: 0.25013
Epoch: 23 | Iteration: 0 | Classification loss: 0.01407 | Regression loss: 0.08554 | Running loss: 0.24908
Epoch: 23 | Iteration: 100 | Classification loss: 0.03355 | Regression loss: 0.15227 | Running loss: 0.25096
Epoch: 23 | Iteration: 200 | Classification loss: 0.06874 | Regression loss: 0.24492 | Running loss: 0.24947
Epoch: 23 | Iteration: 300 | Classification loss: 0.03476 | Regression loss: 0.25745 | Running loss: 0.24735
Epoch: 23 | Iteration: 400 | Classification loss: 0.01827 | Regression loss: 0.13103 | Running loss: 0.24511
Epoch: 23 | Iteration: 500 | Classification loss: 0.02933 | Regression loss: 0.12728 | Running loss: 0.24849
Epoch: 23 | Iteration: 600 | Classification loss: 0.02654 | Regression loss: 0.06632 | Running loss: 0.24740
Epoch: 23 | Iteration: 700 | Classification loss: 0.02397 | Regression loss: 0.17443 | Running loss: 0.24426
Epoch: 23 | Iteration: 800 | Classification loss: 0.03246 | Regression loss: 0.13139 | Running loss: 0.24586
Epoch: 23 | Iteration: 900 | Classification loss: 0.03305 | Regression loss: 0.10260 | Running loss: 0.24113
Epoch: 23 | Iteration: 1000 | Classification loss: 0.05676 | Regression loss: 0.30923 | Running loss: 0.23584
Epoch: 24 | Iteration: 0 | Classification loss: 0.03004 | Regression loss: 0.27724 | Running loss: 0.23270
Epoch: 24 | Iteration: 100 | Classification loss: 0.01838 | Regression loss: 0.22182 | Running loss: 0.23013
Epoch: 24 | Iteration: 200 | Classification loss: 0.07661 | Regression loss: 0.24364 | Running loss: 0.22957
Epoch: 24 | Iteration: 300 | Classification loss: 0.05756 | Regression loss: 0.11499 | Running loss: 0.22801
Epoch: 24 | Iteration: 400 | Classification loss: 0.04640 | Regression loss: 0.28540 | Running loss: 0.23606
Epoch: 24 | Iteration: 500 | Classification loss: 0.02239 | Regression loss: 0.15799 | Running loss: 0.23366
Epoch: 24 | Iteration: 600 | Classification loss: 0.02872 | Regression loss: 0.14267 | Running loss: 0.23180
Epoch: 24 | Iteration: 700 | Classification loss: 0.06897 | Regression loss: 0.24753 | Running loss: 0.23178
Epoch: 24 | Iteration: 800 | Classification loss: 0.25184 | Regression loss: 0.29410 | Running loss: 0.23280
Epoch: 24 | Iteration: 900 | Classification loss: 0.04632 | Regression loss: 0.24904 | Running loss: 0.22839
Epoch: 24 | Iteration: 1000 | Classification loss: 0.07814 | Regression loss: 0.24208 | Running loss: 0.23469
Epoch: 25 | Iteration: 0 | Classification loss: 0.01843 | Regression loss: 0.08407 | Running loss: 0.23367
Epoch: 25 | Iteration: 100 | Classification loss: 0.01571 | Regression loss: 0.14234 | Running loss: 0.23365
Epoch: 25 | Iteration: 200 | Classification loss: 0.02791 | Regression loss: 0.21756 | Running loss: 0.23338
Epoch: 25 | Iteration: 300 | Classification loss: 0.13075 | Regression loss: 0.23641 | Running loss: 0.23407
Epoch: 25 | Iteration: 400 | Classification loss: 0.03089 | Regression loss: 0.12056 | Running loss: 0.23344
Epoch: 25 | Iteration: 500 | Classification loss: 0.02097 | Regression loss: 0.11906 | Running loss: 0.22434
Epoch: 25 | Iteration: 600 | Classification loss: 0.03624 | Regression loss: 0.24846 | Running loss: 0.22522
Epoch: 25 | Iteration: 700 | Classification loss: 0.05029 | Regression loss: 0.26265 | Running loss: 0.22862
Epoch: 25 | Iteration: 800 | Classification loss: 0.05342 | Regression loss: 0.18440 | Running loss: 0.22777
Epoch: 25 | Iteration: 900 | Classification loss: 0.05068 | Regression loss: 0.15899 | Running loss: 0.22302
Epoch: 25 | Iteration: 1000 | Classification loss: 0.02593 | Regression loss: 0.14428 | Running loss: 0.22444
Epoch: 26 | Iteration: 0 | Classification loss: 0.02127 | Regression loss: 0.13887 | Running loss: 0.22459
Epoch: 26 | Iteration: 100 | Classification loss: 0.06344 | Regression loss: 0.20094 | Running loss: 0.22155
Epoch: 26 | Iteration: 200 | Classification loss: 0.01750 | Regression loss: 0.09873 | Running loss: 0.21750
Epoch: 26 | Iteration: 300 | Classification loss: 0.01287 | Regression loss: 0.10009 | Running loss: 0.21468
Epoch: 26 | Iteration: 400 | Classification loss: 0.02814 | Regression loss: 0.13017 | Running loss: 0.21644
Epoch: 26 | Iteration: 500 | Classification loss: 0.05846 | Regression loss: 0.21895 | Running loss: 0.21736
Epoch: 26 | Iteration: 600 | Classification loss: 0.03669 | Regression loss: 0.07470 | Running loss: 0.21437
Epoch: 26 | Iteration: 700 | Classification loss: 0.01957 | Regression loss: 0.09994 | Running loss: 0.21225
Epoch: 26 | Iteration: 800 | Classification loss: 0.16323 | Regression loss: 0.30093 | Running loss: 0.21131
Epoch: 26 | Iteration: 900 | Classification loss: 0.02517 | Regression loss: 0.10316 | Running loss: 0.20847
Epoch: 26 | Iteration: 1000 | Classification loss: 0.02970 | Regression loss: 0.20391 | Running loss: 0.20931
Epoch: 27 | Iteration: 0 | Classification loss: 0.19279 | Regression loss: 0.29246 | Running loss: 0.21153
Epoch: 27 | Iteration: 100 | Classification loss: 0.15221 | Regression loss: 0.34066 | Running loss: 0.21348
Epoch: 27 | Iteration: 200 | Classification loss: 0.06356 | Regression loss: 0.14397 | Running loss: 0.21042
Epoch: 27 | Iteration: 300 | Classification loss: 0.02626 | Regression loss: 0.13540 | Running loss: 0.21054
Epoch: 27 | Iteration: 400 | Classification loss: 0.07759 | Regression loss: 0.38499 | Running loss: 0.21059
Epoch: 27 | Iteration: 500 | Classification loss: 0.02084 | Regression loss: 0.10462 | Running loss: 0.20672
Epoch: 27 | Iteration: 600 | Classification loss: 0.07877 | Regression loss: 0.29313 | Running loss: 0.20790
Epoch: 27 | Iteration: 700 | Classification loss: 0.01480 | Regression loss: 0.12552 | Running loss: 0.20819
Epoch: 27 | Iteration: 800 | Classification loss: 0.02603 | Regression loss: 0.22141 | Running loss: 0.21178
Epoch: 27 | Iteration: 900 | Classification loss: 0.00824 | Regression loss: 0.11274 | Running loss: 0.21477
Epoch: 27 | Iteration: 1000 | Classification loss: 0.03569 | Regression loss: 0.10567 | Running loss: 0.21143
Epoch: 28 | Iteration: 0 | Classification loss: 0.04363 | Regression loss: 0.24747 | Running loss: 0.21214
Epoch: 28 | Iteration: 100 | Classification loss: 0.03225 | Regression loss: 0.14253 | Running loss: 0.20942
Epoch: 28 | Iteration: 200 | Classification loss: 0.03361 | Regression loss: 0.11869 | Running loss: 0.20967
Epoch: 28 | Iteration: 300 | Classification loss: 0.06178 | Regression loss: 0.40504 | Running loss: 0.20532
Epoch: 28 | Iteration: 400 | Classification loss: 0.03861 | Regression loss: 0.12455 | Running loss: 0.20171
Epoch: 28 | Iteration: 500 | Classification loss: 0.02693 | Regression loss: 0.09178 | Running loss: 0.20015
Epoch: 28 | Iteration: 600 | Classification loss: 0.01261 | Regression loss: 0.07332 | Running loss: 0.19959
Epoch: 28 | Iteration: 700 | Classification loss: 0.16684 | Regression loss: 0.37377 | Running loss: 0.20140
Epoch: 28 | Iteration: 800 | Classification loss: 0.02567 | Regression loss: 0.12799 | Running loss: 0.20059
Epoch: 28 | Iteration: 900 | Classification loss: 0.00966 | Regression loss: 0.05263 | Running loss: 0.20068
Epoch: 28 | Iteration: 1000 | Classification loss: 0.00895 | Regression loss: 0.08936 | Running loss: 0.20471
Epoch: 29 | Iteration: 0 | Classification loss: 0.00930 | Regression loss: 0.12542 | Running loss: 0.20454
Epoch: 29 | Iteration: 100 | Classification loss: 0.07176 | Regression loss: 0.43426 | Running loss: 0.20738
Epoch: 29 | Iteration: 200 | Classification loss: 0.00309 | Regression loss: 0.03330 | Running loss: 0.19961
Epoch: 29 | Iteration: 300 | Classification loss: 0.01222 | Regression loss: 0.08142 | Running loss: 0.19693
Epoch: 29 | Iteration: 400 | Classification loss: 0.01994 | Regression loss: 0.14897 | Running loss: 0.19780
Epoch: 29 | Iteration: 500 | Classification loss: 0.00687 | Regression loss: 0.09265 | Running loss: 0.19822
Epoch: 29 | Iteration: 600 | Classification loss: 0.13874 | Regression loss: 0.18952 | Running loss: 0.19323
Epoch: 29 | Iteration: 700 | Classification loss: 0.01340 | Regression loss: 0.12687 | Running loss: 0.19794
Epoch: 29 | Iteration: 800 | Classification loss: 0.01753 | Regression loss: 0.08784 | Running loss: 0.19964
Epoch: 29 | Iteration: 900 | Classification loss: 0.03357 | Regression loss: 0.15458 | Running loss: 0.19326
Epoch: 29 | Iteration: 1000 | Classification loss: 0.01481 | Regression loss: 0.11923 | Running loss: 0.19279
epoch_loss_list:
[1.3485985781381449, 1.0428863803115416, 0.9080038053372245, 0.8198696776755213, 0.7462012804457991, 0.6849284630972804, 0.6314117278258397, 0.5838938797640754, 0.5408082131853723, 0.5003792778772163, 0.47037841241044087, 0.4360208642837687, 0.4126990730324247, 0.3900142498974373, 0.3647483795749273, 0.34710889965603786, 0.3285140351531661, 0.3097159046291073, 0.300746954141522, 0.28417240203116234, 0.2706226208320577, 0.25768760743543623, 0.24772578569891768, 0.24061031865073354, 0.23440500140908782, 0.22438549321680146, 0.21360355310369372, 0.20982268031715878, 0.20265136179184234, 0.19518770426731763]
Evaluating dataset
Loading and preparing results...
DONE (t=0.14s)
creating index...
index created!
Running per image evaluation...
Evaluate annotation type *bbox*
DONE (t=1.38s).
Accumulating evaluation results...
DONE (t=0.47s).
 Average Precision  (AP) @[ IoU=0.50:0.95 | area=   all | maxDets=100 ] = 0.296
 Average Precision  (AP) @[ IoU=0.50      | area=   all | maxDets=100 ] = 0.571
 Average Precision  (AP) @[ IoU=0.75      | area=   all | maxDets=100 ] = 0.280
 Average Precision  (AP) @[ IoU=0.50:0.95 | area= small | maxDets=100 ] = 0.043
 Average Precision  (AP) @[ IoU=0.50:0.95 | area=medium | maxDets=100 ] = 0.146
 Average Precision  (AP) @[ IoU=0.50:0.95 | area= large | maxDets=100 ] = 0.367
 Average Recall     (AR) @[ IoU=0.50:0.95 | area=   all | maxDets=  1 ] = 0.324
 Average Recall     (AR) @[ IoU=0.50:0.95 | area=   all | maxDets= 10 ] = 0.405
 Average Recall     (AR) @[ IoU=0.50:0.95 | area=   all | maxDets=100 ] = 0.410
 Average Recall     (AR) @[ IoU=0.50:0.95 | area= small | maxDets=100 ] = 0.078
 Average Recall     (AR) @[ IoU=0.50:0.95 | area=medium | maxDets=100 ] = 0.238
 Average Recall     (AR) @[ IoU=0.50:0.95 | area= large | maxDets=100 ] = 0.496
Epoch: 30 | Iteration: 0 | Classification loss: 0.03095 | Regression loss: 0.17763 | Running loss: 0.19263
Epoch: 30 | Iteration: 100 | Classification loss: 0.02093 | Regression loss: 0.13991 | Running loss: 0.19157
Epoch: 30 | Iteration: 200 | Classification loss: 0.04492 | Regression loss: 0.15261 | Running loss: 0.18766
Epoch: 30 | Iteration: 300 | Classification loss: 0.01399 | Regression loss: 0.07428 | Running loss: 0.18750
Epoch: 30 | Iteration: 400 | Classification loss: 0.02156 | Regression loss: 0.30422 | Running loss: 0.18732
Epoch: 30 | Iteration: 500 | Classification loss: 0.02303 | Regression loss: 0.13930 | Running loss: 0.18534
Epoch: 30 | Iteration: 600 | Classification loss: 0.04570 | Regression loss: 0.12495 | Running loss: 0.18889
Epoch: 30 | Iteration: 700 | Classification loss: 0.00991 | Regression loss: 0.09522 | Running loss: 0.19262
Epoch: 30 | Iteration: 800 | Classification loss: 0.01337 | Regression loss: 0.09107 | Running loss: 0.19098
Epoch: 30 | Iteration: 900 | Classification loss: 0.03042 | Regression loss: 0.16968 | Running loss: 0.19050
Epoch: 30 | Iteration: 1000 | Classification loss: 0.01749 | Regression loss: 0.12109 | Running loss: 0.19373
Epoch: 31 | Iteration: 0 | Classification loss: 0.01689 | Regression loss: 0.09045 | Running loss: 0.19441
Epoch: 31 | Iteration: 100 | Classification loss: 0.00750 | Regression loss: 0.06018 | Running loss: 0.18965
Epoch: 31 | Iteration: 200 | Classification loss: 0.04033 | Regression loss: 0.11589 | Running loss: 0.18826
Epoch: 31 | Iteration: 300 | Classification loss: 0.01365 | Regression loss: 0.07769 | Running loss: 0.18723
Epoch: 31 | Iteration: 400 | Classification loss: 0.01572 | Regression loss: 0.07511 | Running loss: 0.19031
Epoch: 31 | Iteration: 500 | Classification loss: 0.00851 | Regression loss: 0.11520 | Running loss: 0.18335
Epoch: 31 | Iteration: 600 | Classification loss: 0.07400 | Regression loss: 0.20357 | Running loss: 0.18716
Epoch: 31 | Iteration: 700 | Classification loss: 0.05578 | Regression loss: 0.22396 | Running loss: 0.18853
Epoch: 31 | Iteration: 800 | Classification loss: 0.01268 | Regression loss: 0.11153 | Running loss: 0.19241
Epoch: 31 | Iteration: 900 | Classification loss: 0.01671 | Regression loss: 0.15848 | Running loss: 0.18809
Epoch: 31 | Iteration: 1000 | Classification loss: 0.01021 | Regression loss: 0.08003 | Running loss: 0.18917
Epoch: 32 | Iteration: 0 | Classification loss: 0.01527 | Regression loss: 0.13593 | Running loss: 0.18928
Epoch: 32 | Iteration: 100 | Classification loss: 0.01971 | Regression loss: 0.13051 | Running loss: 0.18401
Epoch: 32 | Iteration: 200 | Classification loss: 0.03243 | Regression loss: 0.34674 | Running loss: 0.18392
Epoch: 32 | Iteration: 300 | Classification loss: 0.03397 | Regression loss: 0.25619 | Running loss: 0.18363
Epoch: 32 | Iteration: 400 | Classification loss: 0.00614 | Regression loss: 0.10860 | Running loss: 0.18672
Epoch: 32 | Iteration: 500 | Classification loss: 0.00500 | Regression loss: 0.09671 | Running loss: 0.18588
Epoch: 32 | Iteration: 600 | Classification loss: 0.01092 | Regression loss: 0.07946 | Running loss: 0.18839
Epoch: 32 | Iteration: 700 | Classification loss: 0.00689 | Regression loss: 0.08558 | Running loss: 0.18551
Epoch: 32 | Iteration: 800 | Classification loss: 0.01237 | Regression loss: 0.07215 | Running loss: 0.18374
Epoch: 32 | Iteration: 900 | Classification loss: 0.00630 | Regression loss: 0.10844 | Running loss: 0.17910
Epoch: 32 | Iteration: 1000 | Classification loss: 0.00947 | Regression loss: 0.12032 | Running loss: 0.18102
Epoch: 33 | Iteration: 0 | Classification loss: 0.00880 | Regression loss: 0.10958 | Running loss: 0.17853
Epoch: 33 | Iteration: 100 | Classification loss: 0.00292 | Regression loss: 0.07209 | Running loss: 0.17546
Epoch: 33 | Iteration: 200 | Classification loss: 0.01218 | Regression loss: 0.10891 | Running loss: 0.17632
Epoch: 33 | Iteration: 300 | Classification loss: 0.03134 | Regression loss: 0.19052 | Running loss: 0.17232
Epoch: 33 | Iteration: 400 | Classification loss: 0.04313 | Regression loss: 0.14474 | Running loss: 0.16878
Epoch: 33 | Iteration: 500 | Classification loss: 0.02434 | Regression loss: 0.19253 | Running loss: 0.17026
Epoch: 33 | Iteration: 600 | Classification loss: 0.02110 | Regression loss: 0.22518 | Running loss: 0.17302
Epoch: 33 | Iteration: 700 | Classification loss: 0.01602 | Regression loss: 0.08223 | Running loss: 0.17473
Epoch: 33 | Iteration: 800 | Classification loss: 0.02278 | Regression loss: 0.11997 | Running loss: 0.17805
Epoch: 33 | Iteration: 900 | Classification loss: 0.01276 | Regression loss: 0.10685 | Running loss: 0.17813
Epoch: 33 | Iteration: 1000 | Classification loss: 0.03448 | Regression loss: 0.16161 | Running loss: 0.18147
Epoch: 34 | Iteration: 0 | Classification loss: 0.00743 | Regression loss: 0.11899 | Running loss: 0.18299
Epoch: 34 | Iteration: 100 | Classification loss: 0.05626 | Regression loss: 0.30878 | Running loss: 0.17662
Epoch: 34 | Iteration: 200 | Classification loss: 0.01705 | Regression loss: 0.17023 | Running loss: 0.17583
Epoch: 34 | Iteration: 300 | Classification loss: 0.01406 | Regression loss: 0.09169 | Running loss: 0.17644
Epoch: 34 | Iteration: 400 | Classification loss: 0.01485 | Regression loss: 0.21541 | Running loss: 0.17707
Epoch: 34 | Iteration: 500 | Classification loss: 0.02137 | Regression loss: 0.14360 | Running loss: 0.17104
Epoch: 34 | Iteration: 600 | Classification loss: 0.01992 | Regression loss: 0.16634 | Running loss: 0.17276
Epoch: 34 | Iteration: 700 | Classification loss: 0.01212 | Regression loss: 0.12817 | Running loss: 0.17812
Epoch: 34 | Iteration: 800 | Classification loss: 0.00345 | Regression loss: 0.04862 | Running loss: 0.17523
Epoch: 34 | Iteration: 900 | Classification loss: 0.02389 | Regression loss: 0.11458 | Running loss: 0.17225
Epoch: 34 | Iteration: 1000 | Classification loss: 0.02281 | Regression loss: 0.10487 | Running loss: 0.17271
Epoch: 35 | Iteration: 0 | Classification loss: 0.05150 | Regression loss: 0.16023 | Running loss: 0.17275
Epoch: 35 | Iteration: 100 | Classification loss: 0.01784 | Regression loss: 0.18025 | Running loss: 0.17014
Epoch: 35 | Iteration: 200 | Classification loss: 0.03502 | Regression loss: 0.25292 | Running loss: 0.16504
Epoch: 35 | Iteration: 300 | Classification loss: 0.00915 | Regression loss: 0.10266 | Running loss: 0.16815
Epoch: 35 | Iteration: 400 | Classification loss: 0.00226 | Regression loss: 0.09986 | Running loss: 0.16682
Epoch: 35 | Iteration: 500 | Classification loss: 0.01157 | Regression loss: 0.18352 | Running loss: 0.16856
Epoch: 35 | Iteration: 600 | Classification loss: 0.02186 | Regression loss: 0.17789 | Running loss: 0.17222
Epoch: 35 | Iteration: 700 | Classification loss: 0.01421 | Regression loss: 0.13605 | Running loss: 0.17091
Epoch: 35 | Iteration: 800 | Classification loss: 0.00882 | Regression loss: 0.14606 | Running loss: 0.16849
Epoch: 35 | Iteration: 900 | Classification loss: 0.02473 | Regression loss: 0.23765 | Running loss: 0.16965
Epoch: 35 | Iteration: 1000 | Classification loss: 0.07503 | Regression loss: 0.33697 | Running loss: 0.17047
Epoch: 36 | Iteration: 0 | Classification loss: 0.00753 | Regression loss: 0.14284 | Running loss: 0.16958
Epoch: 36 | Iteration: 100 | Classification loss: 0.08978 | Regression loss: 0.18093 | Running loss: 0.16682
Epoch: 36 | Iteration: 200 | Classification loss: 0.00827 | Regression loss: 0.10853 | Running loss: 0.16928
Epoch: 36 | Iteration: 300 | Classification loss: 0.00962 | Regression loss: 0.10451 | Running loss: 0.17055
Epoch: 36 | Iteration: 400 | Classification loss: 0.03651 | Regression loss: 0.21732 | Running loss: 0.16850
Epoch: 36 | Iteration: 500 | Classification loss: 0.01333 | Regression loss: 0.19912 | Running loss: 0.16415
Epoch: 36 | Iteration: 600 | Classification loss: 0.01152 | Regression loss: 0.12437 | Running loss: 0.16189
Epoch: 36 | Iteration: 700 | Classification loss: 0.05615 | Regression loss: 0.24458 | Running loss: 0.16137
Epoch: 36 | Iteration: 800 | Classification loss: 0.00841 | Regression loss: 0.08446 | Running loss: 0.16551
Epoch: 36 | Iteration: 900 | Classification loss: 0.07808 | Regression loss: 0.32655 | Running loss: 0.16709
Epoch: 36 | Iteration: 1000 | Classification loss: 0.00843 | Regression loss: 0.09492 | Running loss: 0.16944
Epoch: 37 | Iteration: 0 | Classification loss: 0.00924 | Regression loss: 0.06377 | Running loss: 0.16977
Epoch: 37 | Iteration: 100 | Classification loss: 0.01679 | Regression loss: 0.12956 | Running loss: 0.17348
Epoch: 37 | Iteration: 200 | Classification loss: 0.01049 | Regression loss: 0.07919 | Running loss: 0.17169
Epoch: 37 | Iteration: 300 | Classification loss: 0.03188 | Regression loss: 0.26631 | Running loss: 0.16836
Epoch: 37 | Iteration: 400 | Classification loss: 0.01998 | Regression loss: 0.13046 | Running loss: 0.16576
Epoch: 37 | Iteration: 500 | Classification loss: 0.02165 | Regression loss: 0.21002 | Running loss: 0.16465
Epoch: 37 | Iteration: 600 | Classification loss: 0.01707 | Regression loss: 0.11492 | Running loss: 0.16129
Epoch: 37 | Iteration: 700 | Classification loss: 0.03131 | Regression loss: 0.19938 | Running loss: 0.16112
Epoch: 37 | Iteration: 800 | Classification loss: 0.00403 | Regression loss: 0.07521 | Running loss: 0.16139
Epoch: 37 | Iteration: 900 | Classification loss: 0.01136 | Regression loss: 0.13839 | Running loss: 0.15920
Epoch: 37 | Iteration: 1000 | Classification loss: 0.01871 | Regression loss: 0.14314 | Running loss: 0.15707
Epoch: 38 | Iteration: 0 | Classification loss: 0.01631 | Regression loss: 0.26910 | Running loss: 0.15867
Epoch: 38 | Iteration: 100 | Classification loss: 0.00633 | Regression loss: 0.11881 | Running loss: 0.15801
Epoch: 38 | Iteration: 200 | Classification loss: 0.00563 | Regression loss: 0.11009 | Running loss: 0.15684
Epoch: 38 | Iteration: 300 | Classification loss: 0.01403 | Regression loss: 0.13725 | Running loss: 0.15626
Epoch: 38 | Iteration: 400 | Classification loss: 0.03368 | Regression loss: 0.30142 | Running loss: 0.15953
Epoch: 38 | Iteration: 500 | Classification loss: 0.00832 | Regression loss: 0.17542 | Running loss: 0.15764
Epoch: 38 | Iteration: 600 | Classification loss: 0.01592 | Regression loss: 0.06461 | Running loss: 0.15466
Epoch: 38 | Iteration: 700 | Classification loss: 0.00151 | Regression loss: 0.01548 | Running loss: 0.15675
Epoch: 38 | Iteration: 800 | Classification loss: 0.02326 | Regression loss: 0.12721 | Running loss: 0.16004
Epoch: 38 | Iteration: 900 | Classification loss: 0.00957 | Regression loss: 0.18187 | Running loss: 0.15709
Epoch: 38 | Iteration: 1000 | Classification loss: 0.00575 | Regression loss: 0.07937 | Running loss: 0.15599
Epoch: 39 | Iteration: 0 | Classification loss: 0.00963 | Regression loss: 0.12271 | Running loss: 0.15709
Epoch: 39 | Iteration: 100 | Classification loss: 0.09216 | Regression loss: 0.18481 | Running loss: 0.15790
Epoch: 39 | Iteration: 200 | Classification loss: 0.00693 | Regression loss: 0.17378 | Running loss: 0.15504
Epoch: 39 | Iteration: 300 | Classification loss: 0.01409 | Regression loss: 0.08578 | Running loss: 0.15581
Epoch: 39 | Iteration: 400 | Classification loss: 0.04167 | Regression loss: 0.17786 | Running loss: 0.15959
Epoch: 39 | Iteration: 500 | Classification loss: 0.00903 | Regression loss: 0.06781 | Running loss: 0.16391
Epoch: 39 | Iteration: 600 | Classification loss: 0.04111 | Regression loss: 0.19251 | Running loss: 0.16205
Epoch: 39 | Iteration: 700 | Classification loss: 0.01850 | Regression loss: 0.15634 | Running loss: 0.16238
Epoch: 39 | Iteration: 800 | Classification loss: 0.02743 | Regression loss: 0.08480 | Running loss: 0.15883
Epoch: 39 | Iteration: 900 | Classification loss: 0.01059 | Regression loss: 0.07436 | Running loss: 0.15445
Epoch: 39 | Iteration: 1000 | Classification loss: 0.02242 | Regression loss: 0.10294 | Running loss: 0.14862
epoch_loss_list:
[1.3485985781381449, 1.0428863803115416, 0.9080038053372245, 0.8198696776755213, 0.7462012804457991, 0.6849284630972804, 0.6314117278258397, 0.5838938797640754, 0.5408082131853723, 0.5003792778772163, 0.47037841241044087, 0.4360208642837687, 0.4126990730324247, 0.3900142498974373, 0.3647483795749273, 0.34710889965603786, 0.3285140351531661, 0.3097159046291073, 0.300746954141522, 0.28417240203116234, 0.2706226208320577, 0.25768760743543623, 0.24772578569891768, 0.24061031865073354, 0.23440500140908782, 0.22438549321680146, 0.21360355310369372, 0.20982268031715878, 0.20265136179184234, 0.19518770426731763, 0.1902201386538928, 0.18584581637043712, 0.1828563255001241, 0.17607332579974877, 0.17221467088225964, 0.1696188291883111, 0.16682294164564254, 0.16123330928421925, 0.15749495586941356, 0.1559871606928421]
Evaluating dataset
Loading and preparing results...
DONE (t=0.11s)
creating index...
index created!
Running per image evaluation...
Evaluate annotation type *bbox*
DONE (t=1.21s).
Accumulating evaluation results...
DONE (t=0.37s).
 Average Precision  (AP) @[ IoU=0.50:0.95 | area=   all | maxDets=100 ] = 0.299
 Average Precision  (AP) @[ IoU=0.50      | area=   all | maxDets=100 ] = 0.568
 Average Precision  (AP) @[ IoU=0.75      | area=   all | maxDets=100 ] = 0.280
 Average Precision  (AP) @[ IoU=0.50:0.95 | area= small | maxDets=100 ] = 0.033
 Average Precision  (AP) @[ IoU=0.50:0.95 | area=medium | maxDets=100 ] = 0.144
 Average Precision  (AP) @[ IoU=0.50:0.95 | area= large | maxDets=100 ] = 0.374
 Average Recall     (AR) @[ IoU=0.50:0.95 | area=   all | maxDets=  1 ] = 0.328
 Average Recall     (AR) @[ IoU=0.50:0.95 | area=   all | maxDets= 10 ] = 0.408
 Average Recall     (AR) @[ IoU=0.50:0.95 | area=   all | maxDets=100 ] = 0.410
 Average Recall     (AR) @[ IoU=0.50:0.95 | area= small | maxDets=100 ] = 0.080
 Average Recall     (AR) @[ IoU=0.50:0.95 | area=medium | maxDets=100 ] = 0.252
 Average Recall     (AR) @[ IoU=0.50:0.95 | area= large | maxDets=100 ] = 0.492
Epoch: 40 | Iteration: 0 | Classification loss: 0.01071 | Regression loss: 0.18008 | Running loss: 0.14804
Epoch: 40 | Iteration: 100 | Classification loss: 0.00499 | Regression loss: 0.12328 | Running loss: 0.14810
Epoch: 40 | Iteration: 200 | Classification loss: 0.06910 | Regression loss: 0.23617 | Running loss: 0.15251
Epoch: 40 | Iteration: 300 | Classification loss: 0.00358 | Regression loss: 0.12207 | Running loss: 0.15411
Epoch: 40 | Iteration: 400 | Classification loss: 0.01178 | Regression loss: 0.15201 | Running loss: 0.15363
Epoch: 40 | Iteration: 500 | Classification loss: 0.00548 | Regression loss: 0.08863 | Running loss: 0.15642
Epoch: 40 | Iteration: 600 | Classification loss: 0.03232 | Regression loss: 0.11379 | Running loss: 0.15707
Epoch: 40 | Iteration: 700 | Classification loss: 0.00552 | Regression loss: 0.09901 | Running loss: 0.15480
Epoch: 40 | Iteration: 800 | Classification loss: 0.03384 | Regression loss: 0.18932 | Running loss: 0.14995
Epoch: 40 | Iteration: 900 | Classification loss: 0.01597 | Regression loss: 0.18825 | Running loss: 0.14867
Epoch: 40 | Iteration: 1000 | Classification loss: 0.00730 | Regression loss: 0.05625 | Running loss: 0.14602
Epoch: 41 | Iteration: 0 | Classification loss: 0.07422 | Regression loss: 0.16497 | Running loss: 0.14690
Epoch: 41 | Iteration: 100 | Classification loss: 0.01191 | Regression loss: 0.14258 | Running loss: 0.14670
Epoch: 41 | Iteration: 200 | Classification loss: 0.00836 | Regression loss: 0.09172 | Running loss: 0.14682
Epoch: 41 | Iteration: 300 | Classification loss: 0.00120 | Regression loss: 0.06618 | Running loss: 0.15128
Epoch: 41 | Iteration: 400 | Classification loss: 0.00388 | Regression loss: 0.09450 | Running loss: 0.14982
Epoch: 41 | Iteration: 500 | Classification loss: 0.10657 | Regression loss: 0.21237 | Running loss: 0.15004
Epoch: 41 | Iteration: 600 | Classification loss: 0.00743 | Regression loss: 0.04748 | Running loss: 0.15262
Epoch: 41 | Iteration: 700 | Classification loss: 0.02970 | Regression loss: 0.25899 | Running loss: 0.15249
Epoch: 41 | Iteration: 800 | Classification loss: 0.00798 | Regression loss: 0.07639 | Running loss: 0.15184
Epoch: 41 | Iteration: 900 | Classification loss: 0.01118 | Regression loss: 0.10354 | Running loss: 0.15188
Epoch: 41 | Iteration: 1000 | Classification loss: 0.01210 | Regression loss: 0.09836 | Running loss: 0.15174
Epoch: 42 | Iteration: 0 | Classification loss: 0.00350 | Regression loss: 0.09287 | Running loss: 0.15249
Epoch: 42 | Iteration: 100 | Classification loss: 0.00335 | Regression loss: 0.12740 | Running loss: 0.14870
Epoch: 42 | Iteration: 200 | Classification loss: 0.11579 | Regression loss: 0.26451 | Running loss: 0.14781
Epoch: 42 | Iteration: 300 | Classification loss: 0.00869 | Regression loss: 0.15015 | Running loss: 0.15239
Epoch: 42 | Iteration: 400 | Classification loss: 0.00083 | Regression loss: 0.04671 | Running loss: 0.14965
Epoch: 42 | Iteration: 500 | Classification loss: 0.08448 | Regression loss: 0.35315 | Running loss: 0.15005
Epoch: 42 | Iteration: 600 | Classification loss: 0.00400 | Regression loss: 0.07913 | Running loss: 0.14821
Epoch: 42 | Iteration: 700 | Classification loss: 0.00710 | Regression loss: 0.08125 | Running loss: 0.14512
Epoch: 42 | Iteration: 800 | Classification loss: 0.00669 | Regression loss: 0.07968 | Running loss: 0.13993
Epoch: 42 | Iteration: 900 | Classification loss: 0.01248 | Regression loss: 0.17394 | Running loss: 0.13828
Epoch: 42 | Iteration: 1000 | Classification loss: 0.10142 | Regression loss: 0.16222 | Running loss: 0.13710
Epoch: 43 | Iteration: 0 | Classification loss: 0.00746 | Regression loss: 0.11076 | Running loss: 0.13842
Epoch: 43 | Iteration: 100 | Classification loss: 0.00123 | Regression loss: 0.04129 | Running loss: 0.13896
Epoch: 43 | Iteration: 200 | Classification loss: 0.00883 | Regression loss: 0.05033 | Running loss: 0.13855
Epoch: 43 | Iteration: 300 | Classification loss: 0.01050 | Regression loss: 0.16019 | Running loss: 0.13978
Epoch: 43 | Iteration: 400 | Classification loss: 0.01171 | Regression loss: 0.09503 | Running loss: 0.14082
Epoch: 43 | Iteration: 500 | Classification loss: 0.09327 | Regression loss: 0.28557 | Running loss: 0.14125
Epoch: 43 | Iteration: 600 | Classification loss: 0.02225 | Regression loss: 0.24190 | Running loss: 0.14329
Epoch: 43 | Iteration: 700 | Classification loss: 0.00428 | Regression loss: 0.11122 | Running loss: 0.14168
Epoch: 43 | Iteration: 800 | Classification loss: 0.01057 | Regression loss: 0.11485 | Running loss: 0.14423
Epoch: 43 | Iteration: 900 | Classification loss: 0.00243 | Regression loss: 0.07541 | Running loss: 0.14800
Epoch: 43 | Iteration: 1000 | Classification loss: 0.00418 | Regression loss: 0.08295 | Running loss: 0.14909
Epoch: 44 | Iteration: 0 | Classification loss: 0.01350 | Regression loss: 0.06627 | Running loss: 0.14922
Epoch: 44 | Iteration: 100 | Classification loss: 0.08206 | Regression loss: 0.24781 | Running loss: 0.14717
Epoch: 44 | Iteration: 200 | Classification loss: 0.01868 | Regression loss: 0.11018 | Running loss: 0.14983
Epoch: 44 | Iteration: 300 | Classification loss: 0.00644 | Regression loss: 0.21332 | Running loss: 0.14605
Epoch: 44 | Iteration: 400 | Classification loss: 0.00274 | Regression loss: 0.05393 | Running loss: 0.14432
Epoch: 44 | Iteration: 500 | Classification loss: 0.02818 | Regression loss: 0.12621 | Running loss: 0.14118
Epoch: 44 | Iteration: 600 | Classification loss: 0.00959 | Regression loss: 0.09693 | Running loss: 0.14052
Epoch: 44 | Iteration: 700 | Classification loss: 0.15270 | Regression loss: 0.17688 | Running loss: 0.13894
Epoch: 44 | Iteration: 800 | Classification loss: 0.01930 | Regression loss: 0.07357 | Running loss: 0.14212
Epoch: 44 | Iteration: 900 | Classification loss: 0.01769 | Regression loss: 0.10726 | Running loss: 0.14316
Epoch: 44 | Iteration: 1000 | Classification loss: 0.00499 | Regression loss: 0.09346 | Running loss: 0.13995
Epoch: 45 | Iteration: 0 | Classification loss: 0.00461 | Regression loss: 0.06816 | Running loss: 0.13911
Epoch: 45 | Iteration: 100 | Classification loss: 0.01090 | Regression loss: 0.08349 | Running loss: 0.14026
Epoch: 45 | Iteration: 200 | Classification loss: 0.04492 | Regression loss: 0.28326 | Running loss: 0.13923
Epoch: 45 | Iteration: 300 | Classification loss: 0.01370 | Regression loss: 0.09446 | Running loss: 0.13536
Epoch: 45 | Iteration: 400 | Classification loss: 0.00609 | Regression loss: 0.06049 | Running loss: 0.13719
Epoch: 45 | Iteration: 500 | Classification loss: 0.00166 | Regression loss: 0.06216 | Running loss: 0.13900
Epoch: 45 | Iteration: 600 | Classification loss: 0.00550 | Regression loss: 0.08584 | Running loss: 0.14154
Epoch: 45 | Iteration: 700 | Classification loss: 0.00348 | Regression loss: 0.09032 | Running loss: 0.13885
Epoch: 45 | Iteration: 800 | Classification loss: 0.01109 | Regression loss: 0.05821 | Running loss: 0.13789
Epoch: 45 | Iteration: 900 | Classification loss: 0.01706 | Regression loss: 0.13546 | Running loss: 0.13441
Epoch: 45 | Iteration: 1000 | Classification loss: 0.01451 | Regression loss: 0.12394 | Running loss: 0.13536
Epoch: 46 | Iteration: 0 | Classification loss: 0.00208 | Regression loss: 0.08387 | Running loss: 0.13500
Epoch: 46 | Iteration: 100 | Classification loss: 0.00277 | Regression loss: 0.07108 | Running loss: 0.13236
Epoch: 46 | Iteration: 200 | Classification loss: 0.00469 | Regression loss: 0.08981 | Running loss: 0.13392
Epoch: 46 | Iteration: 300 | Classification loss: 0.00447 | Regression loss: 0.08142 | Running loss: 0.13521
Epoch: 46 | Iteration: 400 | Classification loss: 0.00679 | Regression loss: 0.08367 | Running loss: 0.13518
Epoch: 46 | Iteration: 500 | Classification loss: 0.00308 | Regression loss: 0.06713 | Running loss: 0.13516
Epoch: 46 | Iteration: 600 | Classification loss: 0.00242 | Regression loss: 0.08758 | Running loss: 0.13382
Epoch: 46 | Iteration: 700 | Classification loss: 0.10289 | Regression loss: 0.31933 | Running loss: 0.13471
Epoch: 46 | Iteration: 800 | Classification loss: 0.01247 | Regression loss: 0.18070 | Running loss: 0.13652
Epoch: 46 | Iteration: 900 | Classification loss: 0.00118 | Regression loss: 0.03955 | Running loss: 0.13637
Epoch: 46 | Iteration: 1000 | Classification loss: 0.00382 | Regression loss: 0.12877 | Running loss: 0.13346
Epoch: 47 | Iteration: 0 | Classification loss: 0.00858 | Regression loss: 0.10450 | Running loss: 0.13318
Epoch: 47 | Iteration: 100 | Classification loss: 0.00838 | Regression loss: 0.17864 | Running loss: 0.12962
Epoch: 47 | Iteration: 200 | Classification loss: 0.01008 | Regression loss: 0.11067 | Running loss: 0.13309
Epoch: 47 | Iteration: 300 | Classification loss: 0.00314 | Regression loss: 0.07367 | Running loss: 0.13014
Epoch: 47 | Iteration: 400 | Classification loss: 0.00659 | Regression loss: 0.10475 | Running loss: 0.13293
Epoch: 47 | Iteration: 500 | Classification loss: 0.01391 | Regression loss: 0.23509 | Running loss: 0.13430
Epoch: 47 | Iteration: 600 | Classification loss: 0.02520 | Regression loss: 0.25128 | Running loss: 0.13679
Epoch: 47 | Iteration: 700 | Classification loss: 0.00466 | Regression loss: 0.05141 | Running loss: 0.13254
Epoch: 47 | Iteration: 800 | Classification loss: 0.00521 | Regression loss: 0.05417 | Running loss: 0.13304
Epoch: 47 | Iteration: 900 | Classification loss: 0.02327 | Regression loss: 0.14139 | Running loss: 0.13191
Epoch: 47 | Iteration: 1000 | Classification loss: 0.01058 | Regression loss: 0.20458 | Running loss: 0.13359
Epoch: 48 | Iteration: 0 | Classification loss: 0.03478 | Regression loss: 0.16879 | Running loss: 0.13440
Epoch: 48 | Iteration: 100 | Classification loss: 0.00370 | Regression loss: 0.06963 | Running loss: 0.13217
Epoch: 48 | Iteration: 200 | Classification loss: 0.00458 | Regression loss: 0.15072 | Running loss: 0.13020
Epoch: 48 | Iteration: 300 | Classification loss: 0.00212 | Regression loss: 0.04508 | Running loss: 0.12645
Epoch: 48 | Iteration: 400 | Classification loss: 0.00249 | Regression loss: 0.07953 | Running loss: 0.12250
Epoch: 48 | Iteration: 500 | Classification loss: 0.01579 | Regression loss: 0.13442 | Running loss: 0.11567
Epoch: 48 | Iteration: 600 | Classification loss: 0.00238 | Regression loss: 0.05494 | Running loss: 0.11014
Epoch: 48 | Iteration: 700 | Classification loss: 0.01179 | Regression loss: 0.30032 | Running loss: 0.10956
Epoch: 48 | Iteration: 800 | Classification loss: 0.00617 | Regression loss: 0.14420 | Running loss: 0.10614
Epoch: 48 | Iteration: 900 | Classification loss: 0.00164 | Regression loss: 0.01302 | Running loss: 0.10514
Epoch: 48 | Iteration: 1000 | Classification loss: 0.00100 | Regression loss: 0.03770 | Running loss: 0.10366
Epoch: 49 | Iteration: 0 | Classification loss: 0.00542 | Regression loss: 0.06588 | Running loss: 0.10272
Epoch: 49 | Iteration: 100 | Classification loss: 0.00572 | Regression loss: 0.13874 | Running loss: 0.10339
Epoch: 49 | Iteration: 200 | Classification loss: 0.00285 | Regression loss: 0.06807 | Running loss: 0.09915
Epoch: 49 | Iteration: 300 | Classification loss: 0.02053 | Regression loss: 0.10295 | Running loss: 0.09570
Epoch: 49 | Iteration: 400 | Classification loss: 0.01626 | Regression loss: 0.08940 | Running loss: 0.09336
Epoch: 49 | Iteration: 500 | Classification loss: 0.00663 | Regression loss: 0.10686 | Running loss: 0.09061
Epoch: 49 | Iteration: 600 | Classification loss: 0.00130 | Regression loss: 0.04422 | Running loss: 0.09272
Epoch: 49 | Iteration: 700 | Classification loss: 0.00530 | Regression loss: 0.08662 | Running loss: 0.09280
Epoch: 49 | Iteration: 800 | Classification loss: 0.00323 | Regression loss: 0.05901 | Running loss: 0.09302
Epoch: 49 | Iteration: 900 | Classification loss: 0.00217 | Regression loss: 0.09821 | Running loss: 0.09393
Epoch: 49 | Iteration: 1000 | Classification loss: 0.00138 | Regression loss: 0.02616 | Running loss: 0.09528
epoch_loss_list:
[1.3485985781381449, 1.0428863803115416, 0.9080038053372245, 0.8198696776755213, 0.7462012804457991, 0.6849284630972804, 0.6314117278258397, 0.5838938797640754, 0.5408082131853723, 0.5003792778772163, 0.47037841241044087, 0.4360208642837687, 0.4126990730324247, 0.3900142498974373, 0.3647483795749273, 0.34710889965603786, 0.3285140351531661, 0.3097159046291073, 0.300746954141522, 0.28417240203116234, 0.2706226208320577, 0.25768760743543623, 0.24772578569891768, 0.24061031865073354, 0.23440500140908782, 0.22438549321680146, 0.21360355310369372, 0.20982268031715878, 0.20265136179184234, 0.19518770426731763, 0.1902201386538928, 0.18584581637043712, 0.1828563255001241, 0.17607332579974877, 0.17221467088225964, 0.1696188291883111, 0.16682294164564254, 0.16123330928421925, 0.15749495586941356, 0.1559871606928421, 0.15146176567792483, 0.15084946997955032, 0.14413518245390608, 0.14543778893141823, 0.14053164449095082, 0.1371312429926791, 0.13400624088547008, 0.13404743663057334, 0.10965902876387548, 0.09319095793326833]
Evaluating dataset
Loading and preparing results...
DONE (t=0.08s)
creating index...
index created!
Running per image evaluation...
Evaluate annotation type *bbox*
DONE (t=1.01s).
Accumulating evaluation results...
DONE (t=0.32s).
 Average Precision  (AP) @[ IoU=0.50:0.95 | area=   all | maxDets=100 ] = 0.315
 Average Precision  (AP) @[ IoU=0.50      | area=   all | maxDets=100 ] = 0.583
 Average Precision  (AP) @[ IoU=0.75      | area=   all | maxDets=100 ] = 0.307
 Average Precision  (AP) @[ IoU=0.50:0.95 | area= small | maxDets=100 ] = 0.031
 Average Precision  (AP) @[ IoU=0.50:0.95 | area=medium | maxDets=100 ] = 0.154
 Average Precision  (AP) @[ IoU=0.50:0.95 | area= large | maxDets=100 ] = 0.392
 Average Recall     (AR) @[ IoU=0.50:0.95 | area=   all | maxDets=  1 ] = 0.341
 Average Recall     (AR) @[ IoU=0.50:0.95 | area=   all | maxDets= 10 ] = 0.413
 Average Recall     (AR) @[ IoU=0.50:0.95 | area=   all | maxDets=100 ] = 0.414
 Average Recall     (AR) @[ IoU=0.50:0.95 | area= small | maxDets=100 ] = 0.050
 Average Recall     (AR) @[ IoU=0.50:0.95 | area=medium | maxDets=100 ] = 0.246
 Average Recall     (AR) @[ IoU=0.50:0.95 | area= large | maxDets=100 ] = 0.501
epoch_loss_list:
[1.3485985781381449, 1.0428863803115416, 0.9080038053372245, 0.8198696776755213, 0.7462012804457991, 0.6849284630972804, 0.6314117278258397, 0.5838938797640754, 0.5408082131853723, 0.5003792778772163, 0.47037841241044087, 0.4360208642837687, 0.4126990730324247, 0.3900142498974373, 0.3647483795749273, 0.34710889965603786, 0.3285140351531661, 0.3097159046291073, 0.300746954141522, 0.28417240203116234, 0.2706226208320577, 0.25768760743543623, 0.24772578569891768, 0.24061031865073354, 0.23440500140908782, 0.22438549321680146, 0.21360355310369372, 0.20982268031715878, 0.20265136179184234, 0.19518770426731763, 0.1902201386538928, 0.18584581637043712, 0.1828563255001241, 0.17607332579974877, 0.17221467088225964, 0.1696188291883111, 0.16682294164564254, 0.16123330928421925, 0.15749495586941356, 0.1559871606928421, 0.15146176567792483, 0.15084946997955032, 0.14413518245390608, 0.14543778893141823, 0.14053164449095082, 0.1371312429926791, 0.13400624088547008, 0.13404743663057334, 0.10965902876387548, 0.09319095793326833]
