loading annotations into memory...
Done (t=0.02s)
creating index...
index created!
loading annotations into memory...
Done (t=0.01s)
creating index...
index created!
Num training images: 2031
Epoch: 0 | Iteration: 0 | Classification loss: 1.14861 | Regression loss: 0.98367 | Running loss: 2.13228
Epoch: 0 | Iteration: 100 | Classification loss: 0.71758 | Regression loss: 0.95442 | Running loss: 1.90017
Epoch: 0 | Iteration: 200 | Classification loss: 1.17547 | Regression loss: 0.46739 | Running loss: 1.78285
Epoch: 0 | Iteration: 300 | Classification loss: 1.00080 | Regression loss: 0.94792 | Running loss: 1.72439
Epoch: 0 | Iteration: 400 | Classification loss: 0.74285 | Regression loss: 0.78200 | Running loss: 1.66736
Epoch: 0 | Iteration: 500 | Classification loss: 1.13877 | Regression loss: 0.47315 | Running loss: 1.63386
Epoch: 0 | Iteration: 600 | Classification loss: 0.61048 | Regression loss: 0.93918 | Running loss: 1.54354
Epoch: 0 | Iteration: 700 | Classification loss: 0.65286 | Regression loss: 0.93971 | Running loss: 1.48641
Epoch: 0 | Iteration: 800 | Classification loss: 0.77151 | Regression loss: 0.46096 | Running loss: 1.43623
Epoch: 0 | Iteration: 900 | Classification loss: 0.43952 | Regression loss: 0.58468 | Running loss: 1.40685
Epoch: 0 | Iteration: 1000 | Classification loss: 0.49957 | Regression loss: 0.44819 | Running loss: 1.38401
Epoch: 1 | Iteration: 0 | Classification loss: 0.87643 | Regression loss: 0.28590 | Running loss: 1.37556
Epoch: 1 | Iteration: 100 | Classification loss: 0.61528 | Regression loss: 0.59635 | Running loss: 1.35566
Epoch: 1 | Iteration: 200 | Classification loss: 0.69549 | Regression loss: 0.92731 | Running loss: 1.32724
Epoch: 1 | Iteration: 300 | Classification loss: 0.56486 | Regression loss: 0.68106 | Running loss: 1.31127
Epoch: 1 | Iteration: 400 | Classification loss: 0.24718 | Regression loss: 0.51362 | Running loss: 1.29153
Epoch: 1 | Iteration: 500 | Classification loss: 0.51459 | Regression loss: 0.67509 | Running loss: 1.26752
Epoch: 1 | Iteration: 600 | Classification loss: 1.16484 | Regression loss: 0.17939 | Running loss: 1.24766
Epoch: 1 | Iteration: 700 | Classification loss: 0.60510 | Regression loss: 0.71984 | Running loss: 1.24120
Epoch: 1 | Iteration: 800 | Classification loss: 0.64124 | Regression loss: 0.68753 | Running loss: 1.22883
Epoch: 1 | Iteration: 900 | Classification loss: 0.82787 | Regression loss: 0.68070 | Running loss: 1.23090
Epoch: 1 | Iteration: 1000 | Classification loss: 0.55410 | Regression loss: 0.69665 | Running loss: 1.20927
Epoch: 2 | Iteration: 0 | Classification loss: 0.53186 | Regression loss: 0.71830 | Running loss: 1.20396
Epoch: 2 | Iteration: 100 | Classification loss: 0.60943 | Regression loss: 0.70087 | Running loss: 1.17072
Epoch: 2 | Iteration: 200 | Classification loss: 0.61053 | Regression loss: 0.67181 | Running loss: 1.15625
Epoch: 2 | Iteration: 300 | Classification loss: 1.34933 | Regression loss: 0.25758 | Running loss: 1.12030
Epoch: 2 | Iteration: 400 | Classification loss: 0.43307 | Regression loss: 0.73627 | Running loss: 1.08683
Epoch: 2 | Iteration: 500 | Classification loss: 0.26059 | Regression loss: 0.40990 | Running loss: 1.08172
Epoch: 2 | Iteration: 600 | Classification loss: 0.47613 | Regression loss: 0.57565 | Running loss: 1.09440
Epoch: 2 | Iteration: 700 | Classification loss: 0.89729 | Regression loss: 0.93928 | Running loss: 1.08289
Epoch: 2 | Iteration: 800 | Classification loss: 0.70064 | Regression loss: 0.76559 | Running loss: 1.08229
Epoch: 2 | Iteration: 900 | Classification loss: 0.30705 | Regression loss: 0.22360 | Running loss: 1.07113
Epoch: 2 | Iteration: 1000 | Classification loss: 0.47492 | Regression loss: 0.46451 | Running loss: 1.06618
Epoch: 3 | Iteration: 0 | Classification loss: 0.31777 | Regression loss: 0.37257 | Running loss: 1.06129
Epoch: 3 | Iteration: 100 | Classification loss: 0.40602 | Regression loss: 0.53689 | Running loss: 1.03504
Epoch: 3 | Iteration: 200 | Classification loss: 0.32908 | Regression loss: 0.54068 | Running loss: 1.02961
Epoch: 3 | Iteration: 300 | Classification loss: 0.36551 | Regression loss: 0.22932 | Running loss: 1.00633
Epoch: 3 | Iteration: 400 | Classification loss: 0.28786 | Regression loss: 0.29437 | Running loss: 1.00095
Epoch: 3 | Iteration: 500 | Classification loss: 0.33970 | Regression loss: 0.55847 | Running loss: 0.97903
Epoch: 3 | Iteration: 600 | Classification loss: 0.32602 | Regression loss: 0.60288 | Running loss: 0.98112
Epoch: 3 | Iteration: 700 | Classification loss: 0.27986 | Regression loss: 0.43854 | Running loss: 0.97203
Epoch: 3 | Iteration: 800 | Classification loss: 0.39155 | Regression loss: 0.54340 | Running loss: 0.98901
Epoch: 3 | Iteration: 900 | Classification loss: 0.54787 | Regression loss: 0.80417 | Running loss: 0.99661
Epoch: 3 | Iteration: 1000 | Classification loss: 0.47246 | Regression loss: 0.63214 | Running loss: 0.99776
Epoch: 4 | Iteration: 0 | Classification loss: 0.44648 | Regression loss: 0.54414 | Running loss: 1.00060
Epoch: 4 | Iteration: 100 | Classification loss: 0.46768 | Regression loss: 0.67113 | Running loss: 0.97720
Epoch: 4 | Iteration: 200 | Classification loss: 0.28577 | Regression loss: 0.27354 | Running loss: 0.97550
Epoch: 4 | Iteration: 300 | Classification loss: 0.38782 | Regression loss: 0.45210 | Running loss: 0.94738
Epoch: 4 | Iteration: 400 | Classification loss: 0.67122 | Regression loss: 0.93224 | Running loss: 0.91890
Epoch: 4 | Iteration: 500 | Classification loss: 0.32962 | Regression loss: 0.46328 | Running loss: 0.90870
Epoch: 4 | Iteration: 600 | Classification loss: 0.24025 | Regression loss: 0.28414 | Running loss: 0.90121
Epoch: 4 | Iteration: 700 | Classification loss: 0.28460 | Regression loss: 0.27287 | Running loss: 0.90994
Epoch: 4 | Iteration: 800 | Classification loss: 0.82142 | Regression loss: 0.85652 | Running loss: 0.91236
Epoch: 4 | Iteration: 900 | Classification loss: 0.44571 | Regression loss: 0.67080 | Running loss: 0.91769
Epoch: 4 | Iteration: 1000 | Classification loss: 0.52875 | Regression loss: 0.70442 | Running loss: 0.90903
Epoch: 5 | Iteration: 0 | Classification loss: 0.36641 | Regression loss: 0.58569 | Running loss: 0.90935
Epoch: 5 | Iteration: 100 | Classification loss: 0.54638 | Regression loss: 0.86598 | Running loss: 0.91053
Epoch: 5 | Iteration: 200 | Classification loss: 0.27715 | Regression loss: 0.30803 | Running loss: 0.87594
Epoch: 5 | Iteration: 300 | Classification loss: 0.24689 | Regression loss: 0.27453 | Running loss: 0.86415
Epoch: 5 | Iteration: 400 | Classification loss: 0.46834 | Regression loss: 0.19031 | Running loss: 0.85874
Epoch: 5 | Iteration: 500 | Classification loss: 0.24085 | Regression loss: 0.48695 | Running loss: 0.85296
Epoch: 5 | Iteration: 600 | Classification loss: 0.39745 | Regression loss: 0.48343 | Running loss: 0.85362
Epoch: 5 | Iteration: 700 | Classification loss: 0.56141 | Regression loss: 0.72445 | Running loss: 0.85200
Epoch: 5 | Iteration: 800 | Classification loss: 0.44103 | Regression loss: 0.38765 | Running loss: 0.84807
Epoch: 5 | Iteration: 900 | Classification loss: 0.31035 | Regression loss: 0.65683 | Running loss: 0.83698
Epoch: 5 | Iteration: 1000 | Classification loss: 0.44898 | Regression loss: 0.60232 | Running loss: 0.85036
Epoch: 6 | Iteration: 0 | Classification loss: 0.24703 | Regression loss: 0.44473 | Running loss: 0.84912
Epoch: 6 | Iteration: 100 | Classification loss: 0.41605 | Regression loss: 0.23212 | Running loss: 0.83119
Epoch: 6 | Iteration: 200 | Classification loss: 0.33768 | Regression loss: 0.45562 | Running loss: 0.82260
Epoch: 6 | Iteration: 300 | Classification loss: 0.26794 | Regression loss: 0.28651 | Running loss: 0.81543
Epoch: 6 | Iteration: 400 | Classification loss: 0.50153 | Regression loss: 0.67566 | Running loss: 0.81348
Epoch: 6 | Iteration: 500 | Classification loss: 0.25930 | Regression loss: 0.24303 | Running loss: 0.78864
Epoch: 6 | Iteration: 600 | Classification loss: 0.35606 | Regression loss: 0.74428 | Running loss: 0.80671
Epoch: 6 | Iteration: 700 | Classification loss: 0.26994 | Regression loss: 0.35988 | Running loss: 0.81408
Epoch: 6 | Iteration: 800 | Classification loss: 0.52409 | Regression loss: 0.44135 | Running loss: 0.80788
Epoch: 6 | Iteration: 900 | Classification loss: 0.42743 | Regression loss: 0.45090 | Running loss: 0.79955
Epoch: 6 | Iteration: 1000 | Classification loss: 0.31106 | Regression loss: 0.29271 | Running loss: 0.80140
Epoch: 7 | Iteration: 0 | Classification loss: 0.28326 | Regression loss: 0.42103 | Running loss: 0.79530
Epoch: 7 | Iteration: 100 | Classification loss: 0.39450 | Regression loss: 0.43210 | Running loss: 0.76494
Epoch: 7 | Iteration: 200 | Classification loss: 0.23888 | Regression loss: 0.21108 | Running loss: 0.76261
Epoch: 7 | Iteration: 300 | Classification loss: 0.23727 | Regression loss: 0.32492 | Running loss: 0.75396
Epoch: 7 | Iteration: 400 | Classification loss: 0.29457 | Regression loss: 0.45056 | Running loss: 0.74198
Epoch: 7 | Iteration: 500 | Classification loss: 0.28797 | Regression loss: 0.66227 | Running loss: 0.74634
Epoch: 7 | Iteration: 600 | Classification loss: 0.24364 | Regression loss: 0.35481 | Running loss: 0.75644
Epoch: 7 | Iteration: 700 | Classification loss: 0.29982 | Regression loss: 0.37547 | Running loss: 0.74543
Epoch: 7 | Iteration: 800 | Classification loss: 0.27804 | Regression loss: 0.39598 | Running loss: 0.73920
Epoch: 7 | Iteration: 900 | Classification loss: 0.54571 | Regression loss: 0.75480 | Running loss: 0.73946
Epoch: 7 | Iteration: 1000 | Classification loss: 0.25265 | Regression loss: 0.30130 | Running loss: 0.73357
Epoch: 8 | Iteration: 0 | Classification loss: 0.37464 | Regression loss: 0.45852 | Running loss: 0.73720
Epoch: 8 | Iteration: 100 | Classification loss: 0.19911 | Regression loss: 0.25019 | Running loss: 0.72629
Epoch: 8 | Iteration: 200 | Classification loss: 0.45854 | Regression loss: 0.46372 | Running loss: 0.72280
Epoch: 8 | Iteration: 300 | Classification loss: 0.38040 | Regression loss: 0.57392 | Running loss: 0.72597
Epoch: 8 | Iteration: 400 | Classification loss: 0.33174 | Regression loss: 0.32677 | Running loss: 0.70856
Epoch: 8 | Iteration: 500 | Classification loss: 0.33821 | Regression loss: 0.41396 | Running loss: 0.70324
Epoch: 8 | Iteration: 600 | Classification loss: 0.19985 | Regression loss: 0.49480 | Running loss: 0.70793
Epoch: 8 | Iteration: 700 | Classification loss: 0.25362 | Regression loss: 0.33123 | Running loss: 0.72366
Epoch: 8 | Iteration: 800 | Classification loss: 0.33434 | Regression loss: 0.39166 | Running loss: 0.71538
Epoch: 8 | Iteration: 900 | Classification loss: 0.51740 | Regression loss: 0.47901 | Running loss: 0.71945
Epoch: 8 | Iteration: 1000 | Classification loss: 0.23701 | Regression loss: 0.73419 | Running loss: 0.70601
Epoch: 9 | Iteration: 0 | Classification loss: 0.42991 | Regression loss: 0.51179 | Running loss: 0.70580
Epoch: 9 | Iteration: 100 | Classification loss: 0.46016 | Regression loss: 0.48494 | Running loss: 0.68290
Epoch: 9 | Iteration: 200 | Classification loss: 0.27049 | Regression loss: 0.24952 | Running loss: 0.65959
Epoch: 9 | Iteration: 300 | Classification loss: 0.25774 | Regression loss: 0.30308 | Running loss: 0.65575
Epoch: 9 | Iteration: 400 | Classification loss: 0.43372 | Regression loss: 0.64365 | Running loss: 0.64591
Epoch: 9 | Iteration: 500 | Classification loss: 0.21291 | Regression loss: 0.20323 | Running loss: 0.63276
Epoch: 9 | Iteration: 600 | Classification loss: 0.16617 | Regression loss: 0.25306 | Running loss: 0.63502
Epoch: 9 | Iteration: 700 | Classification loss: 0.28934 | Regression loss: 0.29855 | Running loss: 0.63892
Epoch: 9 | Iteration: 800 | Classification loss: 0.18120 | Regression loss: 0.29612 | Running loss: 0.64025
Epoch: 9 | Iteration: 900 | Classification loss: 0.28232 | Regression loss: 0.40577 | Running loss: 0.63963
Epoch: 9 | Iteration: 1000 | Classification loss: 0.08807 | Regression loss: 0.20057 | Running loss: 0.63895
epoch_loss_list:
[1.5048140184147152, 1.2349607245776597, 1.073891547633203, 0.9884104395475913, 0.9092650648323805, 0.8510473793533844, 0.7926415143402543, 0.7423024437001605, 0.7050704459887086, 0.6359834200519277]
Evaluating dataset
Loading and preparing results...
DONE (t=0.91s)
creating index...
index created!
Running per image evaluation...
Evaluate annotation type *bbox*
DONE (t=4.14s).
Accumulating evaluation results...
DONE (t=1.70s).
 Average Precision  (AP) @[ IoU=0.50:0.95 | area=   all | maxDets=100 ] = 0.212
 Average Precision  (AP) @[ IoU=0.50      | area=   all | maxDets=100 ] = 0.397
 Average Precision  (AP) @[ IoU=0.75      | area=   all | maxDets=100 ] = 0.211
 Average Precision  (AP) @[ IoU=0.50:0.95 | area= small | maxDets=100 ] = 0.072
 Average Precision  (AP) @[ IoU=0.50:0.95 | area=medium | maxDets=100 ] = 0.103
 Average Precision  (AP) @[ IoU=0.50:0.95 | area= large | maxDets=100 ] = 0.270
 Average Recall     (AR) @[ IoU=0.50:0.95 | area=   all | maxDets=  1 ] = 0.310
 Average Recall     (AR) @[ IoU=0.50:0.95 | area=   all | maxDets= 10 ] = 0.447
 Average Recall     (AR) @[ IoU=0.50:0.95 | area=   all | maxDets=100 ] = 0.482
 Average Recall     (AR) @[ IoU=0.50:0.95 | area= small | maxDets=100 ] = 0.144
 Average Recall     (AR) @[ IoU=0.50:0.95 | area=medium | maxDets=100 ] = 0.350
 Average Recall     (AR) @[ IoU=0.50:0.95 | area= large | maxDets=100 ] = 0.553
Epoch: 10 | Iteration: 0 | Classification loss: 0.20950 | Regression loss: 0.27090 | Running loss: 0.63980
Epoch: 10 | Iteration: 100 | Classification loss: 0.40097 | Regression loss: 0.28356 | Running loss: 0.63341
Epoch: 10 | Iteration: 200 | Classification loss: 0.19397 | Regression loss: 0.25818 | Running loss: 0.61874
Epoch: 10 | Iteration: 300 | Classification loss: 0.45906 | Regression loss: 0.18412 | Running loss: 0.60405
Epoch: 10 | Iteration: 400 | Classification loss: 0.59487 | Regression loss: 0.48207 | Running loss: 0.59703
Epoch: 10 | Iteration: 500 | Classification loss: 0.23382 | Regression loss: 0.29598 | Running loss: 0.59621
Epoch: 10 | Iteration: 600 | Classification loss: 0.87954 | Regression loss: 0.88425 | Running loss: 0.59742
Epoch: 10 | Iteration: 700 | Classification loss: 0.35204 | Regression loss: 0.42035 | Running loss: 0.59979
Epoch: 10 | Iteration: 800 | Classification loss: 0.19152 | Regression loss: 0.16339 | Running loss: 0.59745
Epoch: 10 | Iteration: 900 | Classification loss: 0.21465 | Regression loss: 0.22331 | Running loss: 0.60285
Epoch: 10 | Iteration: 1000 | Classification loss: 0.20906 | Regression loss: 0.44920 | Running loss: 0.60421
Epoch: 11 | Iteration: 0 | Classification loss: 0.30180 | Regression loss: 0.41468 | Running loss: 0.60974
Epoch: 11 | Iteration: 100 | Classification loss: 0.24411 | Regression loss: 0.26526 | Running loss: 0.60093
Epoch: 11 | Iteration: 200 | Classification loss: 0.34428 | Regression loss: 0.20692 | Running loss: 0.59269
Epoch: 11 | Iteration: 300 | Classification loss: 0.21360 | Regression loss: 0.17019 | Running loss: 0.58917
Epoch: 11 | Iteration: 400 | Classification loss: 0.25916 | Regression loss: 0.34382 | Running loss: 0.57640
Epoch: 11 | Iteration: 500 | Classification loss: 0.35601 | Regression loss: 0.50650 | Running loss: 0.56409
Epoch: 11 | Iteration: 600 | Classification loss: 0.23819 | Regression loss: 0.18719 | Running loss: 0.55762
Epoch: 11 | Iteration: 700 | Classification loss: 0.16134 | Regression loss: 0.33856 | Running loss: 0.55388
Epoch: 11 | Iteration: 800 | Classification loss: 0.18117 | Regression loss: 0.17831 | Running loss: 0.56086
Epoch: 11 | Iteration: 900 | Classification loss: 0.67382 | Regression loss: 0.65720 | Running loss: 0.56023
Epoch: 11 | Iteration: 1000 | Classification loss: 0.23241 | Regression loss: 0.18422 | Running loss: 0.56258
Epoch: 12 | Iteration: 0 | Classification loss: 0.27758 | Regression loss: 0.28455 | Running loss: 0.56307
Epoch: 12 | Iteration: 100 | Classification loss: 0.14497 | Regression loss: 0.19408 | Running loss: 0.55887
Epoch: 12 | Iteration: 200 | Classification loss: 0.07193 | Regression loss: 0.23965 | Running loss: 0.54924
Epoch: 12 | Iteration: 300 | Classification loss: 0.15099 | Regression loss: 0.25997 | Running loss: 0.54074
Epoch: 12 | Iteration: 400 | Classification loss: 0.19413 | Regression loss: 0.46065 | Running loss: 0.52744
Epoch: 12 | Iteration: 500 | Classification loss: 0.20279 | Regression loss: 0.13605 | Running loss: 0.51866
Epoch: 12 | Iteration: 600 | Classification loss: 0.37125 | Regression loss: 0.30040 | Running loss: 0.51852
Epoch: 12 | Iteration: 700 | Classification loss: 1.08935 | Regression loss: 0.41975 | Running loss: 0.51835
Epoch: 12 | Iteration: 800 | Classification loss: 0.13825 | Regression loss: 0.20926 | Running loss: 0.51570
Epoch: 12 | Iteration: 900 | Classification loss: 0.25141 | Regression loss: 0.31842 | Running loss: 0.52588
Epoch: 12 | Iteration: 1000 | Classification loss: 0.13483 | Regression loss: 0.31170 | Running loss: 0.52444
Epoch: 13 | Iteration: 0 | Classification loss: 0.14861 | Regression loss: 0.18430 | Running loss: 0.52544
Epoch: 13 | Iteration: 100 | Classification loss: 0.14215 | Regression loss: 0.15199 | Running loss: 0.51103
Epoch: 13 | Iteration: 200 | Classification loss: 0.10822 | Regression loss: 0.25858 | Running loss: 0.51301
Epoch: 13 | Iteration: 300 | Classification loss: 0.12256 | Regression loss: 0.24469 | Running loss: 0.50106
Epoch: 13 | Iteration: 400 | Classification loss: 0.18920 | Regression loss: 0.25821 | Running loss: 0.50763
Epoch: 13 | Iteration: 500 | Classification loss: 0.06667 | Regression loss: 0.11684 | Running loss: 0.49645
Epoch: 13 | Iteration: 600 | Classification loss: 0.42906 | Regression loss: 0.39547 | Running loss: 0.49914
Epoch: 13 | Iteration: 700 | Classification loss: 0.32794 | Regression loss: 0.53014 | Running loss: 0.49586
Epoch: 13 | Iteration: 800 | Classification loss: 0.43800 | Regression loss: 0.18827 | Running loss: 0.50741
Epoch: 13 | Iteration: 900 | Classification loss: 0.16479 | Regression loss: 0.41759 | Running loss: 0.49465
Epoch: 13 | Iteration: 1000 | Classification loss: 0.30309 | Regression loss: 0.34843 | Running loss: 0.49207
Epoch: 14 | Iteration: 0 | Classification loss: 0.25611 | Regression loss: 0.44649 | Running loss: 0.49296
Epoch: 14 | Iteration: 100 | Classification loss: 0.07501 | Regression loss: 0.07555 | Running loss: 0.49057
Epoch: 14 | Iteration: 200 | Classification loss: 0.39618 | Regression loss: 0.68045 | Running loss: 0.47696
Epoch: 14 | Iteration: 300 | Classification loss: 0.22010 | Regression loss: 0.19506 | Running loss: 0.46067
Epoch: 14 | Iteration: 400 | Classification loss: 0.24106 | Regression loss: 0.30815 | Running loss: 0.45674
Epoch: 14 | Iteration: 500 | Classification loss: 0.18847 | Regression loss: 0.17832 | Running loss: 0.46146
Epoch: 14 | Iteration: 600 | Classification loss: 0.17991 | Regression loss: 0.37443 | Running loss: 0.45999
Epoch: 14 | Iteration: 700 | Classification loss: 0.15546 | Regression loss: 0.22743 | Running loss: 0.47036
Epoch: 14 | Iteration: 800 | Classification loss: 0.35180 | Regression loss: 0.36343 | Running loss: 0.46636
Epoch: 14 | Iteration: 900 | Classification loss: 0.07775 | Regression loss: 0.30555 | Running loss: 0.46955
Epoch: 14 | Iteration: 1000 | Classification loss: 0.11824 | Regression loss: 0.11692 | Running loss: 0.45877
Epoch: 15 | Iteration: 0 | Classification loss: 0.14526 | Regression loss: 0.08457 | Running loss: 0.45786
Epoch: 15 | Iteration: 100 | Classification loss: 0.15577 | Regression loss: 0.32926 | Running loss: 0.45166
Epoch: 15 | Iteration: 200 | Classification loss: 0.07942 | Regression loss: 0.11184 | Running loss: 0.44005
Epoch: 15 | Iteration: 300 | Classification loss: 0.17270 | Regression loss: 0.28666 | Running loss: 0.43776
Epoch: 15 | Iteration: 400 | Classification loss: 0.15554 | Regression loss: 0.26704 | Running loss: 0.43438
Epoch: 15 | Iteration: 500 | Classification loss: 0.18920 | Regression loss: 0.37732 | Running loss: 0.42629
Epoch: 15 | Iteration: 600 | Classification loss: 0.03550 | Regression loss: 0.14653 | Running loss: 0.42527
Epoch: 15 | Iteration: 700 | Classification loss: 0.04169 | Regression loss: 0.16934 | Running loss: 0.42589
Epoch: 15 | Iteration: 800 | Classification loss: 0.27957 | Regression loss: 0.43387 | Running loss: 0.43011
Epoch: 15 | Iteration: 900 | Classification loss: 0.27194 | Regression loss: 0.38194 | Running loss: 0.42859
Epoch: 15 | Iteration: 1000 | Classification loss: 0.11466 | Regression loss: 0.30791 | Running loss: 0.43586
Epoch: 16 | Iteration: 0 | Classification loss: 0.05153 | Regression loss: 0.15113 | Running loss: 0.43208
Epoch: 16 | Iteration: 100 | Classification loss: 0.34422 | Regression loss: 0.47213 | Running loss: 0.42540
Epoch: 16 | Iteration: 200 | Classification loss: 0.42414 | Regression loss: 0.52209 | Running loss: 0.42290
Epoch: 16 | Iteration: 300 | Classification loss: 0.22795 | Regression loss: 0.14394 | Running loss: 0.40756
Epoch: 16 | Iteration: 400 | Classification loss: 0.12025 | Regression loss: 0.14577 | Running loss: 0.40717
Epoch: 16 | Iteration: 500 | Classification loss: 0.28763 | Regression loss: 0.23351 | Running loss: 0.40386
Epoch: 16 | Iteration: 600 | Classification loss: 0.06564 | Regression loss: 0.12158 | Running loss: 0.40802
Epoch: 16 | Iteration: 700 | Classification loss: 0.20477 | Regression loss: 0.39073 | Running loss: 0.41396
Epoch: 16 | Iteration: 800 | Classification loss: 0.27048 | Regression loss: 0.19763 | Running loss: 0.42015
Epoch: 16 | Iteration: 900 | Classification loss: 0.14818 | Regression loss: 0.35804 | Running loss: 0.42072
Epoch: 16 | Iteration: 1000 | Classification loss: 0.06034 | Regression loss: 0.13972 | Running loss: 0.41394
Epoch: 17 | Iteration: 0 | Classification loss: 0.11027 | Regression loss: 0.12509 | Running loss: 0.41221
Epoch: 17 | Iteration: 100 | Classification loss: 0.04132 | Regression loss: 0.14924 | Running loss: 0.40486
Epoch: 17 | Iteration: 200 | Classification loss: 0.33892 | Regression loss: 0.27284 | Running loss: 0.40242
Epoch: 17 | Iteration: 300 | Classification loss: 0.19945 | Regression loss: 0.44539 | Running loss: 0.40359
Epoch: 17 | Iteration: 400 | Classification loss: 0.19194 | Regression loss: 0.37382 | Running loss: 0.39377
Epoch: 17 | Iteration: 500 | Classification loss: 0.09659 | Regression loss: 0.16200 | Running loss: 0.38502
Epoch: 17 | Iteration: 600 | Classification loss: 0.03031 | Regression loss: 0.19954 | Running loss: 0.38316
Epoch: 17 | Iteration: 700 | Classification loss: 0.77229 | Regression loss: 0.31104 | Running loss: 0.37649
Epoch: 17 | Iteration: 800 | Classification loss: 0.08555 | Regression loss: 0.32147 | Running loss: 0.37468
Epoch: 17 | Iteration: 900 | Classification loss: 0.10005 | Regression loss: 0.31612 | Running loss: 0.37552
Epoch: 17 | Iteration: 1000 | Classification loss: 0.32062 | Regression loss: 0.13876 | Running loss: 0.38643
Epoch: 18 | Iteration: 0 | Classification loss: 0.37060 | Regression loss: 0.43219 | Running loss: 0.39046
Epoch: 18 | Iteration: 100 | Classification loss: 0.26737 | Regression loss: 0.33911 | Running loss: 0.38110
Epoch: 18 | Iteration: 200 | Classification loss: 0.06881 | Regression loss: 0.11702 | Running loss: 0.37822
Epoch: 18 | Iteration: 300 | Classification loss: 0.08771 | Regression loss: 0.10694 | Running loss: 0.37532
Epoch: 18 | Iteration: 400 | Classification loss: 0.12892 | Regression loss: 0.27650 | Running loss: 0.36487
Epoch: 18 | Iteration: 500 | Classification loss: 0.29619 | Regression loss: 0.26934 | Running loss: 0.36287
Epoch: 18 | Iteration: 600 | Classification loss: 0.15749 | Regression loss: 0.22585 | Running loss: 0.36057
Epoch: 18 | Iteration: 700 | Classification loss: 0.02548 | Regression loss: 0.18788 | Running loss: 0.36545
Epoch: 18 | Iteration: 800 | Classification loss: 0.19697 | Regression loss: 0.44877 | Running loss: 0.36020
Epoch: 18 | Iteration: 900 | Classification loss: 0.05749 | Regression loss: 0.11803 | Running loss: 0.36115
Epoch: 18 | Iteration: 1000 | Classification loss: 0.12186 | Regression loss: 0.11545 | Running loss: 0.35618
Epoch: 19 | Iteration: 0 | Classification loss: 0.04817 | Regression loss: 0.20837 | Running loss: 0.35729
Epoch: 19 | Iteration: 100 | Classification loss: 0.11073 | Regression loss: 0.30458 | Running loss: 0.35828
Epoch: 19 | Iteration: 200 | Classification loss: 0.10418 | Regression loss: 0.18712 | Running loss: 0.34761
Epoch: 19 | Iteration: 300 | Classification loss: 0.04476 | Regression loss: 0.10996 | Running loss: 0.34083
Epoch: 19 | Iteration: 400 | Classification loss: 0.20948 | Regression loss: 0.34836 | Running loss: 0.33824
Epoch: 19 | Iteration: 500 | Classification loss: 0.13388 | Regression loss: 0.27513 | Running loss: 0.33491
Epoch: 19 | Iteration: 600 | Classification loss: 0.07163 | Regression loss: 0.12603 | Running loss: 0.33513
Epoch: 19 | Iteration: 700 | Classification loss: 0.07884 | Regression loss: 0.21040 | Running loss: 0.33555
Epoch: 19 | Iteration: 800 | Classification loss: 0.08819 | Regression loss: 0.08691 | Running loss: 0.34033
Epoch: 19 | Iteration: 900 | Classification loss: 0.05849 | Regression loss: 0.15994 | Running loss: 0.34457
Epoch: 19 | Iteration: 1000 | Classification loss: 0.01405 | Regression loss: 0.09162 | Running loss: 0.34142
epoch_loss_list:
[1.5048140184147152, 1.2349607245776597, 1.073891547633203, 0.9884104395475913, 0.9092650648323805, 0.8510473793533844, 0.7926415143402543, 0.7423024437001605, 0.7050704459887086, 0.6359834200519277, 0.601689888164401, 0.5625115660950541, 0.5222883756294494, 0.4943551076136119, 0.46074235051371687, 0.4295510893364943, 0.4088266979440988, 0.3859253026193052, 0.36011789604933475, 0.337768921173933]
Evaluating dataset
Loading and preparing results...
DONE (t=0.37s)
creating index...
index created!
Running per image evaluation...
Evaluate annotation type *bbox*
DONE (t=2.23s).
Accumulating evaluation results...
DONE (t=0.93s).
 Average Precision  (AP) @[ IoU=0.50:0.95 | area=   all | maxDets=100 ] = 0.257
 Average Precision  (AP) @[ IoU=0.50      | area=   all | maxDets=100 ] = 0.458
 Average Precision  (AP) @[ IoU=0.75      | area=   all | maxDets=100 ] = 0.255
 Average Precision  (AP) @[ IoU=0.50:0.95 | area= small | maxDets=100 ] = 0.039
 Average Precision  (AP) @[ IoU=0.50:0.95 | area=medium | maxDets=100 ] = 0.122
 Average Precision  (AP) @[ IoU=0.50:0.95 | area= large | maxDets=100 ] = 0.321
 Average Recall     (AR) @[ IoU=0.50:0.95 | area=   all | maxDets=  1 ] = 0.319
 Average Recall     (AR) @[ IoU=0.50:0.95 | area=   all | maxDets= 10 ] = 0.439
 Average Recall     (AR) @[ IoU=0.50:0.95 | area=   all | maxDets=100 ] = 0.449
 Average Recall     (AR) @[ IoU=0.50:0.95 | area= small | maxDets=100 ] = 0.087
 Average Recall     (AR) @[ IoU=0.50:0.95 | area=medium | maxDets=100 ] = 0.303
 Average Recall     (AR) @[ IoU=0.50:0.95 | area= large | maxDets=100 ] = 0.529
Epoch: 20 | Iteration: 0 | Classification loss: 0.12042 | Regression loss: 0.23296 | Running loss: 0.33970
Epoch: 20 | Iteration: 100 | Classification loss: 0.18957 | Regression loss: 0.41356 | Running loss: 0.33538
Epoch: 20 | Iteration: 200 | Classification loss: 0.10035 | Regression loss: 0.15927 | Running loss: 0.34411
Epoch: 20 | Iteration: 300 | Classification loss: 0.08025 | Regression loss: 0.09695 | Running loss: 0.33555
Epoch: 20 | Iteration: 400 | Classification loss: 0.01935 | Regression loss: 0.13657 | Running loss: 0.31952
Epoch: 20 | Iteration: 500 | Classification loss: 0.07767 | Regression loss: 0.17594 | Running loss: 0.31305
Epoch: 20 | Iteration: 600 | Classification loss: 0.29083 | Regression loss: 0.38880 | Running loss: 0.31953
Epoch: 20 | Iteration: 700 | Classification loss: 0.03181 | Regression loss: 0.21524 | Running loss: 0.31020
Epoch: 20 | Iteration: 800 | Classification loss: 0.07366 | Regression loss: 0.16901 | Running loss: 0.31447
Epoch: 20 | Iteration: 900 | Classification loss: 0.07216 | Regression loss: 0.20903 | Running loss: 0.32623
Epoch: 20 | Iteration: 1000 | Classification loss: 0.13605 | Regression loss: 0.12056 | Running loss: 0.32615
Epoch: 21 | Iteration: 0 | Classification loss: 0.04457 | Regression loss: 0.18645 | Running loss: 0.32367
Epoch: 21 | Iteration: 100 | Classification loss: 0.09248 | Regression loss: 0.16779 | Running loss: 0.32536
Epoch: 21 | Iteration: 200 | Classification loss: 0.09732 | Regression loss: 0.12745 | Running loss: 0.32372
Epoch: 21 | Iteration: 300 | Classification loss: 0.24002 | Regression loss: 0.40043 | Running loss: 0.31854
Epoch: 21 | Iteration: 400 | Classification loss: 0.04710 | Regression loss: 0.12207 | Running loss: 0.31298
Epoch: 21 | Iteration: 500 | Classification loss: 0.03038 | Regression loss: 0.09003 | Running loss: 0.31014
Epoch: 21 | Iteration: 600 | Classification loss: 0.02605 | Regression loss: 0.10033 | Running loss: 0.30654
Epoch: 21 | Iteration: 700 | Classification loss: 0.01459 | Regression loss: 0.11607 | Running loss: 0.30054
Epoch: 21 | Iteration: 800 | Classification loss: 0.05796 | Regression loss: 0.30420 | Running loss: 0.30207
Epoch: 21 | Iteration: 900 | Classification loss: 0.49669 | Regression loss: 0.18533 | Running loss: 0.30437
Epoch: 21 | Iteration: 1000 | Classification loss: 0.03296 | Regression loss: 0.16477 | Running loss: 0.30532
Epoch: 22 | Iteration: 0 | Classification loss: 0.12836 | Regression loss: 0.13493 | Running loss: 0.30133
Epoch: 22 | Iteration: 100 | Classification loss: 0.04049 | Regression loss: 0.21965 | Running loss: 0.29537
Epoch: 22 | Iteration: 200 | Classification loss: 0.04647 | Regression loss: 0.23971 | Running loss: 0.29577
Epoch: 22 | Iteration: 300 | Classification loss: 0.04005 | Regression loss: 0.12678 | Running loss: 0.29003
Epoch: 22 | Iteration: 400 | Classification loss: 0.06353 | Regression loss: 0.09867 | Running loss: 0.28107
Epoch: 22 | Iteration: 500 | Classification loss: 0.01160 | Regression loss: 0.13678 | Running loss: 0.28466
Epoch: 22 | Iteration: 600 | Classification loss: 0.23130 | Regression loss: 0.31930 | Running loss: 0.29086
Epoch: 22 | Iteration: 700 | Classification loss: 0.06706 | Regression loss: 0.28363 | Running loss: 0.29291
Epoch: 22 | Iteration: 800 | Classification loss: 0.18098 | Regression loss: 0.23745 | Running loss: 0.29580
Epoch: 22 | Iteration: 900 | Classification loss: 0.10621 | Regression loss: 0.33551 | Running loss: 0.30415
Epoch: 22 | Iteration: 1000 | Classification loss: 0.03167 | Regression loss: 0.22046 | Running loss: 0.30340
Epoch: 23 | Iteration: 0 | Classification loss: 0.03481 | Regression loss: 0.11597 | Running loss: 0.30067
Epoch: 23 | Iteration: 100 | Classification loss: 0.06748 | Regression loss: 0.20004 | Running loss: 0.30058
Epoch: 23 | Iteration: 200 | Classification loss: 0.02318 | Regression loss: 0.20954 | Running loss: 0.29698
Epoch: 23 | Iteration: 300 | Classification loss: 0.30236 | Regression loss: 0.15294 | Running loss: 0.29006
Epoch: 23 | Iteration: 400 | Classification loss: 0.27524 | Regression loss: 0.08858 | Running loss: 0.28573
Epoch: 23 | Iteration: 500 | Classification loss: 0.16602 | Regression loss: 0.19425 | Running loss: 0.27791
Epoch: 23 | Iteration: 600 | Classification loss: 0.02429 | Regression loss: 0.11874 | Running loss: 0.28299
Epoch: 23 | Iteration: 700 | Classification loss: 0.03616 | Regression loss: 0.17469 | Running loss: 0.28277
Epoch: 23 | Iteration: 800 | Classification loss: 0.04152 | Regression loss: 0.07857 | Running loss: 0.28138
Epoch: 23 | Iteration: 900 | Classification loss: 0.14798 | Regression loss: 0.28839 | Running loss: 0.27759
Epoch: 23 | Iteration: 1000 | Classification loss: 0.06182 | Regression loss: 0.26584 | Running loss: 0.27684
Epoch: 24 | Iteration: 0 | Classification loss: 0.02348 | Regression loss: 0.26683 | Running loss: 0.27619
Epoch: 24 | Iteration: 100 | Classification loss: 0.01234 | Regression loss: 0.19267 | Running loss: 0.26622
Epoch: 24 | Iteration: 200 | Classification loss: 0.03529 | Regression loss: 0.19399 | Running loss: 0.26615
Epoch: 24 | Iteration: 300 | Classification loss: 0.19413 | Regression loss: 0.17472 | Running loss: 0.26388
Epoch: 24 | Iteration: 400 | Classification loss: 0.05009 | Regression loss: 0.19217 | Running loss: 0.27235
Epoch: 24 | Iteration: 500 | Classification loss: 0.00825 | Regression loss: 0.08443 | Running loss: 0.26871
Epoch: 24 | Iteration: 600 | Classification loss: 0.12722 | Regression loss: 0.09894 | Running loss: 0.26767
Epoch: 24 | Iteration: 700 | Classification loss: 0.33707 | Regression loss: 0.28323 | Running loss: 0.26463
Epoch: 24 | Iteration: 800 | Classification loss: 0.01084 | Regression loss: 0.27788 | Running loss: 0.26310
Epoch: 24 | Iteration: 900 | Classification loss: 0.03984 | Regression loss: 0.23635 | Running loss: 0.26089
Epoch: 24 | Iteration: 1000 | Classification loss: 0.10031 | Regression loss: 0.17597 | Running loss: 0.26551
Epoch: 25 | Iteration: 0 | Classification loss: 0.19088 | Regression loss: 0.13540 | Running loss: 0.26448
Epoch: 25 | Iteration: 100 | Classification loss: 0.02745 | Regression loss: 0.09082 | Running loss: 0.25733
Epoch: 25 | Iteration: 200 | Classification loss: 0.18391 | Regression loss: 0.29669 | Running loss: 0.26062
Epoch: 25 | Iteration: 300 | Classification loss: 0.18608 | Regression loss: 0.21262 | Running loss: 0.26750
Epoch: 25 | Iteration: 400 | Classification loss: 0.01412 | Regression loss: 0.09794 | Running loss: 0.26538
Epoch: 25 | Iteration: 500 | Classification loss: 0.11850 | Regression loss: 0.09177 | Running loss: 0.25528
Epoch: 25 | Iteration: 600 | Classification loss: 0.01009 | Regression loss: 0.21449 | Running loss: 0.26041
Epoch: 25 | Iteration: 700 | Classification loss: 0.07263 | Regression loss: 0.21870 | Running loss: 0.26443
Epoch: 25 | Iteration: 800 | Classification loss: 0.01864 | Regression loss: 0.11538 | Running loss: 0.26527
Epoch: 25 | Iteration: 900 | Classification loss: 0.01486 | Regression loss: 0.12236 | Running loss: 0.25780
Epoch: 25 | Iteration: 1000 | Classification loss: 0.04314 | Regression loss: 0.18367 | Running loss: 0.26039
Epoch: 26 | Iteration: 0 | Classification loss: 0.04985 | Regression loss: 0.26858 | Running loss: 0.26151
Epoch: 26 | Iteration: 100 | Classification loss: 0.05992 | Regression loss: 0.17764 | Running loss: 0.25899
Epoch: 26 | Iteration: 200 | Classification loss: 0.01689 | Regression loss: 0.05186 | Running loss: 0.24895
Epoch: 26 | Iteration: 300 | Classification loss: 0.04939 | Regression loss: 0.12536 | Running loss: 0.24526
Epoch: 26 | Iteration: 400 | Classification loss: 0.02936 | Regression loss: 0.07884 | Running loss: 0.24593
Epoch: 26 | Iteration: 500 | Classification loss: 0.02696 | Regression loss: 0.16066 | Running loss: 0.24183
Epoch: 26 | Iteration: 600 | Classification loss: 0.14691 | Regression loss: 0.10163 | Running loss: 0.24284
Epoch: 26 | Iteration: 700 | Classification loss: 0.01879 | Regression loss: 0.08569 | Running loss: 0.24223
Epoch: 26 | Iteration: 800 | Classification loss: 0.18840 | Regression loss: 0.24382 | Running loss: 0.23924
Epoch: 26 | Iteration: 900 | Classification loss: 0.01618 | Regression loss: 0.15988 | Running loss: 0.23901
Epoch: 26 | Iteration: 1000 | Classification loss: 0.00583 | Regression loss: 0.12077 | Running loss: 0.23789
Epoch: 27 | Iteration: 0 | Classification loss: 0.25492 | Regression loss: 0.15678 | Running loss: 0.24005
Epoch: 27 | Iteration: 100 | Classification loss: 0.16317 | Regression loss: 0.20937 | Running loss: 0.23748
Epoch: 27 | Iteration: 200 | Classification loss: 0.01647 | Regression loss: 0.13391 | Running loss: 0.22808
Epoch: 27 | Iteration: 300 | Classification loss: 0.02084 | Regression loss: 0.12026 | Running loss: 0.22672
Epoch: 27 | Iteration: 400 | Classification loss: 0.12418 | Regression loss: 0.30289 | Running loss: 0.22899
Epoch: 27 | Iteration: 500 | Classification loss: 0.04907 | Regression loss: 0.13272 | Running loss: 0.23536
Epoch: 27 | Iteration: 600 | Classification loss: 0.14987 | Regression loss: 0.30107 | Running loss: 0.23650
Epoch: 27 | Iteration: 700 | Classification loss: 0.02446 | Regression loss: 0.18754 | Running loss: 0.23713
Epoch: 27 | Iteration: 800 | Classification loss: 0.03754 | Regression loss: 0.17336 | Running loss: 0.23595
Epoch: 27 | Iteration: 900 | Classification loss: 0.02303 | Regression loss: 0.10817 | Running loss: 0.23569
Epoch: 27 | Iteration: 1000 | Classification loss: 0.03815 | Regression loss: 0.18854 | Running loss: 0.22780
Epoch: 28 | Iteration: 0 | Classification loss: 0.01562 | Regression loss: 0.19862 | Running loss: 0.23005
Epoch: 28 | Iteration: 100 | Classification loss: 0.02214 | Regression loss: 0.15266 | Running loss: 0.22837
Epoch: 28 | Iteration: 200 | Classification loss: 0.06143 | Regression loss: 0.16166 | Running loss: 0.22794
Epoch: 28 | Iteration: 300 | Classification loss: 0.10413 | Regression loss: 0.42135 | Running loss: 0.22590
Epoch: 28 | Iteration: 400 | Classification loss: 0.01311 | Regression loss: 0.10206 | Running loss: 0.22432
Epoch: 28 | Iteration: 500 | Classification loss: 0.10426 | Regression loss: 0.06863 | Running loss: 0.22081
Epoch: 28 | Iteration: 600 | Classification loss: 0.00402 | Regression loss: 0.02506 | Running loss: 0.22508
Epoch: 28 | Iteration: 700 | Classification loss: 0.34208 | Regression loss: 0.37788 | Running loss: 0.23013
Epoch: 28 | Iteration: 800 | Classification loss: 0.02043 | Regression loss: 0.08470 | Running loss: 0.22867
Epoch: 28 | Iteration: 900 | Classification loss: 0.01210 | Regression loss: 0.06143 | Running loss: 0.22735
Epoch: 28 | Iteration: 1000 | Classification loss: 0.01355 | Regression loss: 0.11231 | Running loss: 0.23072
Epoch: 29 | Iteration: 0 | Classification loss: 0.10919 | Regression loss: 0.11235 | Running loss: 0.23073
Epoch: 29 | Iteration: 100 | Classification loss: 0.03244 | Regression loss: 0.18500 | Running loss: 0.22659
Epoch: 29 | Iteration: 200 | Classification loss: 0.00095 | Regression loss: 0.04182 | Running loss: 0.21936
Epoch: 29 | Iteration: 300 | Classification loss: 0.00623 | Regression loss: 0.06724 | Running loss: 0.21833
Epoch: 29 | Iteration: 400 | Classification loss: 0.01400 | Regression loss: 0.11813 | Running loss: 0.21281
Epoch: 29 | Iteration: 500 | Classification loss: 0.00195 | Regression loss: 0.06126 | Running loss: 0.21270
Epoch: 29 | Iteration: 600 | Classification loss: 0.21541 | Regression loss: 0.21593 | Running loss: 0.21004
Epoch: 29 | Iteration: 700 | Classification loss: 0.02789 | Regression loss: 0.08443 | Running loss: 0.21716
Epoch: 29 | Iteration: 800 | Classification loss: 0.06413 | Regression loss: 0.06348 | Running loss: 0.21630
Epoch: 29 | Iteration: 900 | Classification loss: 0.08888 | Regression loss: 0.14139 | Running loss: 0.21670
Epoch: 29 | Iteration: 1000 | Classification loss: 0.00698 | Regression loss: 0.11033 | Running loss: 0.21806
epoch_loss_list:
[1.5048140184147152, 1.2349607245776597, 1.073891547633203, 0.9884104395475913, 0.9092650648323805, 0.8510473793533844, 0.7926415143402543, 0.7423024437001605, 0.7050704459887086, 0.6359834200519277, 0.601689888164401, 0.5625115660950541, 0.5222883756294494, 0.4943551076136119, 0.46074235051371687, 0.4295510893364943, 0.4088266979440988, 0.3859253026193052, 0.36011789604933475, 0.337768921173933, 0.3190685137519686, 0.3075452483420473, 0.294035808542582, 0.2765762605796033, 0.266598670897404, 0.25850868145348577, 0.23976455894885512, 0.23222492147222396, 0.2262976766017625, 0.21554142084361355]
Evaluating dataset
Loading and preparing results...
DONE (t=0.17s)
creating index...
index created!
Running per image evaluation...
Evaluate annotation type *bbox*
DONE (t=1.54s).
Accumulating evaluation results...
DONE (t=0.56s).
 Average Precision  (AP) @[ IoU=0.50:0.95 | area=   all | maxDets=100 ] = 0.279
 Average Precision  (AP) @[ IoU=0.50      | area=   all | maxDets=100 ] = 0.471
 Average Precision  (AP) @[ IoU=0.75      | area=   all | maxDets=100 ] = 0.284
 Average Precision  (AP) @[ IoU=0.50:0.95 | area= small | maxDets=100 ] = 0.014
 Average Precision  (AP) @[ IoU=0.50:0.95 | area=medium | maxDets=100 ] = 0.132
 Average Precision  (AP) @[ IoU=0.50:0.95 | area= large | maxDets=100 ] = 0.348
 Average Recall     (AR) @[ IoU=0.50:0.95 | area=   all | maxDets=  1 ] = 0.328
 Average Recall     (AR) @[ IoU=0.50:0.95 | area=   all | maxDets= 10 ] = 0.422
 Average Recall     (AR) @[ IoU=0.50:0.95 | area=   all | maxDets=100 ] = 0.423
 Average Recall     (AR) @[ IoU=0.50:0.95 | area= small | maxDets=100 ] = 0.033
 Average Recall     (AR) @[ IoU=0.50:0.95 | area=medium | maxDets=100 ] = 0.236
 Average Recall     (AR) @[ IoU=0.50:0.95 | area= large | maxDets=100 ] = 0.510
Epoch: 30 | Iteration: 0 | Classification loss: 0.04480 | Regression loss: 0.29692 | Running loss: 0.22072
Epoch: 30 | Iteration: 100 | Classification loss: 0.02464 | Regression loss: 0.06267 | Running loss: 0.22032
Epoch: 30 | Iteration: 200 | Classification loss: 0.02497 | Regression loss: 0.08566 | Running loss: 0.21119
Epoch: 30 | Iteration: 300 | Classification loss: 0.00571 | Regression loss: 0.04791 | Running loss: 0.21338
Epoch: 30 | Iteration: 400 | Classification loss: 0.06485 | Regression loss: 0.43397 | Running loss: 0.20832
Epoch: 30 | Iteration: 500 | Classification loss: 0.02917 | Regression loss: 0.29092 | Running loss: 0.20409
Epoch: 30 | Iteration: 600 | Classification loss: 0.02200 | Regression loss: 0.17143 | Running loss: 0.20408
Epoch: 30 | Iteration: 700 | Classification loss: 0.02358 | Regression loss: 0.08427 | Running loss: 0.21507
Epoch: 30 | Iteration: 800 | Classification loss: 0.11534 | Regression loss: 0.08212 | Running loss: 0.21349
Epoch: 30 | Iteration: 900 | Classification loss: 0.05189 | Regression loss: 0.21054 | Running loss: 0.21692
Epoch: 30 | Iteration: 1000 | Classification loss: 0.01470 | Regression loss: 0.07239 | Running loss: 0.22078
Epoch: 31 | Iteration: 0 | Classification loss: 0.00669 | Regression loss: 0.10359 | Running loss: 0.22067
Epoch: 31 | Iteration: 100 | Classification loss: 0.01104 | Regression loss: 0.06732 | Running loss: 0.21572
Epoch: 31 | Iteration: 200 | Classification loss: 0.05501 | Regression loss: 0.20641 | Running loss: 0.21123
Epoch: 31 | Iteration: 300 | Classification loss: 0.01821 | Regression loss: 0.08782 | Running loss: 0.20981
Epoch: 31 | Iteration: 400 | Classification loss: 0.01335 | Regression loss: 0.08152 | Running loss: 0.21077
Epoch: 31 | Iteration: 500 | Classification loss: 0.00857 | Regression loss: 0.14678 | Running loss: 0.20048
Epoch: 31 | Iteration: 600 | Classification loss: 0.26145 | Regression loss: 0.22572 | Running loss: 0.20332
Epoch: 31 | Iteration: 700 | Classification loss: 0.17850 | Regression loss: 0.30713 | Running loss: 0.20285
Epoch: 31 | Iteration: 800 | Classification loss: 0.01092 | Regression loss: 0.07945 | Running loss: 0.20969
Epoch: 31 | Iteration: 900 | Classification loss: 0.08446 | Regression loss: 0.20912 | Running loss: 0.20555
Epoch: 31 | Iteration: 1000 | Classification loss: 0.06561 | Regression loss: 0.04038 | Running loss: 0.20906
Epoch: 32 | Iteration: 0 | Classification loss: 0.02214 | Regression loss: 0.13000 | Running loss: 0.20889
Epoch: 32 | Iteration: 100 | Classification loss: 0.07358 | Regression loss: 0.23502 | Running loss: 0.20515
Epoch: 32 | Iteration: 200 | Classification loss: 0.08420 | Regression loss: 0.14778 | Running loss: 0.20414
Epoch: 32 | Iteration: 300 | Classification loss: 0.02420 | Regression loss: 0.17861 | Running loss: 0.20070
Epoch: 32 | Iteration: 400 | Classification loss: 0.02089 | Regression loss: 0.09820 | Running loss: 0.20471
Epoch: 32 | Iteration: 500 | Classification loss: 0.00315 | Regression loss: 0.09103 | Running loss: 0.19783
Epoch: 32 | Iteration: 600 | Classification loss: 0.16043 | Regression loss: 0.12019 | Running loss: 0.20743
Epoch: 32 | Iteration: 700 | Classification loss: 0.00992 | Regression loss: 0.08605 | Running loss: 0.20508
Epoch: 32 | Iteration: 800 | Classification loss: 0.01798 | Regression loss: 0.06219 | Running loss: 0.20285
Epoch: 32 | Iteration: 900 | Classification loss: 0.00450 | Regression loss: 0.06751 | Running loss: 0.19989
Epoch: 32 | Iteration: 1000 | Classification loss: 0.06624 | Regression loss: 0.09480 | Running loss: 0.20667
Epoch: 33 | Iteration: 0 | Classification loss: 0.02005 | Regression loss: 0.21093 | Running loss: 0.20538
Epoch: 33 | Iteration: 100 | Classification loss: 0.00161 | Regression loss: 0.12658 | Running loss: 0.19442
Epoch: 33 | Iteration: 200 | Classification loss: 0.00661 | Regression loss: 0.08636 | Running loss: 0.19359
Epoch: 33 | Iteration: 300 | Classification loss: 0.04094 | Regression loss: 0.23009 | Running loss: 0.19291
Epoch: 33 | Iteration: 400 | Classification loss: 0.13367 | Regression loss: 0.17988 | Running loss: 0.20013
Epoch: 33 | Iteration: 500 | Classification loss: 0.01702 | Regression loss: 0.17545 | Running loss: 0.20003
Epoch: 33 | Iteration: 600 | Classification loss: 0.14798 | Regression loss: 0.21551 | Running loss: 0.20112
Epoch: 33 | Iteration: 700 | Classification loss: 0.01695 | Regression loss: 0.11302 | Running loss: 0.20038
Epoch: 33 | Iteration: 800 | Classification loss: 0.01594 | Regression loss: 0.11194 | Running loss: 0.20506
Epoch: 33 | Iteration: 900 | Classification loss: 0.01306 | Regression loss: 0.12224 | Running loss: 0.19330
Epoch: 33 | Iteration: 1000 | Classification loss: 0.04390 | Regression loss: 0.17798 | Running loss: 0.19466
Epoch: 34 | Iteration: 0 | Classification loss: 0.00824 | Regression loss: 0.09364 | Running loss: 0.19486
Epoch: 34 | Iteration: 100 | Classification loss: 0.10189 | Regression loss: 0.26306 | Running loss: 0.19205
Epoch: 34 | Iteration: 200 | Classification loss: 0.00217 | Regression loss: 0.08647 | Running loss: 0.19211
Epoch: 34 | Iteration: 300 | Classification loss: 0.02135 | Regression loss: 0.09112 | Running loss: 0.18613
Epoch: 34 | Iteration: 400 | Classification loss: 0.05061 | Regression loss: 0.26896 | Running loss: 0.18978
Epoch: 34 | Iteration: 500 | Classification loss: 0.04228 | Regression loss: 0.18257 | Running loss: 0.18462
Epoch: 34 | Iteration: 600 | Classification loss: 0.00857 | Regression loss: 0.12596 | Running loss: 0.18557
Epoch: 34 | Iteration: 700 | Classification loss: 0.02796 | Regression loss: 0.14601 | Running loss: 0.18853
Epoch: 34 | Iteration: 800 | Classification loss: 0.00875 | Regression loss: 0.04352 | Running loss: 0.18838
Epoch: 34 | Iteration: 900 | Classification loss: 0.01540 | Regression loss: 0.14486 | Running loss: 0.18048
Epoch: 34 | Iteration: 1000 | Classification loss: 0.00313 | Regression loss: 0.09026 | Running loss: 0.18398
Epoch: 35 | Iteration: 0 | Classification loss: 0.01999 | Regression loss: 0.22608 | Running loss: 0.18631
Epoch: 35 | Iteration: 100 | Classification loss: 0.01424 | Regression loss: 0.05648 | Running loss: 0.18577
Epoch: 35 | Iteration: 200 | Classification loss: 0.07926 | Regression loss: 0.23687 | Running loss: 0.17846
Epoch: 35 | Iteration: 300 | Classification loss: 0.04812 | Regression loss: 0.09525 | Running loss: 0.18078
Epoch: 35 | Iteration: 400 | Classification loss: 0.01523 | Regression loss: 0.05336 | Running loss: 0.18781
Epoch: 35 | Iteration: 500 | Classification loss: 0.00599 | Regression loss: 0.18337 | Running loss: 0.18390
Epoch: 35 | Iteration: 600 | Classification loss: 0.01960 | Regression loss: 0.25091 | Running loss: 0.18390
Epoch: 35 | Iteration: 700 | Classification loss: 0.19666 | Regression loss: 0.23217 | Running loss: 0.18284
Epoch: 35 | Iteration: 800 | Classification loss: 0.00865 | Regression loss: 0.11431 | Running loss: 0.18480
Epoch: 35 | Iteration: 900 | Classification loss: 0.01775 | Regression loss: 0.19677 | Running loss: 0.18643
Epoch: 35 | Iteration: 1000 | Classification loss: 0.13226 | Regression loss: 0.38472 | Running loss: 0.18474
Epoch: 36 | Iteration: 0 | Classification loss: 0.06377 | Regression loss: 0.13549 | Running loss: 0.18346
Epoch: 36 | Iteration: 100 | Classification loss: 0.10676 | Regression loss: 0.18445 | Running loss: 0.18187
Epoch: 36 | Iteration: 200 | Classification loss: 0.01346 | Regression loss: 0.16007 | Running loss: 0.18616
Epoch: 36 | Iteration: 300 | Classification loss: 0.00424 | Regression loss: 0.06099 | Running loss: 0.18180
Epoch: 36 | Iteration: 400 | Classification loss: 0.03221 | Regression loss: 0.16796 | Running loss: 0.17617
Epoch: 36 | Iteration: 500 | Classification loss: 0.02406 | Regression loss: 0.24233 | Running loss: 0.17684
Epoch: 36 | Iteration: 600 | Classification loss: 0.00332 | Regression loss: 0.06530 | Running loss: 0.17492
Epoch: 36 | Iteration: 700 | Classification loss: 0.10141 | Regression loss: 0.14120 | Running loss: 0.17122
Epoch: 36 | Iteration: 800 | Classification loss: 0.01846 | Regression loss: 0.04705 | Running loss: 0.17818
Epoch: 36 | Iteration: 900 | Classification loss: 0.04436 | Regression loss: 0.25069 | Running loss: 0.18035
Epoch: 36 | Iteration: 1000 | Classification loss: 0.00500 | Regression loss: 0.07068 | Running loss: 0.18191
Epoch: 37 | Iteration: 0 | Classification loss: 0.00834 | Regression loss: 0.09990 | Running loss: 0.18231
Epoch: 37 | Iteration: 100 | Classification loss: 0.00533 | Regression loss: 0.07305 | Running loss: 0.18772
Epoch: 37 | Iteration: 200 | Classification loss: 0.00206 | Regression loss: 0.08553 | Running loss: 0.18360
Epoch: 37 | Iteration: 300 | Classification loss: 0.05783 | Regression loss: 0.17088 | Running loss: 0.18247
Epoch: 37 | Iteration: 400 | Classification loss: 0.01989 | Regression loss: 0.12240 | Running loss: 0.17793
Epoch: 37 | Iteration: 500 | Classification loss: 0.02761 | Regression loss: 0.21360 | Running loss: 0.17511
Epoch: 37 | Iteration: 600 | Classification loss: 0.00264 | Regression loss: 0.07527 | Running loss: 0.16756
Epoch: 37 | Iteration: 700 | Classification loss: 0.03737 | Regression loss: 0.17054 | Running loss: 0.16897
Epoch: 37 | Iteration: 800 | Classification loss: 0.00598 | Regression loss: 0.07321 | Running loss: 0.16506
Epoch: 37 | Iteration: 900 | Classification loss: 0.02981 | Regression loss: 0.12869 | Running loss: 0.16157
Epoch: 37 | Iteration: 1000 | Classification loss: 0.01889 | Regression loss: 0.19482 | Running loss: 0.16344
Epoch: 38 | Iteration: 0 | Classification loss: 0.10017 | Regression loss: 0.26924 | Running loss: 0.16493
Epoch: 38 | Iteration: 100 | Classification loss: 0.02500 | Regression loss: 0.06655 | Running loss: 0.16863
Epoch: 38 | Iteration: 200 | Classification loss: 0.05126 | Regression loss: 0.15555 | Running loss: 0.16654
Epoch: 38 | Iteration: 300 | Classification loss: 0.01481 | Regression loss: 0.11278 | Running loss: 0.16958
Epoch: 38 | Iteration: 400 | Classification loss: 0.00630 | Regression loss: 0.08341 | Running loss: 0.17268
Epoch: 38 | Iteration: 500 | Classification loss: 0.00472 | Regression loss: 0.11050 | Running loss: 0.16821
Epoch: 38 | Iteration: 600 | Classification loss: 0.01729 | Regression loss: 0.06542 | Running loss: 0.16348
Epoch: 38 | Iteration: 700 | Classification loss: 0.00052 | Regression loss: 0.01952 | Running loss: 0.16790
Epoch: 38 | Iteration: 800 | Classification loss: 0.06541 | Regression loss: 0.18919 | Running loss: 0.17012
Epoch: 38 | Iteration: 900 | Classification loss: 0.01067 | Regression loss: 0.23808 | Running loss: 0.16601
Epoch: 38 | Iteration: 1000 | Classification loss: 0.00644 | Regression loss: 0.11843 | Running loss: 0.16554
Epoch: 39 | Iteration: 0 | Classification loss: 0.06994 | Regression loss: 0.09604 | Running loss: 0.16640
Epoch: 39 | Iteration: 100 | Classification loss: 0.00627 | Regression loss: 0.12062 | Running loss: 0.16613
Epoch: 39 | Iteration: 200 | Classification loss: 0.11490 | Regression loss: 0.08164 | Running loss: 0.16331
Epoch: 39 | Iteration: 300 | Classification loss: 0.04630 | Regression loss: 0.10691 | Running loss: 0.16362
Epoch: 39 | Iteration: 400 | Classification loss: 0.01829 | Regression loss: 0.11188 | Running loss: 0.16872
Epoch: 39 | Iteration: 500 | Classification loss: 0.00332 | Regression loss: 0.10181 | Running loss: 0.17072
Epoch: 39 | Iteration: 600 | Classification loss: 0.07047 | Regression loss: 0.22433 | Running loss: 0.17009
Epoch: 39 | Iteration: 700 | Classification loss: 0.06692 | Regression loss: 0.11201 | Running loss: 0.16953
Epoch: 39 | Iteration: 800 | Classification loss: 0.01112 | Regression loss: 0.06917 | Running loss: 0.16682
Epoch: 39 | Iteration: 900 | Classification loss: 0.00084 | Regression loss: 0.10713 | Running loss: 0.16467
Epoch: 39 | Iteration: 1000 | Classification loss: 0.03862 | Regression loss: 0.15798 | Running loss: 0.16102
epoch_loss_list:
[1.5048140184147152, 1.2349607245776597, 1.073891547633203, 0.9884104395475913, 0.9092650648323805, 0.8510473793533844, 0.7926415143402543, 0.7423024437001605, 0.7050704459887086, 0.6359834200519277, 0.601689888164401, 0.5625115660950541, 0.5222883756294494, 0.4943551076136119, 0.46074235051371687, 0.4295510893364943, 0.4088266979440988, 0.3859253026193052, 0.36011789604933475, 0.337768921173933, 0.3190685137519686, 0.3075452483420473, 0.294035808542582, 0.2765762605796033, 0.266598670897404, 0.25850868145348577, 0.23976455894885512, 0.23222492147222396, 0.2262976766017625, 0.21554142084361355, 0.21301808039929102, 0.2040086076118228, 0.20186184613606123, 0.19718293041562823, 0.18562052696649953, 0.1839511906233154, 0.17953926523392066, 0.1694240303779769, 0.16724365827532148, 0.1666491238957667]
Evaluating dataset
Loading and preparing results...
DONE (t=0.16s)
creating index...
index created!
Running per image evaluation...
Evaluate annotation type *bbox*
DONE (t=1.48s).
Accumulating evaluation results...
DONE (t=0.62s).
 Average Precision  (AP) @[ IoU=0.50:0.95 | area=   all | maxDets=100 ] = 0.267
 Average Precision  (AP) @[ IoU=0.50      | area=   all | maxDets=100 ] = 0.452
 Average Precision  (AP) @[ IoU=0.75      | area=   all | maxDets=100 ] = 0.274
 Average Precision  (AP) @[ IoU=0.50:0.95 | area= small | maxDets=100 ] = 0.013
 Average Precision  (AP) @[ IoU=0.50:0.95 | area=medium | maxDets=100 ] = 0.095
 Average Precision  (AP) @[ IoU=0.50:0.95 | area= large | maxDets=100 ] = 0.339
 Average Recall     (AR) @[ IoU=0.50:0.95 | area=   all | maxDets=  1 ] = 0.319
 Average Recall     (AR) @[ IoU=0.50:0.95 | area=   all | maxDets= 10 ] = 0.412
 Average Recall     (AR) @[ IoU=0.50:0.95 | area=   all | maxDets=100 ] = 0.415
 Average Recall     (AR) @[ IoU=0.50:0.95 | area= small | maxDets=100 ] = 0.040
 Average Recall     (AR) @[ IoU=0.50:0.95 | area=medium | maxDets=100 ] = 0.213
 Average Recall     (AR) @[ IoU=0.50:0.95 | area= large | maxDets=100 ] = 0.505
Epoch: 40 | Iteration: 0 | Classification loss: 0.05975 | Regression loss: 0.22069 | Running loss: 0.16289
Epoch: 40 | Iteration: 100 | Classification loss: 0.01575 | Regression loss: 0.15829 | Running loss: 0.16523
Epoch: 40 | Iteration: 200 | Classification loss: 0.11048 | Regression loss: 0.25156 | Running loss: 0.17002
Epoch: 40 | Iteration: 300 | Classification loss: 0.02724 | Regression loss: 0.09475 | Running loss: 0.17438
Epoch: 40 | Iteration: 400 | Classification loss: 0.00135 | Regression loss: 0.11963 | Running loss: 0.17258
Epoch: 40 | Iteration: 500 | Classification loss: 0.01032 | Regression loss: 0.07217 | Running loss: 0.17146
Epoch: 40 | Iteration: 600 | Classification loss: 0.01340 | Regression loss: 0.06455 | Running loss: 0.16879
Epoch: 40 | Iteration: 700 | Classification loss: 0.00584 | Regression loss: 0.13026 | Running loss: 0.16167
Epoch: 40 | Iteration: 800 | Classification loss: 0.00392 | Regression loss: 0.12686 | Running loss: 0.15139
Epoch: 40 | Iteration: 900 | Classification loss: 0.05271 | Regression loss: 0.20003 | Running loss: 0.14967
Epoch: 40 | Iteration: 1000 | Classification loss: 0.00863 | Regression loss: 0.06933 | Running loss: 0.14924
Epoch: 41 | Iteration: 0 | Classification loss: 0.02844 | Regression loss: 0.21031 | Running loss: 0.15019
Epoch: 41 | Iteration: 100 | Classification loss: 0.01960 | Regression loss: 0.11181 | Running loss: 0.15277
Epoch: 41 | Iteration: 200 | Classification loss: 0.00097 | Regression loss: 0.07054 | Running loss: 0.15474
Epoch: 41 | Iteration: 300 | Classification loss: 0.00438 | Regression loss: 0.04042 | Running loss: 0.16090
Epoch: 41 | Iteration: 400 | Classification loss: 0.01754 | Regression loss: 0.09919 | Running loss: 0.16012
Epoch: 41 | Iteration: 500 | Classification loss: 0.01708 | Regression loss: 0.16177 | Running loss: 0.15833
Epoch: 41 | Iteration: 600 | Classification loss: 0.00261 | Regression loss: 0.05668 | Running loss: 0.15457
Epoch: 41 | Iteration: 700 | Classification loss: 0.07449 | Regression loss: 0.25555 | Running loss: 0.15249
Epoch: 41 | Iteration: 800 | Classification loss: 0.00391 | Regression loss: 0.10011 | Running loss: 0.15455
Epoch: 41 | Iteration: 900 | Classification loss: 0.00323 | Regression loss: 0.07986 | Running loss: 0.15609
Epoch: 41 | Iteration: 1000 | Classification loss: 0.00524 | Regression loss: 0.05006 | Running loss: 0.15302
Epoch: 42 | Iteration: 0 | Classification loss: 0.02675 | Regression loss: 0.12204 | Running loss: 0.15414
Epoch: 42 | Iteration: 100 | Classification loss: 0.00468 | Regression loss: 0.06998 | Running loss: 0.15519
Epoch: 42 | Iteration: 200 | Classification loss: 0.04264 | Regression loss: 0.12974 | Running loss: 0.15365
Epoch: 42 | Iteration: 300 | Classification loss: 0.00215 | Regression loss: 0.12505 | Running loss: 0.15285
Epoch: 42 | Iteration: 400 | Classification loss: 0.00587 | Regression loss: 0.06381 | Running loss: 0.15519
Epoch: 42 | Iteration: 500 | Classification loss: 0.08243 | Regression loss: 0.25320 | Running loss: 0.15710
Epoch: 42 | Iteration: 600 | Classification loss: 0.00274 | Regression loss: 0.08893 | Running loss: 0.15514
Epoch: 42 | Iteration: 700 | Classification loss: 0.01336 | Regression loss: 0.04960 | Running loss: 0.15456
Epoch: 42 | Iteration: 800 | Classification loss: 0.00352 | Regression loss: 0.08715 | Running loss: 0.15301
Epoch: 42 | Iteration: 900 | Classification loss: 0.01804 | Regression loss: 0.17557 | Running loss: 0.14519
Epoch: 42 | Iteration: 1000 | Classification loss: 0.14838 | Regression loss: 0.17880 | Running loss: 0.14477
Epoch: 43 | Iteration: 0 | Classification loss: 0.01050 | Regression loss: 0.11668 | Running loss: 0.14660
Epoch: 43 | Iteration: 100 | Classification loss: 0.00017 | Regression loss: 0.03843 | Running loss: 0.14283
Epoch: 43 | Iteration: 200 | Classification loss: 0.00266 | Regression loss: 0.04083 | Running loss: 0.14524
Epoch: 43 | Iteration: 300 | Classification loss: 0.00806 | Regression loss: 0.12226 | Running loss: 0.14510
Epoch: 43 | Iteration: 400 | Classification loss: 0.00632 | Regression loss: 0.09476 | Running loss: 0.14760
Epoch: 43 | Iteration: 500 | Classification loss: 0.13104 | Regression loss: 0.30764 | Running loss: 0.14741
Epoch: 43 | Iteration: 600 | Classification loss: 0.00579 | Regression loss: 0.15213 | Running loss: 0.15496
Epoch: 43 | Iteration: 700 | Classification loss: 0.01549 | Regression loss: 0.08677 | Running loss: 0.14941
Epoch: 43 | Iteration: 800 | Classification loss: 0.04446 | Regression loss: 0.17743 | Running loss: 0.14812
Epoch: 43 | Iteration: 900 | Classification loss: 0.00104 | Regression loss: 0.02966 | Running loss: 0.15279
Epoch: 43 | Iteration: 1000 | Classification loss: 0.00458 | Regression loss: 0.06976 | Running loss: 0.15028
Epoch: 44 | Iteration: 0 | Classification loss: 0.00707 | Regression loss: 0.06984 | Running loss: 0.14974
Epoch: 44 | Iteration: 100 | Classification loss: 0.00878 | Regression loss: 0.21205 | Running loss: 0.14455
Epoch: 44 | Iteration: 200 | Classification loss: 0.00581 | Regression loss: 0.20257 | Running loss: 0.14998
Epoch: 44 | Iteration: 300 | Classification loss: 0.01339 | Regression loss: 0.17568 | Running loss: 0.14762
Epoch: 44 | Iteration: 400 | Classification loss: 0.05854 | Regression loss: 0.05195 | Running loss: 0.14429
Epoch: 44 | Iteration: 500 | Classification loss: 0.00224 | Regression loss: 0.05458 | Running loss: 0.14317
Epoch: 44 | Iteration: 600 | Classification loss: 0.00286 | Regression loss: 0.06956 | Running loss: 0.14200
Epoch: 44 | Iteration: 700 | Classification loss: 0.14421 | Regression loss: 0.22837 | Running loss: 0.13953
Epoch: 44 | Iteration: 800 | Classification loss: 0.00945 | Regression loss: 0.09937 | Running loss: 0.14594
Epoch: 44 | Iteration: 900 | Classification loss: 0.04684 | Regression loss: 0.06363 | Running loss: 0.14739
Epoch: 44 | Iteration: 1000 | Classification loss: 0.00804 | Regression loss: 0.06972 | Running loss: 0.14204
Epoch: 45 | Iteration: 0 | Classification loss: 0.00389 | Regression loss: 0.04123 | Running loss: 0.14050
Epoch: 45 | Iteration: 100 | Classification loss: 0.00338 | Regression loss: 0.08416 | Running loss: 0.14532
Epoch: 45 | Iteration: 200 | Classification loss: 0.23564 | Regression loss: 0.25624 | Running loss: 0.14677
Epoch: 45 | Iteration: 300 | Classification loss: 0.00744 | Regression loss: 0.06664 | Running loss: 0.14180
Epoch: 45 | Iteration: 400 | Classification loss: 0.00064 | Regression loss: 0.05499 | Running loss: 0.14166
Epoch: 45 | Iteration: 500 | Classification loss: 0.00511 | Regression loss: 0.03165 | Running loss: 0.14423
Epoch: 45 | Iteration: 600 | Classification loss: 0.00275 | Regression loss: 0.07973 | Running loss: 0.14745
Epoch: 45 | Iteration: 700 | Classification loss: 0.00199 | Regression loss: 0.06424 | Running loss: 0.14364
Epoch: 45 | Iteration: 800 | Classification loss: 0.00233 | Regression loss: 0.09635 | Running loss: 0.13842
Epoch: 45 | Iteration: 900 | Classification loss: 0.00059 | Regression loss: 0.05636 | Running loss: 0.13794
Epoch: 45 | Iteration: 1000 | Classification loss: 0.00164 | Regression loss: 0.08797 | Running loss: 0.14102
Epoch: 46 | Iteration: 0 | Classification loss: 0.00719 | Regression loss: 0.07395 | Running loss: 0.13922
Epoch: 46 | Iteration: 100 | Classification loss: 0.00488 | Regression loss: 0.04857 | Running loss: 0.13385
Epoch: 46 | Iteration: 200 | Classification loss: 0.00217 | Regression loss: 0.07641 | Running loss: 0.13364
Epoch: 46 | Iteration: 300 | Classification loss: 0.00121 | Regression loss: 0.07994 | Running loss: 0.14122
Epoch: 46 | Iteration: 400 | Classification loss: 0.00252 | Regression loss: 0.07589 | Running loss: 0.14323
Epoch: 46 | Iteration: 500 | Classification loss: 0.00218 | Regression loss: 0.05703 | Running loss: 0.14028
Epoch: 46 | Iteration: 600 | Classification loss: 0.00265 | Regression loss: 0.06597 | Running loss: 0.14041
Epoch: 46 | Iteration: 700 | Classification loss: 0.09440 | Regression loss: 0.18150 | Running loss: 0.14423
Epoch: 46 | Iteration: 800 | Classification loss: 0.03378 | Regression loss: 0.08180 | Running loss: 0.14035
Epoch: 46 | Iteration: 900 | Classification loss: 0.00100 | Regression loss: 0.05456 | Running loss: 0.13543
Epoch: 46 | Iteration: 1000 | Classification loss: 0.00437 | Regression loss: 0.08974 | Running loss: 0.13289
Epoch: 47 | Iteration: 0 | Classification loss: 0.00191 | Regression loss: 0.08421 | Running loss: 0.13325
Epoch: 47 | Iteration: 100 | Classification loss: 0.00566 | Regression loss: 0.14989 | Running loss: 0.12802
Epoch: 47 | Iteration: 200 | Classification loss: 0.00653 | Regression loss: 0.06945 | Running loss: 0.12872
Epoch: 47 | Iteration: 300 | Classification loss: 0.00150 | Regression loss: 0.03218 | Running loss: 0.12666
Epoch: 47 | Iteration: 400 | Classification loss: 0.00406 | Regression loss: 0.08431 | Running loss: 0.13334
Epoch: 47 | Iteration: 500 | Classification loss: 0.04197 | Regression loss: 0.20933 | Running loss: 0.13643
Epoch: 47 | Iteration: 600 | Classification loss: 0.00265 | Regression loss: 0.12875 | Running loss: 0.13889
Epoch: 47 | Iteration: 700 | Classification loss: 0.00055 | Regression loss: 0.05560 | Running loss: 0.13746
Epoch: 47 | Iteration: 800 | Classification loss: 0.00131 | Regression loss: 0.05554 | Running loss: 0.14012
Epoch: 47 | Iteration: 900 | Classification loss: 0.00337 | Regression loss: 0.11140 | Running loss: 0.13859
Epoch: 47 | Iteration: 1000 | Classification loss: 0.00573 | Regression loss: 0.15947 | Running loss: 0.13847
Epoch: 48 | Iteration: 0 | Classification loss: 0.12385 | Regression loss: 0.23289 | Running loss: 0.13868
Epoch: 48 | Iteration: 100 | Classification loss: 0.00233 | Regression loss: 0.08939 | Running loss: 0.13633
Epoch: 48 | Iteration: 200 | Classification loss: 0.01817 | Regression loss: 0.10555 | Running loss: 0.13272
Epoch: 48 | Iteration: 300 | Classification loss: 0.00045 | Regression loss: 0.04084 | Running loss: 0.12543
Epoch: 48 | Iteration: 400 | Classification loss: 0.00027 | Regression loss: 0.03178 | Running loss: 0.11906
Epoch: 48 | Iteration: 500 | Classification loss: 0.01340 | Regression loss: 0.10205 | Running loss: 0.11295
Epoch: 48 | Iteration: 600 | Classification loss: 0.00089 | Regression loss: 0.09147 | Running loss: 0.10731
Epoch: 48 | Iteration: 700 | Classification loss: 0.01823 | Regression loss: 0.28253 | Running loss: 0.10418
Epoch: 48 | Iteration: 800 | Classification loss: 0.00523 | Regression loss: 0.08449 | Running loss: 0.09880
Epoch: 48 | Iteration: 900 | Classification loss: 0.00056 | Regression loss: 0.02663 | Running loss: 0.09635
Epoch: 48 | Iteration: 1000 | Classification loss: 0.00223 | Regression loss: 0.05096 | Running loss: 0.09315
Epoch: 49 | Iteration: 0 | Classification loss: 0.00139 | Regression loss: 0.02600 | Running loss: 0.09259
Epoch: 49 | Iteration: 100 | Classification loss: 0.02651 | Regression loss: 0.17999 | Running loss: 0.09298
Epoch: 49 | Iteration: 200 | Classification loss: 0.01030 | Regression loss: 0.08962 | Running loss: 0.08859
Epoch: 49 | Iteration: 300 | Classification loss: 0.00970 | Regression loss: 0.12899 | Running loss: 0.08814
Epoch: 49 | Iteration: 400 | Classification loss: 0.02849 | Regression loss: 0.07389 | Running loss: 0.08557
Epoch: 49 | Iteration: 500 | Classification loss: 0.03164 | Regression loss: 0.10120 | Running loss: 0.08179
Epoch: 49 | Iteration: 600 | Classification loss: 0.00020 | Regression loss: 0.01522 | Running loss: 0.08229
Epoch: 49 | Iteration: 700 | Classification loss: 0.00532 | Regression loss: 0.04754 | Running loss: 0.08023
Epoch: 49 | Iteration: 800 | Classification loss: 0.00019 | Regression loss: 0.03179 | Running loss: 0.07888
Epoch: 49 | Iteration: 900 | Classification loss: 0.00163 | Regression loss: 0.04076 | Running loss: 0.08030
Epoch: 49 | Iteration: 1000 | Classification loss: 0.00044 | Regression loss: 0.02087 | Running loss: 0.08293
epoch_loss_list:
[1.5048140184147152, 1.2349607245776597, 1.073891547633203, 0.9884104395475913, 0.9092650648323805, 0.8510473793533844, 0.7926415143402543, 0.7423024437001605, 0.7050704459887086, 0.6359834200519277, 0.601689888164401, 0.5625115660950541, 0.5222883756294494, 0.4943551076136119, 0.46074235051371687, 0.4295510893364943, 0.4088266979440988, 0.3859253026193052, 0.36011789604933475, 0.337768921173933, 0.3190685137519686, 0.3075452483420473, 0.294035808542582, 0.2765762605796033, 0.266598670897404, 0.25850868145348577, 0.23976455894885512, 0.23222492147222396, 0.2262976766017625, 0.21554142084361355, 0.21301808039929102, 0.2040086076118228, 0.20186184613606123, 0.19718293041562823, 0.18562052696649953, 0.1839511906233154, 0.17953926523392066, 0.1694240303779769, 0.16724365827532148, 0.1666491238957667, 0.16078793057460544, 0.15555756054195305, 0.15137581216945042, 0.14921218024724434, 0.14209421578332723, 0.14212076386572486, 0.13625887766348446, 0.13747869416297684, 0.10357488010295916, 0.08243303156483507]
Evaluating dataset
Loading and preparing results...
DONE (t=0.05s)
creating index...
index created!
Running per image evaluation...
Evaluate annotation type *bbox*
DONE (t=1.04s).
Accumulating evaluation results...
DONE (t=0.33s).
 Average Precision  (AP) @[ IoU=0.50:0.95 | area=   all | maxDets=100 ] = 0.303
 Average Precision  (AP) @[ IoU=0.50      | area=   all | maxDets=100 ] = 0.485
 Average Precision  (AP) @[ IoU=0.75      | area=   all | maxDets=100 ] = 0.315
 Average Precision  (AP) @[ IoU=0.50:0.95 | area= small | maxDets=100 ] = 0.029
 Average Precision  (AP) @[ IoU=0.50:0.95 | area=medium | maxDets=100 ] = 0.139
 Average Precision  (AP) @[ IoU=0.50:0.95 | area= large | maxDets=100 ] = 0.380
 Average Recall     (AR) @[ IoU=0.50:0.95 | area=   all | maxDets=  1 ] = 0.351
 Average Recall     (AR) @[ IoU=0.50:0.95 | area=   all | maxDets= 10 ] = 0.419
 Average Recall     (AR) @[ IoU=0.50:0.95 | area=   all | maxDets=100 ] = 0.419
 Average Recall     (AR) @[ IoU=0.50:0.95 | area= small | maxDets=100 ] = 0.041
 Average Recall     (AR) @[ IoU=0.50:0.95 | area=medium | maxDets=100 ] = 0.211
 Average Recall     (AR) @[ IoU=0.50:0.95 | area= large | maxDets=100 ] = 0.513
epoch_loss_list:
[1.5048140184147152, 1.2349607245776597, 1.073891547633203, 0.9884104395475913, 0.9092650648323805, 0.8510473793533844, 0.7926415143402543, 0.7423024437001605, 0.7050704459887086, 0.6359834200519277, 0.601689888164401, 0.5625115660950541, 0.5222883756294494, 0.4943551076136119, 0.46074235051371687, 0.4295510893364943, 0.4088266979440988, 0.3859253026193052, 0.36011789604933475, 0.337768921173933, 0.3190685137519686, 0.3075452483420473, 0.294035808542582, 0.2765762605796033, 0.266598670897404, 0.25850868145348577, 0.23976455894885512, 0.23222492147222396, 0.2262976766017625, 0.21554142084361355, 0.21301808039929102, 0.2040086076118228, 0.20186184613606123, 0.19718293041562823, 0.18562052696649953, 0.1839511906233154, 0.17953926523392066, 0.1694240303779769, 0.16724365827532148, 0.1666491238957667, 0.16078793057460544, 0.15555756054195305, 0.15137581216945042, 0.14921218024724434, 0.14209421578332723, 0.14212076386572486, 0.13625887766348446, 0.13747869416297684, 0.10357488010295916, 0.08243303156483507]
