loading annotations into memory...
Done (t=0.03s)
creating index...
index created!
loading annotations into memory...
Done (t=0.02s)
creating index...
index created!
Num training images: 2031
Epoch: 0 | Iteration: 0 | Classification loss: 1.14449 | Regression loss: 0.95464 | Running loss: 2.09913
Epoch: 0 | Iteration: 100 | Classification loss: 0.58954 | Regression loss: 0.93483 | Running loss: 1.94287
Epoch: 0 | Iteration: 200 | Classification loss: 1.00856 | Regression loss: 0.92871 | Running loss: 1.83976
Epoch: 0 | Iteration: 300 | Classification loss: 0.63336 | Regression loss: 1.09025 | Running loss: 1.78088
Epoch: 0 | Iteration: 400 | Classification loss: 0.74015 | Regression loss: 0.97047 | Running loss: 1.72496
Epoch: 0 | Iteration: 500 | Classification loss: 0.64907 | Regression loss: 0.53149 | Running loss: 1.68149
Epoch: 0 | Iteration: 600 | Classification loss: 1.00900 | Regression loss: 0.91114 | Running loss: 1.60778
Epoch: 0 | Iteration: 700 | Classification loss: 0.64608 | Regression loss: 0.91672 | Running loss: 1.57644
Epoch: 0 | Iteration: 800 | Classification loss: 0.92000 | Regression loss: 0.99259 | Running loss: 1.53370
Epoch: 0 | Iteration: 900 | Classification loss: 0.59057 | Regression loss: 0.73017 | Running loss: 1.52121
Epoch: 0 | Iteration: 1000 | Classification loss: 0.42821 | Regression loss: 0.84310 | Running loss: 1.51026
Epoch: 1 | Iteration: 0 | Classification loss: 0.53675 | Regression loss: 0.54265 | Running loss: 1.50772
Epoch: 1 | Iteration: 100 | Classification loss: 0.81155 | Regression loss: 1.08492 | Running loss: 1.46684
Epoch: 1 | Iteration: 200 | Classification loss: 0.82964 | Regression loss: 0.90980 | Running loss: 1.42495
Epoch: 1 | Iteration: 300 | Classification loss: 0.77325 | Regression loss: 0.97529 | Running loss: 1.42078
Epoch: 1 | Iteration: 400 | Classification loss: 0.74897 | Regression loss: 0.84506 | Running loss: 1.39324
Epoch: 1 | Iteration: 500 | Classification loss: 0.56990 | Regression loss: 0.64345 | Running loss: 1.37812
Epoch: 1 | Iteration: 600 | Classification loss: 0.62249 | Regression loss: 0.70279 | Running loss: 1.35633
Epoch: 1 | Iteration: 700 | Classification loss: 0.71872 | Regression loss: 0.58566 | Running loss: 1.34395
Epoch: 1 | Iteration: 800 | Classification loss: 0.50799 | Regression loss: 0.72118 | Running loss: 1.31533
Epoch: 1 | Iteration: 900 | Classification loss: 0.59035 | Regression loss: 0.86386 | Running loss: 1.29593
Epoch: 1 | Iteration: 1000 | Classification loss: 0.40925 | Regression loss: 0.60932 | Running loss: 1.27707
Epoch: 2 | Iteration: 0 | Classification loss: 0.53519 | Regression loss: 0.65862 | Running loss: 1.28422
Epoch: 2 | Iteration: 100 | Classification loss: 0.39477 | Regression loss: 0.44780 | Running loss: 1.26529
Epoch: 2 | Iteration: 200 | Classification loss: 0.71820 | Regression loss: 1.01804 | Running loss: 1.24492
Epoch: 2 | Iteration: 300 | Classification loss: 0.87143 | Regression loss: 0.96570 | Running loss: 1.22930
Epoch: 2 | Iteration: 400 | Classification loss: 0.28312 | Regression loss: 0.39251 | Running loss: 1.21516
Epoch: 2 | Iteration: 500 | Classification loss: 0.55135 | Regression loss: 0.86668 | Running loss: 1.20542
Epoch: 2 | Iteration: 600 | Classification loss: 0.70352 | Regression loss: 0.82491 | Running loss: 1.19780
Epoch: 2 | Iteration: 700 | Classification loss: 0.58287 | Regression loss: 0.91679 | Running loss: 1.18535
Epoch: 2 | Iteration: 800 | Classification loss: 0.45961 | Regression loss: 0.52461 | Running loss: 1.17688
Epoch: 2 | Iteration: 900 | Classification loss: 0.39775 | Regression loss: 0.61760 | Running loss: 1.17501
Epoch: 2 | Iteration: 1000 | Classification loss: 0.69410 | Regression loss: 0.49220 | Running loss: 1.15785
Epoch: 3 | Iteration: 0 | Classification loss: 0.62801 | Regression loss: 0.98871 | Running loss: 1.16064
Epoch: 3 | Iteration: 100 | Classification loss: 0.39384 | Regression loss: 0.51010 | Running loss: 1.13724
Epoch: 3 | Iteration: 200 | Classification loss: 0.43066 | Regression loss: 0.59864 | Running loss: 1.14032
Epoch: 3 | Iteration: 300 | Classification loss: 0.36146 | Regression loss: 0.53950 | Running loss: 1.16128
Epoch: 3 | Iteration: 400 | Classification loss: 0.50723 | Regression loss: 0.55705 | Running loss: 1.14607
Epoch: 3 | Iteration: 500 | Classification loss: 0.61939 | Regression loss: 0.91884 | Running loss: 1.13882
Epoch: 3 | Iteration: 600 | Classification loss: 0.59195 | Regression loss: 0.62501 | Running loss: 1.13813
Epoch: 3 | Iteration: 700 | Classification loss: 0.40481 | Regression loss: 0.35934 | Running loss: 1.12334
Epoch: 3 | Iteration: 800 | Classification loss: 0.55028 | Regression loss: 0.89180 | Running loss: 1.09269
Epoch: 3 | Iteration: 900 | Classification loss: 0.60785 | Regression loss: 0.83901 | Running loss: 1.07852
Epoch: 3 | Iteration: 1000 | Classification loss: 0.71347 | Regression loss: 0.73435 | Running loss: 1.05522
Epoch: 4 | Iteration: 0 | Classification loss: 0.33345 | Regression loss: 0.51066 | Running loss: 1.05438
Epoch: 4 | Iteration: 100 | Classification loss: 0.32418 | Regression loss: 0.61236 | Running loss: 1.03388
Epoch: 4 | Iteration: 200 | Classification loss: 0.17725 | Regression loss: 0.12463 | Running loss: 1.02669
Epoch: 4 | Iteration: 300 | Classification loss: 0.52665 | Regression loss: 0.62066 | Running loss: 1.02973
Epoch: 4 | Iteration: 400 | Classification loss: 0.35426 | Regression loss: 0.51554 | Running loss: 1.03015
Epoch: 4 | Iteration: 500 | Classification loss: 0.22944 | Regression loss: 0.38335 | Running loss: 1.02704
Epoch: 4 | Iteration: 600 | Classification loss: 0.57587 | Regression loss: 0.53850 | Running loss: 1.03990
Epoch: 4 | Iteration: 700 | Classification loss: 0.52085 | Regression loss: 0.71043 | Running loss: 1.02773
Epoch: 4 | Iteration: 800 | Classification loss: 0.27597 | Regression loss: 0.23656 | Running loss: 1.01312
Epoch: 4 | Iteration: 900 | Classification loss: 0.31056 | Regression loss: 0.40694 | Running loss: 0.99836
Epoch: 4 | Iteration: 1000 | Classification loss: 0.23033 | Regression loss: 0.32460 | Running loss: 1.00428
Epoch: 5 | Iteration: 0 | Classification loss: 0.54508 | Regression loss: 0.83263 | Running loss: 1.00037
Epoch: 5 | Iteration: 100 | Classification loss: 0.84811 | Regression loss: 0.56221 | Running loss: 0.98595
Epoch: 5 | Iteration: 200 | Classification loss: 0.57052 | Regression loss: 0.77953 | Running loss: 0.98298
Epoch: 5 | Iteration: 300 | Classification loss: 0.15711 | Regression loss: 0.32602 | Running loss: 0.96758
Epoch: 5 | Iteration: 400 | Classification loss: 0.39847 | Regression loss: 0.68259 | Running loss: 0.96330
Epoch: 5 | Iteration: 500 | Classification loss: 0.27959 | Regression loss: 0.57101 | Running loss: 0.93953
Epoch: 5 | Iteration: 600 | Classification loss: 0.16113 | Regression loss: 0.23057 | Running loss: 0.93241
Epoch: 5 | Iteration: 700 | Classification loss: 0.57052 | Regression loss: 0.54323 | Running loss: 0.92568
Epoch: 5 | Iteration: 800 | Classification loss: 0.24985 | Regression loss: 0.21041 | Running loss: 0.93020
Epoch: 5 | Iteration: 900 | Classification loss: 0.51589 | Regression loss: 0.71727 | Running loss: 0.91534
Epoch: 5 | Iteration: 1000 | Classification loss: 0.31157 | Regression loss: 0.44177 | Running loss: 0.91750
Epoch: 6 | Iteration: 0 | Classification loss: 0.29890 | Regression loss: 0.40996 | Running loss: 0.92175
Epoch: 6 | Iteration: 100 | Classification loss: 0.22298 | Regression loss: 0.20965 | Running loss: 0.90409
Epoch: 6 | Iteration: 200 | Classification loss: 0.64052 | Regression loss: 0.64553 | Running loss: 0.88781
Epoch: 6 | Iteration: 300 | Classification loss: 0.44444 | Regression loss: 0.39873 | Running loss: 0.87584
Epoch: 6 | Iteration: 400 | Classification loss: 0.22541 | Regression loss: 0.23497 | Running loss: 0.85959
Epoch: 6 | Iteration: 500 | Classification loss: 0.29495 | Regression loss: 0.29076 | Running loss: 0.84468
Epoch: 6 | Iteration: 600 | Classification loss: 0.67369 | Regression loss: 0.52427 | Running loss: 0.85572
Epoch: 6 | Iteration: 700 | Classification loss: 0.30674 | Regression loss: 0.55302 | Running loss: 0.87231
Epoch: 6 | Iteration: 800 | Classification loss: 0.30301 | Regression loss: 0.24053 | Running loss: 0.87241
Epoch: 6 | Iteration: 900 | Classification loss: 0.33018 | Regression loss: 0.36663 | Running loss: 0.87594
Epoch: 6 | Iteration: 1000 | Classification loss: 0.31571 | Regression loss: 0.50393 | Running loss: 0.87298
Epoch: 7 | Iteration: 0 | Classification loss: 0.21766 | Regression loss: 0.40906 | Running loss: 0.87394
Epoch: 7 | Iteration: 100 | Classification loss: 0.33453 | Regression loss: 0.34732 | Running loss: 0.85848
Epoch: 7 | Iteration: 200 | Classification loss: 0.29409 | Regression loss: 0.33017 | Running loss: 0.83785
Epoch: 7 | Iteration: 300 | Classification loss: 0.21204 | Regression loss: 0.28651 | Running loss: 0.82183
Epoch: 7 | Iteration: 400 | Classification loss: 0.27148 | Regression loss: 0.34353 | Running loss: 0.81480
Epoch: 7 | Iteration: 500 | Classification loss: 0.48308 | Regression loss: 0.49650 | Running loss: 0.80864
Epoch: 7 | Iteration: 600 | Classification loss: 0.23972 | Regression loss: 0.57010 | Running loss: 0.81430
Epoch: 7 | Iteration: 700 | Classification loss: 0.60757 | Regression loss: 0.82871 | Running loss: 0.81015
Epoch: 7 | Iteration: 800 | Classification loss: 0.40094 | Regression loss: 0.43112 | Running loss: 0.79849
Epoch: 7 | Iteration: 900 | Classification loss: 0.50936 | Regression loss: 0.83717 | Running loss: 0.78627
Epoch: 7 | Iteration: 1000 | Classification loss: 0.30873 | Regression loss: 0.39005 | Running loss: 0.79200
Epoch: 8 | Iteration: 0 | Classification loss: 0.26708 | Regression loss: 0.41441 | Running loss: 0.78609
Epoch: 8 | Iteration: 100 | Classification loss: 0.16119 | Regression loss: 0.52078 | Running loss: 0.77155
Epoch: 8 | Iteration: 200 | Classification loss: 0.20883 | Regression loss: 0.15824 | Running loss: 0.75724
Epoch: 8 | Iteration: 300 | Classification loss: 0.08519 | Regression loss: 0.32862 | Running loss: 0.75791
Epoch: 8 | Iteration: 400 | Classification loss: 0.25362 | Regression loss: 0.33811 | Running loss: 0.74689
Epoch: 8 | Iteration: 500 | Classification loss: 0.29955 | Regression loss: 0.58701 | Running loss: 0.73687
Epoch: 8 | Iteration: 600 | Classification loss: 0.53902 | Regression loss: 0.08259 | Running loss: 0.73566
Epoch: 8 | Iteration: 700 | Classification loss: 0.31099 | Regression loss: 0.34984 | Running loss: 0.73950
Epoch: 8 | Iteration: 800 | Classification loss: 0.42457 | Regression loss: 0.39357 | Running loss: 0.74736
Epoch: 8 | Iteration: 900 | Classification loss: 0.41791 | Regression loss: 0.57121 | Running loss: 0.75069
Epoch: 8 | Iteration: 1000 | Classification loss: 0.17254 | Regression loss: 0.34240 | Running loss: 0.75715
Epoch: 9 | Iteration: 0 | Classification loss: 0.31987 | Regression loss: 0.33149 | Running loss: 0.75379
Epoch: 9 | Iteration: 100 | Classification loss: 0.18215 | Regression loss: 0.17842 | Running loss: 0.74839
Epoch: 9 | Iteration: 200 | Classification loss: 0.31752 | Regression loss: 0.27033 | Running loss: 0.74082
Epoch: 9 | Iteration: 300 | Classification loss: 0.22651 | Regression loss: 0.27156 | Running loss: 0.71979
Epoch: 9 | Iteration: 400 | Classification loss: 0.64892 | Regression loss: 0.73769 | Running loss: 0.71281
Epoch: 9 | Iteration: 500 | Classification loss: 0.25833 | Regression loss: 0.36931 | Running loss: 0.69788
Epoch: 9 | Iteration: 600 | Classification loss: 0.19901 | Regression loss: 0.12161 | Running loss: 0.69098
Epoch: 9 | Iteration: 700 | Classification loss: 0.49083 | Regression loss: 0.53958 | Running loss: 0.69610
Epoch: 9 | Iteration: 800 | Classification loss: 0.11351 | Regression loss: 0.21774 | Running loss: 0.68956
Epoch: 9 | Iteration: 900 | Classification loss: 0.25934 | Regression loss: 0.25440 | Running loss: 0.68400
Epoch: 9 | Iteration: 1000 | Classification loss: 0.22892 | Regression loss: 0.33887 | Running loss: 0.68857
epoch_loss_list:
[1.5916821927888187, 1.3292744846383886, 1.1823020935879918, 1.0957840012577105, 1.01449471257451, 0.9309584555898126, 0.8588897227126313, 0.7991556330459324, 0.7447545866327961, 0.6923033849402206]
Evaluating dataset
Loading and preparing results...
DONE (t=0.86s)
creating index...
index created!
Running per image evaluation...
Evaluate annotation type *bbox*
DONE (t=4.05s).
Accumulating evaluation results...
DONE (t=1.87s).
 Average Precision  (AP) @[ IoU=0.50:0.95 | area=   all | maxDets=100 ] = 0.148
 Average Precision  (AP) @[ IoU=0.50      | area=   all | maxDets=100 ] = 0.296
 Average Precision  (AP) @[ IoU=0.75      | area=   all | maxDets=100 ] = 0.132
 Average Precision  (AP) @[ IoU=0.50:0.95 | area= small | maxDets=100 ] = 0.016
 Average Precision  (AP) @[ IoU=0.50:0.95 | area=medium | maxDets=100 ] = 0.067
 Average Precision  (AP) @[ IoU=0.50:0.95 | area= large | maxDets=100 ] = 0.182
 Average Recall     (AR) @[ IoU=0.50:0.95 | area=   all | maxDets=  1 ] = 0.268
 Average Recall     (AR) @[ IoU=0.50:0.95 | area=   all | maxDets= 10 ] = 0.407
 Average Recall     (AR) @[ IoU=0.50:0.95 | area=   all | maxDets=100 ] = 0.434
 Average Recall     (AR) @[ IoU=0.50:0.95 | area= small | maxDets=100 ] = 0.067
 Average Recall     (AR) @[ IoU=0.50:0.95 | area=medium | maxDets=100 ] = 0.277
 Average Recall     (AR) @[ IoU=0.50:0.95 | area= large | maxDets=100 ] = 0.517
Epoch: 10 | Iteration: 0 | Classification loss: 0.29603 | Regression loss: 0.21782 | Running loss: 0.68738
Epoch: 10 | Iteration: 100 | Classification loss: 0.13983 | Regression loss: 0.36927 | Running loss: 0.67839
Epoch: 10 | Iteration: 200 | Classification loss: 0.32482 | Regression loss: 0.36563 | Running loss: 0.66037
Epoch: 10 | Iteration: 300 | Classification loss: 0.46394 | Regression loss: 0.61118 | Running loss: 0.66376
Epoch: 10 | Iteration: 400 | Classification loss: 0.17514 | Regression loss: 0.21714 | Running loss: 0.65672
Epoch: 10 | Iteration: 500 | Classification loss: 0.36273 | Regression loss: 0.50030 | Running loss: 0.65210
Epoch: 10 | Iteration: 600 | Classification loss: 0.19862 | Regression loss: 0.36526 | Running loss: 0.64915
Epoch: 10 | Iteration: 700 | Classification loss: 0.52588 | Regression loss: 0.43444 | Running loss: 0.65160
Epoch: 10 | Iteration: 800 | Classification loss: 0.65474 | Regression loss: 0.74469 | Running loss: 0.65623
Epoch: 10 | Iteration: 900 | Classification loss: 0.33508 | Regression loss: 0.63778 | Running loss: 0.65242
Epoch: 10 | Iteration: 1000 | Classification loss: 0.10049 | Regression loss: 0.32039 | Running loss: 0.65027
Epoch: 11 | Iteration: 0 | Classification loss: 0.28812 | Regression loss: 0.27797 | Running loss: 0.65224
Epoch: 11 | Iteration: 100 | Classification loss: 0.13441 | Regression loss: 0.12968 | Running loss: 0.64928
Epoch: 11 | Iteration: 200 | Classification loss: 0.18393 | Regression loss: 0.24002 | Running loss: 0.63295
Epoch: 11 | Iteration: 300 | Classification loss: 0.70493 | Regression loss: 0.50949 | Running loss: 0.62271
Epoch: 11 | Iteration: 400 | Classification loss: 0.13238 | Regression loss: 0.27106 | Running loss: 0.61427
Epoch: 11 | Iteration: 500 | Classification loss: 0.23298 | Regression loss: 0.26299 | Running loss: 0.59934
Epoch: 11 | Iteration: 600 | Classification loss: 0.37555 | Regression loss: 0.40114 | Running loss: 0.60584
Epoch: 11 | Iteration: 700 | Classification loss: 0.24734 | Regression loss: 0.29496 | Running loss: 0.60742
Epoch: 11 | Iteration: 800 | Classification loss: 0.21102 | Regression loss: 0.26295 | Running loss: 0.59921
Epoch: 11 | Iteration: 900 | Classification loss: 0.35293 | Regression loss: 0.45846 | Running loss: 0.59854
Epoch: 11 | Iteration: 1000 | Classification loss: 0.24705 | Regression loss: 0.24476 | Running loss: 0.60908
Epoch: 12 | Iteration: 0 | Classification loss: 0.28237 | Regression loss: 0.36922 | Running loss: 0.60947
Epoch: 12 | Iteration: 100 | Classification loss: 0.25893 | Regression loss: 0.17416 | Running loss: 0.59458
Epoch: 12 | Iteration: 200 | Classification loss: 0.30537 | Regression loss: 0.17843 | Running loss: 0.59408
Epoch: 12 | Iteration: 300 | Classification loss: 0.10606 | Regression loss: 0.23730 | Running loss: 0.58218
Epoch: 12 | Iteration: 400 | Classification loss: 0.39006 | Regression loss: 0.32231 | Running loss: 0.57440
Epoch: 12 | Iteration: 500 | Classification loss: 0.09135 | Regression loss: 0.29480 | Running loss: 0.55783
Epoch: 12 | Iteration: 600 | Classification loss: 0.28486 | Regression loss: 0.39924 | Running loss: 0.55782
Epoch: 12 | Iteration: 700 | Classification loss: 0.34374 | Regression loss: 0.39332 | Running loss: 0.55660
Epoch: 12 | Iteration: 800 | Classification loss: 0.37962 | Regression loss: 0.43702 | Running loss: 0.56641
Epoch: 12 | Iteration: 900 | Classification loss: 0.21266 | Regression loss: 0.47953 | Running loss: 0.57011
Epoch: 12 | Iteration: 1000 | Classification loss: 0.09870 | Regression loss: 0.11957 | Running loss: 0.57098
Epoch: 13 | Iteration: 0 | Classification loss: 0.62713 | Regression loss: 0.13511 | Running loss: 0.57402
Epoch: 13 | Iteration: 100 | Classification loss: 0.20665 | Regression loss: 0.16673 | Running loss: 0.56434
Epoch: 13 | Iteration: 200 | Classification loss: 0.10283 | Regression loss: 0.15539 | Running loss: 0.55904
Epoch: 13 | Iteration: 300 | Classification loss: 0.29942 | Regression loss: 0.32182 | Running loss: 0.54850
Epoch: 13 | Iteration: 400 | Classification loss: 0.24496 | Regression loss: 0.16119 | Running loss: 0.54114
Epoch: 13 | Iteration: 500 | Classification loss: 0.33396 | Regression loss: 0.25040 | Running loss: 0.52509
Epoch: 13 | Iteration: 600 | Classification loss: 0.11910 | Regression loss: 0.17536 | Running loss: 0.52038
Epoch: 13 | Iteration: 700 | Classification loss: 0.22083 | Regression loss: 0.18084 | Running loss: 0.51095
Epoch: 13 | Iteration: 800 | Classification loss: 0.25142 | Regression loss: 0.24768 | Running loss: 0.50806
Epoch: 13 | Iteration: 900 | Classification loss: 0.14813 | Regression loss: 0.39834 | Running loss: 0.51053
Epoch: 13 | Iteration: 1000 | Classification loss: 0.38803 | Regression loss: 0.43794 | Running loss: 0.51622
Epoch: 14 | Iteration: 0 | Classification loss: 0.10706 | Regression loss: 0.15306 | Running loss: 0.51473
Epoch: 14 | Iteration: 100 | Classification loss: 0.24997 | Regression loss: 0.29643 | Running loss: 0.51242
Epoch: 14 | Iteration: 200 | Classification loss: 0.10913 | Regression loss: 0.22893 | Running loss: 0.51448
Epoch: 14 | Iteration: 300 | Classification loss: 0.10252 | Regression loss: 0.08991 | Running loss: 0.50180
Epoch: 14 | Iteration: 400 | Classification loss: 0.07304 | Regression loss: 0.14351 | Running loss: 0.49123
Epoch: 14 | Iteration: 500 | Classification loss: 0.09611 | Regression loss: 0.13689 | Running loss: 0.48495
Epoch: 14 | Iteration: 600 | Classification loss: 0.22987 | Regression loss: 0.21704 | Running loss: 0.47768
Epoch: 14 | Iteration: 700 | Classification loss: 0.10232 | Regression loss: 0.23114 | Running loss: 0.48522
Epoch: 14 | Iteration: 800 | Classification loss: 0.35424 | Regression loss: 0.34917 | Running loss: 0.48034
Epoch: 14 | Iteration: 900 | Classification loss: 0.34571 | Regression loss: 0.29698 | Running loss: 0.48486
Epoch: 14 | Iteration: 1000 | Classification loss: 0.17011 | Regression loss: 0.16822 | Running loss: 0.49259
Epoch: 15 | Iteration: 0 | Classification loss: 0.21581 | Regression loss: 0.31401 | Running loss: 0.49312
Epoch: 15 | Iteration: 100 | Classification loss: 0.16132 | Regression loss: 0.30881 | Running loss: 0.48917
Epoch: 15 | Iteration: 200 | Classification loss: 0.22528 | Regression loss: 0.17225 | Running loss: 0.47748
Epoch: 15 | Iteration: 300 | Classification loss: 0.15844 | Regression loss: 0.18329 | Running loss: 0.47824
Epoch: 15 | Iteration: 400 | Classification loss: 0.09184 | Regression loss: 0.14780 | Running loss: 0.46605
Epoch: 15 | Iteration: 500 | Classification loss: 0.08571 | Regression loss: 0.14269 | Running loss: 0.46676
Epoch: 15 | Iteration: 600 | Classification loss: 0.13243 | Regression loss: 0.38284 | Running loss: 0.46316
Epoch: 15 | Iteration: 700 | Classification loss: 0.09084 | Regression loss: 0.33692 | Running loss: 0.45611
Epoch: 15 | Iteration: 800 | Classification loss: 0.12066 | Regression loss: 0.28124 | Running loss: 0.45337
Epoch: 15 | Iteration: 900 | Classification loss: 0.04184 | Regression loss: 0.09134 | Running loss: 0.45906
Epoch: 15 | Iteration: 1000 | Classification loss: 0.15735 | Regression loss: 0.29851 | Running loss: 0.45198
Epoch: 16 | Iteration: 0 | Classification loss: 0.30745 | Regression loss: 0.41630 | Running loss: 0.45006
Epoch: 16 | Iteration: 100 | Classification loss: 0.23024 | Regression loss: 0.24877 | Running loss: 0.44830
Epoch: 16 | Iteration: 200 | Classification loss: 0.08411 | Regression loss: 0.16576 | Running loss: 0.44517
Epoch: 16 | Iteration: 300 | Classification loss: 0.07076 | Regression loss: 0.13264 | Running loss: 0.44062
Epoch: 16 | Iteration: 400 | Classification loss: 0.09876 | Regression loss: 0.31983 | Running loss: 0.44077
Epoch: 16 | Iteration: 500 | Classification loss: 0.18818 | Regression loss: 0.26247 | Running loss: 0.43353
Epoch: 16 | Iteration: 600 | Classification loss: 0.09054 | Regression loss: 0.15394 | Running loss: 0.43048
Epoch: 16 | Iteration: 700 | Classification loss: 0.10673 | Regression loss: 0.25076 | Running loss: 0.43416
Epoch: 16 | Iteration: 800 | Classification loss: 0.11713 | Regression loss: 0.26351 | Running loss: 0.43336
Epoch: 16 | Iteration: 900 | Classification loss: 0.29610 | Regression loss: 0.40546 | Running loss: 0.43215
Epoch: 16 | Iteration: 1000 | Classification loss: 0.18214 | Regression loss: 0.28576 | Running loss: 0.43530
Epoch: 17 | Iteration: 0 | Classification loss: 0.13046 | Regression loss: 0.28579 | Running loss: 0.43394
Epoch: 17 | Iteration: 100 | Classification loss: 0.09407 | Regression loss: 0.09180 | Running loss: 0.43204
Epoch: 17 | Iteration: 200 | Classification loss: 0.05395 | Regression loss: 0.14965 | Running loss: 0.42414
Epoch: 17 | Iteration: 300 | Classification loss: 0.02541 | Regression loss: 0.10942 | Running loss: 0.41545
Epoch: 17 | Iteration: 400 | Classification loss: 0.07814 | Regression loss: 0.20985 | Running loss: 0.40951
Epoch: 17 | Iteration: 500 | Classification loss: 0.07743 | Regression loss: 0.20304 | Running loss: 0.40196
Epoch: 17 | Iteration: 600 | Classification loss: 0.08444 | Regression loss: 0.18656 | Running loss: 0.39909
Epoch: 17 | Iteration: 700 | Classification loss: 0.09504 | Regression loss: 0.26615 | Running loss: 0.40889
Epoch: 17 | Iteration: 800 | Classification loss: 0.08175 | Regression loss: 0.15848 | Running loss: 0.41413
Epoch: 17 | Iteration: 900 | Classification loss: 0.05157 | Regression loss: 0.12195 | Running loss: 0.41662
Epoch: 17 | Iteration: 1000 | Classification loss: 0.05744 | Regression loss: 0.19180 | Running loss: 0.40493
Epoch: 18 | Iteration: 0 | Classification loss: 0.04685 | Regression loss: 0.19957 | Running loss: 0.40420
Epoch: 18 | Iteration: 100 | Classification loss: 0.04875 | Regression loss: 0.10953 | Running loss: 0.39970
Epoch: 18 | Iteration: 200 | Classification loss: 0.11200 | Regression loss: 0.13775 | Running loss: 0.38053
Epoch: 18 | Iteration: 300 | Classification loss: 0.17397 | Regression loss: 0.08134 | Running loss: 0.38061
Epoch: 18 | Iteration: 400 | Classification loss: 0.05466 | Regression loss: 0.11028 | Running loss: 0.36683
Epoch: 18 | Iteration: 500 | Classification loss: 0.15490 | Regression loss: 0.25826 | Running loss: 0.36605
Epoch: 18 | Iteration: 600 | Classification loss: 0.31890 | Regression loss: 0.32602 | Running loss: 0.36309
Epoch: 18 | Iteration: 700 | Classification loss: 0.13771 | Regression loss: 0.37819 | Running loss: 0.37267
Epoch: 18 | Iteration: 800 | Classification loss: 0.10947 | Regression loss: 0.36314 | Running loss: 0.36857
Epoch: 18 | Iteration: 900 | Classification loss: 0.05603 | Regression loss: 0.18236 | Running loss: 0.37370
Epoch: 18 | Iteration: 1000 | Classification loss: 0.26024 | Regression loss: 0.30394 | Running loss: 0.37982
Epoch: 19 | Iteration: 0 | Classification loss: 0.09426 | Regression loss: 0.13532 | Running loss: 0.37991
Epoch: 19 | Iteration: 100 | Classification loss: 0.08563 | Regression loss: 0.20942 | Running loss: 0.37802
Epoch: 19 | Iteration: 200 | Classification loss: 0.25309 | Regression loss: 0.46661 | Running loss: 0.37616
Epoch: 19 | Iteration: 300 | Classification loss: 0.12131 | Regression loss: 0.16626 | Running loss: 0.36621
Epoch: 19 | Iteration: 400 | Classification loss: 0.16002 | Regression loss: 0.28932 | Running loss: 0.36082
Epoch: 19 | Iteration: 500 | Classification loss: 0.03514 | Regression loss: 0.19455 | Running loss: 0.35303
Epoch: 19 | Iteration: 600 | Classification loss: 0.18338 | Regression loss: 0.42667 | Running loss: 0.35623
Epoch: 19 | Iteration: 700 | Classification loss: 0.06440 | Regression loss: 0.18020 | Running loss: 0.34992
Epoch: 19 | Iteration: 800 | Classification loss: 0.28604 | Regression loss: 0.43231 | Running loss: 0.35278
Epoch: 19 | Iteration: 900 | Classification loss: 0.13153 | Regression loss: 0.28583 | Running loss: 0.35989
Epoch: 19 | Iteration: 1000 | Classification loss: 0.10247 | Regression loss: 0.28821 | Running loss: 0.36341
epoch_loss_list:
[1.5916821927888187, 1.3292744846383886, 1.1823020935879918, 1.0957840012577105, 1.01449471257451, 0.9309584555898126, 0.8588897227126313, 0.7991556330459324, 0.7447545866327961, 0.6923033849402206, 0.6518430723625375, 0.604410376561087, 0.56528558134006, 0.5191527205688042, 0.4878989535816542, 0.4592239510370638, 0.4343891706588993, 0.4030075690371725, 0.37277944700235105, 0.35764804361828084]
Evaluating dataset
Loading and preparing results...
DONE (t=0.40s)
creating index...
index created!
Running per image evaluation...
Evaluate annotation type *bbox*
DONE (t=2.47s).
Accumulating evaluation results...
DONE (t=1.04s).
 Average Precision  (AP) @[ IoU=0.50:0.95 | area=   all | maxDets=100 ] = 0.223
 Average Precision  (AP) @[ IoU=0.50      | area=   all | maxDets=100 ] = 0.408
 Average Precision  (AP) @[ IoU=0.75      | area=   all | maxDets=100 ] = 0.222
 Average Precision  (AP) @[ IoU=0.50:0.95 | area= small | maxDets=100 ] = 0.013
 Average Precision  (AP) @[ IoU=0.50:0.95 | area=medium | maxDets=100 ] = 0.086
 Average Precision  (AP) @[ IoU=0.50:0.95 | area= large | maxDets=100 ] = 0.279
 Average Recall     (AR) @[ IoU=0.50:0.95 | area=   all | maxDets=  1 ] = 0.302
 Average Recall     (AR) @[ IoU=0.50:0.95 | area=   all | maxDets= 10 ] = 0.418
 Average Recall     (AR) @[ IoU=0.50:0.95 | area=   all | maxDets=100 ] = 0.426
 Average Recall     (AR) @[ IoU=0.50:0.95 | area= small | maxDets=100 ] = 0.074
 Average Recall     (AR) @[ IoU=0.50:0.95 | area=medium | maxDets=100 ] = 0.273
 Average Recall     (AR) @[ IoU=0.50:0.95 | area= large | maxDets=100 ] = 0.503
Epoch: 20 | Iteration: 0 | Classification loss: 0.07229 | Regression loss: 0.20224 | Running loss: 0.36213
Epoch: 20 | Iteration: 100 | Classification loss: 0.03440 | Regression loss: 0.17740 | Running loss: 0.35271
Epoch: 20 | Iteration: 200 | Classification loss: 0.07637 | Regression loss: 0.15852 | Running loss: 0.34983
Epoch: 20 | Iteration: 300 | Classification loss: 0.07883 | Regression loss: 0.25786 | Running loss: 0.34429
Epoch: 20 | Iteration: 400 | Classification loss: 0.08574 | Regression loss: 0.14991 | Running loss: 0.34044
Epoch: 20 | Iteration: 500 | Classification loss: 0.03469 | Regression loss: 0.21994 | Running loss: 0.33585
Epoch: 20 | Iteration: 600 | Classification loss: 0.13118 | Regression loss: 0.25145 | Running loss: 0.33894
Epoch: 20 | Iteration: 700 | Classification loss: 0.02875 | Regression loss: 0.25380 | Running loss: 0.33809
Epoch: 20 | Iteration: 800 | Classification loss: 0.05235 | Regression loss: 0.17856 | Running loss: 0.34014
Epoch: 20 | Iteration: 900 | Classification loss: 0.24559 | Regression loss: 0.17220 | Running loss: 0.33474
Epoch: 20 | Iteration: 1000 | Classification loss: 0.03729 | Regression loss: 0.11167 | Running loss: 0.33387
Epoch: 21 | Iteration: 0 | Classification loss: 0.03357 | Regression loss: 0.14059 | Running loss: 0.33576
Epoch: 21 | Iteration: 100 | Classification loss: 0.12056 | Regression loss: 0.18712 | Running loss: 0.33100
Epoch: 21 | Iteration: 200 | Classification loss: 0.12779 | Regression loss: 0.25665 | Running loss: 0.32681
Epoch: 21 | Iteration: 300 | Classification loss: 0.17455 | Regression loss: 0.15574 | Running loss: 0.32470
Epoch: 21 | Iteration: 400 | Classification loss: 0.03489 | Regression loss: 0.17474 | Running loss: 0.32275
Epoch: 21 | Iteration: 500 | Classification loss: 0.06531 | Regression loss: 0.10092 | Running loss: 0.31857
Epoch: 21 | Iteration: 600 | Classification loss: 0.03604 | Regression loss: 0.12539 | Running loss: 0.32186
Epoch: 21 | Iteration: 700 | Classification loss: 0.10571 | Regression loss: 0.13380 | Running loss: 0.31849
Epoch: 21 | Iteration: 800 | Classification loss: 0.05087 | Regression loss: 0.23943 | Running loss: 0.31495
Epoch: 21 | Iteration: 900 | Classification loss: 0.11506 | Regression loss: 0.18389 | Running loss: 0.31817
Epoch: 21 | Iteration: 1000 | Classification loss: 0.02679 | Regression loss: 0.10933 | Running loss: 0.31821
Epoch: 22 | Iteration: 0 | Classification loss: 0.44865 | Regression loss: 0.18739 | Running loss: 0.31551
Epoch: 22 | Iteration: 100 | Classification loss: 0.10640 | Regression loss: 0.28025 | Running loss: 0.30786
Epoch: 22 | Iteration: 200 | Classification loss: 0.03348 | Regression loss: 0.17385 | Running loss: 0.31503
Epoch: 22 | Iteration: 300 | Classification loss: 0.01213 | Regression loss: 0.07664 | Running loss: 0.30718
Epoch: 22 | Iteration: 400 | Classification loss: 0.03187 | Regression loss: 0.20693 | Running loss: 0.29835
Epoch: 22 | Iteration: 500 | Classification loss: 0.11986 | Regression loss: 0.37041 | Running loss: 0.29736
Epoch: 22 | Iteration: 600 | Classification loss: 0.06779 | Regression loss: 0.13454 | Running loss: 0.29284
Epoch: 22 | Iteration: 700 | Classification loss: 0.03494 | Regression loss: 0.16471 | Running loss: 0.29569
Epoch: 22 | Iteration: 800 | Classification loss: 0.06585 | Regression loss: 0.09701 | Running loss: 0.29624
Epoch: 22 | Iteration: 900 | Classification loss: 0.12043 | Regression loss: 0.23724 | Running loss: 0.29945
Epoch: 22 | Iteration: 1000 | Classification loss: 0.03674 | Regression loss: 0.23935 | Running loss: 0.29627
Epoch: 23 | Iteration: 0 | Classification loss: 0.04032 | Regression loss: 0.13786 | Running loss: 0.29541
Epoch: 23 | Iteration: 100 | Classification loss: 0.06644 | Regression loss: 0.21147 | Running loss: 0.29802
Epoch: 23 | Iteration: 200 | Classification loss: 0.17068 | Regression loss: 0.20794 | Running loss: 0.28904
Epoch: 23 | Iteration: 300 | Classification loss: 0.13234 | Regression loss: 0.19493 | Running loss: 0.28934
Epoch: 23 | Iteration: 400 | Classification loss: 0.02826 | Regression loss: 0.20275 | Running loss: 0.28657
Epoch: 23 | Iteration: 500 | Classification loss: 0.14232 | Regression loss: 0.15502 | Running loss: 0.28131
Epoch: 23 | Iteration: 600 | Classification loss: 0.35848 | Regression loss: 0.23872 | Running loss: 0.27820
Epoch: 23 | Iteration: 700 | Classification loss: 0.04047 | Regression loss: 0.13869 | Running loss: 0.28262
Epoch: 23 | Iteration: 800 | Classification loss: 0.14706 | Regression loss: 0.21560 | Running loss: 0.28624
Epoch: 23 | Iteration: 900 | Classification loss: 0.04485 | Regression loss: 0.18097 | Running loss: 0.28739
Epoch: 23 | Iteration: 1000 | Classification loss: 0.14461 | Regression loss: 0.21688 | Running loss: 0.29220
Epoch: 24 | Iteration: 0 | Classification loss: 0.05404 | Regression loss: 0.15381 | Running loss: 0.29213
Epoch: 24 | Iteration: 100 | Classification loss: 0.05129 | Regression loss: 0.08183 | Running loss: 0.28798
Epoch: 24 | Iteration: 200 | Classification loss: 0.06160 | Regression loss: 0.18555 | Running loss: 0.28574
Epoch: 24 | Iteration: 300 | Classification loss: 0.03736 | Regression loss: 0.23118 | Running loss: 0.27719
Epoch: 24 | Iteration: 400 | Classification loss: 0.09896 | Regression loss: 0.19635 | Running loss: 0.27365
Epoch: 24 | Iteration: 500 | Classification loss: 0.05655 | Regression loss: 0.15119 | Running loss: 0.26555
Epoch: 24 | Iteration: 600 | Classification loss: 0.02570 | Regression loss: 0.20614 | Running loss: 0.26766
Epoch: 24 | Iteration: 700 | Classification loss: 0.05938 | Regression loss: 0.12915 | Running loss: 0.26989
Epoch: 24 | Iteration: 800 | Classification loss: 0.17224 | Regression loss: 0.20273 | Running loss: 0.27547
Epoch: 24 | Iteration: 900 | Classification loss: 0.02562 | Regression loss: 0.13010 | Running loss: 0.27730
Epoch: 24 | Iteration: 1000 | Classification loss: 0.11072 | Regression loss: 0.27186 | Running loss: 0.28631
Epoch: 25 | Iteration: 0 | Classification loss: 0.12138 | Regression loss: 0.25707 | Running loss: 0.28769
Epoch: 25 | Iteration: 100 | Classification loss: 0.12205 | Regression loss: 0.13927 | Running loss: 0.28986
Epoch: 25 | Iteration: 200 | Classification loss: 0.04592 | Regression loss: 0.12215 | Running loss: 0.28366
Epoch: 25 | Iteration: 300 | Classification loss: 0.31842 | Regression loss: 0.26590 | Running loss: 0.27992
Epoch: 25 | Iteration: 400 | Classification loss: 0.01429 | Regression loss: 0.12265 | Running loss: 0.28055
Epoch: 25 | Iteration: 500 | Classification loss: 0.12023 | Regression loss: 0.05224 | Running loss: 0.26841
Epoch: 25 | Iteration: 600 | Classification loss: 0.05589 | Regression loss: 0.14789 | Running loss: 0.26528
Epoch: 25 | Iteration: 700 | Classification loss: 0.05596 | Regression loss: 0.16307 | Running loss: 0.26693
Epoch: 25 | Iteration: 800 | Classification loss: 0.09863 | Regression loss: 0.21979 | Running loss: 0.26431
Epoch: 25 | Iteration: 900 | Classification loss: 0.15365 | Regression loss: 0.29201 | Running loss: 0.25909
Epoch: 25 | Iteration: 1000 | Classification loss: 0.06838 | Regression loss: 0.23218 | Running loss: 0.25518
Epoch: 26 | Iteration: 0 | Classification loss: 0.01377 | Regression loss: 0.04901 | Running loss: 0.25473
Epoch: 26 | Iteration: 100 | Classification loss: 0.01962 | Regression loss: 0.08841 | Running loss: 0.25273
Epoch: 26 | Iteration: 200 | Classification loss: 0.00750 | Regression loss: 0.04888 | Running loss: 0.25474
Epoch: 26 | Iteration: 300 | Classification loss: 0.14734 | Regression loss: 0.16197 | Running loss: 0.25023
Epoch: 26 | Iteration: 400 | Classification loss: 0.05919 | Regression loss: 0.17926 | Running loss: 0.25054
Epoch: 26 | Iteration: 500 | Classification loss: 0.02555 | Regression loss: 0.12493 | Running loss: 0.24746
Epoch: 26 | Iteration: 600 | Classification loss: 0.07847 | Regression loss: 0.18678 | Running loss: 0.24454
Epoch: 26 | Iteration: 700 | Classification loss: 0.09326 | Regression loss: 0.16760 | Running loss: 0.24647
Epoch: 26 | Iteration: 800 | Classification loss: 0.02684 | Regression loss: 0.11121 | Running loss: 0.24836
Epoch: 26 | Iteration: 900 | Classification loss: 0.02313 | Regression loss: 0.10147 | Running loss: 0.24884
Epoch: 26 | Iteration: 1000 | Classification loss: 0.00293 | Regression loss: 0.06207 | Running loss: 0.25397
Epoch: 27 | Iteration: 0 | Classification loss: 0.03854 | Regression loss: 0.17224 | Running loss: 0.25088
Epoch: 27 | Iteration: 100 | Classification loss: 0.46537 | Regression loss: 0.46444 | Running loss: 0.25072
Epoch: 27 | Iteration: 200 | Classification loss: 0.01078 | Regression loss: 0.09703 | Running loss: 0.24801
Epoch: 27 | Iteration: 300 | Classification loss: 0.00663 | Regression loss: 0.07567 | Running loss: 0.24460
Epoch: 27 | Iteration: 400 | Classification loss: 0.01201 | Regression loss: 0.09296 | Running loss: 0.23863
Epoch: 27 | Iteration: 500 | Classification loss: 0.10432 | Regression loss: 0.13631 | Running loss: 0.24157
Epoch: 27 | Iteration: 600 | Classification loss: 0.09614 | Regression loss: 0.25544 | Running loss: 0.23815
Epoch: 27 | Iteration: 700 | Classification loss: 0.00820 | Regression loss: 0.06781 | Running loss: 0.23822
Epoch: 27 | Iteration: 800 | Classification loss: 0.00487 | Regression loss: 0.09689 | Running loss: 0.24572
Epoch: 27 | Iteration: 900 | Classification loss: 0.08871 | Regression loss: 0.15363 | Running loss: 0.25113
Epoch: 27 | Iteration: 1000 | Classification loss: 0.01037 | Regression loss: 0.07727 | Running loss: 0.24768
Epoch: 28 | Iteration: 0 | Classification loss: 0.03866 | Regression loss: 0.11307 | Running loss: 0.24695
Epoch: 28 | Iteration: 100 | Classification loss: 0.05531 | Regression loss: 0.16707 | Running loss: 0.24488
Epoch: 28 | Iteration: 200 | Classification loss: 0.01714 | Regression loss: 0.20591 | Running loss: 0.23908
Epoch: 28 | Iteration: 300 | Classification loss: 0.06763 | Regression loss: 0.08348 | Running loss: 0.23501
Epoch: 28 | Iteration: 400 | Classification loss: 0.15001 | Regression loss: 0.25213 | Running loss: 0.23900
Epoch: 28 | Iteration: 500 | Classification loss: 0.04191 | Regression loss: 0.07635 | Running loss: 0.23336
Epoch: 28 | Iteration: 600 | Classification loss: 0.00841 | Regression loss: 0.13269 | Running loss: 0.23463
Epoch: 28 | Iteration: 700 | Classification loss: 0.03346 | Regression loss: 0.17463 | Running loss: 0.23665
Epoch: 28 | Iteration: 800 | Classification loss: 0.16671 | Regression loss: 0.24636 | Running loss: 0.23837
Epoch: 28 | Iteration: 900 | Classification loss: 0.11034 | Regression loss: 0.19990 | Running loss: 0.23188
Epoch: 28 | Iteration: 1000 | Classification loss: 0.09036 | Regression loss: 0.30155 | Running loss: 0.23131
Epoch: 29 | Iteration: 0 | Classification loss: 0.01576 | Regression loss: 0.08340 | Running loss: 0.23229
Epoch: 29 | Iteration: 100 | Classification loss: 0.26874 | Regression loss: 0.14570 | Running loss: 0.22845
Epoch: 29 | Iteration: 200 | Classification loss: 0.04290 | Regression loss: 0.09987 | Running loss: 0.22600
Epoch: 29 | Iteration: 300 | Classification loss: 0.04511 | Regression loss: 0.20432 | Running loss: 0.23151
Epoch: 29 | Iteration: 400 | Classification loss: 0.06416 | Regression loss: 0.16833 | Running loss: 0.23087
Epoch: 29 | Iteration: 500 | Classification loss: 0.08297 | Regression loss: 0.08779 | Running loss: 0.23726
Epoch: 29 | Iteration: 600 | Classification loss: 0.23340 | Regression loss: 0.16358 | Running loss: 0.23891
Epoch: 29 | Iteration: 700 | Classification loss: 0.02011 | Regression loss: 0.12516 | Running loss: 0.23680
Epoch: 29 | Iteration: 800 | Classification loss: 0.15571 | Regression loss: 0.16517 | Running loss: 0.22545
Epoch: 29 | Iteration: 900 | Classification loss: 0.05792 | Regression loss: 0.12519 | Running loss: 0.22441
Epoch: 29 | Iteration: 1000 | Classification loss: 0.01170 | Regression loss: 0.09775 | Running loss: 0.21381
epoch_loss_list:
[1.5916821927888187, 1.3292744846383886, 1.1823020935879918, 1.0957840012577105, 1.01449471257451, 0.9309584555898126, 0.8588897227126313, 0.7991556330459324, 0.7447545866327961, 0.6923033849402206, 0.6518430723625375, 0.604410376561087, 0.56528558134006, 0.5191527205688042, 0.4878989535816542, 0.4592239510370638, 0.4343891706588993, 0.4030075690371725, 0.37277944700235105, 0.35764804361828084, 0.3348241330777097, 0.3168013905666358, 0.2976029793196541, 0.28668593891390315, 0.27693140523977516, 0.2621651426265676, 0.24947327262296629, 0.24383938032767083, 0.23293846984958555, 0.2250983702664183]
Evaluating dataset
Loading and preparing results...
DONE (t=0.32s)
creating index...
index created!
Running per image evaluation...
Evaluate annotation type *bbox*
DONE (t=2.20s).
Accumulating evaluation results...
DONE (t=0.82s).
 Average Precision  (AP) @[ IoU=0.50:0.95 | area=   all | maxDets=100 ] = 0.215
 Average Precision  (AP) @[ IoU=0.50      | area=   all | maxDets=100 ] = 0.387
 Average Precision  (AP) @[ IoU=0.75      | area=   all | maxDets=100 ] = 0.207
 Average Precision  (AP) @[ IoU=0.50:0.95 | area= small | maxDets=100 ] = 0.009
 Average Precision  (AP) @[ IoU=0.50:0.95 | area=medium | maxDets=100 ] = 0.075
 Average Precision  (AP) @[ IoU=0.50:0.95 | area= large | maxDets=100 ] = 0.276
 Average Recall     (AR) @[ IoU=0.50:0.95 | area=   all | maxDets=  1 ] = 0.287
 Average Recall     (AR) @[ IoU=0.50:0.95 | area=   all | maxDets= 10 ] = 0.369
 Average Recall     (AR) @[ IoU=0.50:0.95 | area=   all | maxDets=100 ] = 0.370
 Average Recall     (AR) @[ IoU=0.50:0.95 | area= small | maxDets=100 ] = 0.018
 Average Recall     (AR) @[ IoU=0.50:0.95 | area=medium | maxDets=100 ] = 0.158
 Average Recall     (AR) @[ IoU=0.50:0.95 | area= large | maxDets=100 ] = 0.462
Epoch: 30 | Iteration: 0 | Classification loss: 0.00409 | Regression loss: 0.12026 | Running loss: 0.21373
Epoch: 30 | Iteration: 100 | Classification loss: 0.00974 | Regression loss: 0.11705 | Running loss: 0.21225
Epoch: 30 | Iteration: 200 | Classification loss: 0.08909 | Regression loss: 0.33451 | Running loss: 0.21182
Epoch: 30 | Iteration: 300 | Classification loss: 0.01223 | Regression loss: 0.10180 | Running loss: 0.21274
Epoch: 30 | Iteration: 400 | Classification loss: 0.01790 | Regression loss: 0.06446 | Running loss: 0.21246
Epoch: 30 | Iteration: 500 | Classification loss: 0.01878 | Regression loss: 0.22352 | Running loss: 0.21774
Epoch: 30 | Iteration: 600 | Classification loss: 0.10127 | Regression loss: 0.15322 | Running loss: 0.21629
Epoch: 30 | Iteration: 700 | Classification loss: 0.00856 | Regression loss: 0.07991 | Running loss: 0.21307
Epoch: 30 | Iteration: 800 | Classification loss: 0.03843 | Regression loss: 0.18450 | Running loss: 0.21292
Epoch: 30 | Iteration: 900 | Classification loss: 0.02017 | Regression loss: 0.08765 | Running loss: 0.21534
Epoch: 30 | Iteration: 1000 | Classification loss: 0.51009 | Regression loss: 0.13286 | Running loss: 0.21507
Epoch: 31 | Iteration: 0 | Classification loss: 0.16832 | Regression loss: 0.22561 | Running loss: 0.21513
Epoch: 31 | Iteration: 100 | Classification loss: 0.04999 | Regression loss: 0.11717 | Running loss: 0.21536
Epoch: 31 | Iteration: 200 | Classification loss: 0.01518 | Regression loss: 0.22107 | Running loss: 0.21771
Epoch: 31 | Iteration: 300 | Classification loss: 0.01062 | Regression loss: 0.06598 | Running loss: 0.21294
Epoch: 31 | Iteration: 400 | Classification loss: 0.02215 | Regression loss: 0.12486 | Running loss: 0.21386
Epoch: 31 | Iteration: 500 | Classification loss: 0.07816 | Regression loss: 0.26530 | Running loss: 0.21278
Epoch: 31 | Iteration: 600 | Classification loss: 0.04559 | Regression loss: 0.22291 | Running loss: 0.20974
Epoch: 31 | Iteration: 700 | Classification loss: 0.06583 | Regression loss: 0.08552 | Running loss: 0.21037
Epoch: 31 | Iteration: 800 | Classification loss: 0.11240 | Regression loss: 0.20051 | Running loss: 0.21252
Epoch: 31 | Iteration: 900 | Classification loss: 0.04624 | Regression loss: 0.20218 | Running loss: 0.20760
Epoch: 31 | Iteration: 1000 | Classification loss: 0.00400 | Regression loss: 0.02357 | Running loss: 0.21141
Epoch: 32 | Iteration: 0 | Classification loss: 0.02778 | Regression loss: 0.17858 | Running loss: 0.21164
Epoch: 32 | Iteration: 100 | Classification loss: 0.04182 | Regression loss: 0.13380 | Running loss: 0.20734
Epoch: 32 | Iteration: 200 | Classification loss: 0.00237 | Regression loss: 0.07951 | Running loss: 0.20404
Epoch: 32 | Iteration: 300 | Classification loss: 0.00562 | Regression loss: 0.11071 | Running loss: 0.20264
Epoch: 32 | Iteration: 400 | Classification loss: 0.03917 | Regression loss: 0.20879 | Running loss: 0.20358
Epoch: 32 | Iteration: 500 | Classification loss: 0.01916 | Regression loss: 0.08948 | Running loss: 0.19909
Epoch: 32 | Iteration: 600 | Classification loss: 0.01368 | Regression loss: 0.10466 | Running loss: 0.19627
Epoch: 32 | Iteration: 700 | Classification loss: 0.00503 | Regression loss: 0.13620 | Running loss: 0.19576
Epoch: 32 | Iteration: 800 | Classification loss: 0.02377 | Regression loss: 0.12980 | Running loss: 0.19999
Epoch: 32 | Iteration: 900 | Classification loss: 0.01436 | Regression loss: 0.11442 | Running loss: 0.19865
Epoch: 32 | Iteration: 1000 | Classification loss: 0.12832 | Regression loss: 0.31724 | Running loss: 0.20108
Epoch: 33 | Iteration: 0 | Classification loss: 0.02451 | Regression loss: 0.10594 | Running loss: 0.20185
Epoch: 33 | Iteration: 100 | Classification loss: 0.13344 | Regression loss: 0.26847 | Running loss: 0.20843
Epoch: 33 | Iteration: 200 | Classification loss: 0.01660 | Regression loss: 0.11025 | Running loss: 0.20329
Epoch: 33 | Iteration: 300 | Classification loss: 0.06522 | Regression loss: 0.27690 | Running loss: 0.20374
Epoch: 33 | Iteration: 400 | Classification loss: 0.01005 | Regression loss: 0.04955 | Running loss: 0.20356
Epoch: 33 | Iteration: 500 | Classification loss: 0.05479 | Regression loss: 0.10596 | Running loss: 0.19725
Epoch: 33 | Iteration: 600 | Classification loss: 0.01938 | Regression loss: 0.07557 | Running loss: 0.19291
Epoch: 33 | Iteration: 700 | Classification loss: 0.14688 | Regression loss: 0.14637 | Running loss: 0.19821
Epoch: 33 | Iteration: 800 | Classification loss: 0.05880 | Regression loss: 0.22421 | Running loss: 0.19701
Epoch: 33 | Iteration: 900 | Classification loss: 0.04590 | Regression loss: 0.11342 | Running loss: 0.19796
Epoch: 33 | Iteration: 1000 | Classification loss: 0.08763 | Regression loss: 0.31105 | Running loss: 0.20040
Epoch: 34 | Iteration: 0 | Classification loss: 0.00580 | Regression loss: 0.06748 | Running loss: 0.20106
Epoch: 34 | Iteration: 100 | Classification loss: 0.01234 | Regression loss: 0.07372 | Running loss: 0.19537
Epoch: 34 | Iteration: 200 | Classification loss: 0.01855 | Regression loss: 0.06562 | Running loss: 0.19069
Epoch: 34 | Iteration: 300 | Classification loss: 0.04767 | Regression loss: 0.19133 | Running loss: 0.19466
Epoch: 34 | Iteration: 400 | Classification loss: 0.01573 | Regression loss: 0.07556 | Running loss: 0.18756
Epoch: 34 | Iteration: 500 | Classification loss: 0.04263 | Regression loss: 0.14289 | Running loss: 0.19168
Epoch: 34 | Iteration: 600 | Classification loss: 0.03485 | Regression loss: 0.25322 | Running loss: 0.19478
Epoch: 34 | Iteration: 700 | Classification loss: 0.09625 | Regression loss: 0.19257 | Running loss: 0.19789
Epoch: 34 | Iteration: 800 | Classification loss: 0.10578 | Regression loss: 0.27093 | Running loss: 0.18960
Epoch: 34 | Iteration: 900 | Classification loss: 0.06751 | Regression loss: 0.14264 | Running loss: 0.19485
Epoch: 34 | Iteration: 1000 | Classification loss: 0.03458 | Regression loss: 0.12049 | Running loss: 0.19253
Epoch: 35 | Iteration: 0 | Classification loss: 0.02208 | Regression loss: 0.17095 | Running loss: 0.19564
Epoch: 35 | Iteration: 100 | Classification loss: 0.14902 | Regression loss: 0.27565 | Running loss: 0.19182
Epoch: 35 | Iteration: 200 | Classification loss: 0.03456 | Regression loss: 0.09688 | Running loss: 0.19531
Epoch: 35 | Iteration: 300 | Classification loss: 0.00813 | Regression loss: 0.05016 | Running loss: 0.19426
Epoch: 35 | Iteration: 400 | Classification loss: 0.01523 | Regression loss: 0.12868 | Running loss: 0.19098
Epoch: 35 | Iteration: 500 | Classification loss: 0.01774 | Regression loss: 0.12871 | Running loss: 0.18722
Epoch: 35 | Iteration: 600 | Classification loss: 0.01473 | Regression loss: 0.12517 | Running loss: 0.18400
Epoch: 35 | Iteration: 700 | Classification loss: 0.05312 | Regression loss: 0.22765 | Running loss: 0.18482
Epoch: 35 | Iteration: 800 | Classification loss: 0.00739 | Regression loss: 0.07916 | Running loss: 0.18560
Epoch: 35 | Iteration: 900 | Classification loss: 0.00494 | Regression loss: 0.08541 | Running loss: 0.18571
Epoch: 35 | Iteration: 1000 | Classification loss: 0.00765 | Regression loss: 0.08072 | Running loss: 0.18346
Epoch: 36 | Iteration: 0 | Classification loss: 0.10378 | Regression loss: 0.06980 | Running loss: 0.18496
Epoch: 36 | Iteration: 100 | Classification loss: 0.00677 | Regression loss: 0.12922 | Running loss: 0.18727
Epoch: 36 | Iteration: 200 | Classification loss: 0.00695 | Regression loss: 0.13021 | Running loss: 0.18014
Epoch: 36 | Iteration: 300 | Classification loss: 0.01397 | Regression loss: 0.07085 | Running loss: 0.17832
Epoch: 36 | Iteration: 400 | Classification loss: 0.01049 | Regression loss: 0.09982 | Running loss: 0.17950
Epoch: 36 | Iteration: 500 | Classification loss: 0.00259 | Regression loss: 0.09159 | Running loss: 0.17666
Epoch: 36 | Iteration: 600 | Classification loss: 0.00444 | Regression loss: 0.08014 | Running loss: 0.17667
Epoch: 36 | Iteration: 700 | Classification loss: 0.02889 | Regression loss: 0.13337 | Running loss: 0.18062
Epoch: 36 | Iteration: 800 | Classification loss: 0.00221 | Regression loss: 0.07389 | Running loss: 0.18071
Epoch: 36 | Iteration: 900 | Classification loss: 0.02185 | Regression loss: 0.14324 | Running loss: 0.18030
Epoch: 36 | Iteration: 1000 | Classification loss: 0.01193 | Regression loss: 0.06610 | Running loss: 0.18277
Epoch: 37 | Iteration: 0 | Classification loss: 0.03766 | Regression loss: 0.12676 | Running loss: 0.18084
Epoch: 37 | Iteration: 100 | Classification loss: 0.01753 | Regression loss: 0.10605 | Running loss: 0.18465
Epoch: 37 | Iteration: 200 | Classification loss: 0.00399 | Regression loss: 0.07194 | Running loss: 0.18294
Epoch: 37 | Iteration: 300 | Classification loss: 0.02932 | Regression loss: 0.13754 | Running loss: 0.18090
Epoch: 37 | Iteration: 400 | Classification loss: 0.00331 | Regression loss: 0.08349 | Running loss: 0.17598
Epoch: 37 | Iteration: 500 | Classification loss: 0.10916 | Regression loss: 0.17199 | Running loss: 0.17829
Epoch: 37 | Iteration: 600 | Classification loss: 0.00119 | Regression loss: 0.10141 | Running loss: 0.17255
Epoch: 37 | Iteration: 700 | Classification loss: 0.09015 | Regression loss: 0.22872 | Running loss: 0.17614
Epoch: 37 | Iteration: 800 | Classification loss: 0.00585 | Regression loss: 0.05443 | Running loss: 0.17688
Epoch: 37 | Iteration: 900 | Classification loss: 0.00084 | Regression loss: 0.05941 | Running loss: 0.18072
Epoch: 37 | Iteration: 1000 | Classification loss: 0.02216 | Regression loss: 0.11744 | Running loss: 0.17463
Epoch: 38 | Iteration: 0 | Classification loss: 0.00884 | Regression loss: 0.03845 | Running loss: 0.17246
Epoch: 38 | Iteration: 100 | Classification loss: 0.01321 | Regression loss: 0.13978 | Running loss: 0.17208
Epoch: 38 | Iteration: 200 | Classification loss: 0.02082 | Regression loss: 0.09068 | Running loss: 0.16841
Epoch: 38 | Iteration: 300 | Classification loss: 0.00209 | Regression loss: 0.04375 | Running loss: 0.17150
Epoch: 38 | Iteration: 400 | Classification loss: 0.21268 | Regression loss: 0.16830 | Running loss: 0.17044
Epoch: 38 | Iteration: 500 | Classification loss: 0.00694 | Regression loss: 0.07215 | Running loss: 0.17184
Epoch: 38 | Iteration: 600 | Classification loss: 0.00985 | Regression loss: 0.04929 | Running loss: 0.17345
Epoch: 38 | Iteration: 700 | Classification loss: 0.00343 | Regression loss: 0.06983 | Running loss: 0.17974
Epoch: 38 | Iteration: 800 | Classification loss: 0.01874 | Regression loss: 0.12320 | Running loss: 0.17815
Epoch: 38 | Iteration: 900 | Classification loss: 0.00487 | Regression loss: 0.12686 | Running loss: 0.17718
Epoch: 38 | Iteration: 1000 | Classification loss: 0.01295 | Regression loss: 0.12382 | Running loss: 0.17560
Epoch: 39 | Iteration: 0 | Classification loss: 0.03866 | Regression loss: 0.29408 | Running loss: 0.17556
Epoch: 39 | Iteration: 100 | Classification loss: 0.03344 | Regression loss: 0.11155 | Running loss: 0.17729
Epoch: 39 | Iteration: 200 | Classification loss: 0.14219 | Regression loss: 0.17816 | Running loss: 0.16923
Epoch: 39 | Iteration: 300 | Classification loss: 0.05193 | Regression loss: 0.26956 | Running loss: 0.16998
Epoch: 39 | Iteration: 400 | Classification loss: 0.00869 | Regression loss: 0.08924 | Running loss: 0.17282
Epoch: 39 | Iteration: 500 | Classification loss: 0.00136 | Regression loss: 0.07519 | Running loss: 0.17187
Epoch: 39 | Iteration: 600 | Classification loss: 0.02698 | Regression loss: 0.10607 | Running loss: 0.16693
Epoch: 39 | Iteration: 700 | Classification loss: 0.00164 | Regression loss: 0.06182 | Running loss: 0.16746
Epoch: 39 | Iteration: 800 | Classification loss: 0.10693 | Regression loss: 0.27365 | Running loss: 0.16450
Epoch: 39 | Iteration: 900 | Classification loss: 0.03269 | Regression loss: 0.12470 | Running loss: 0.16348
Epoch: 39 | Iteration: 1000 | Classification loss: 0.00796 | Regression loss: 0.08070 | Running loss: 0.16151
epoch_loss_list:
[1.5916821927888187, 1.3292744846383886, 1.1823020935879918, 1.0957840012577105, 1.01449471257451, 0.9309584555898126, 0.8588897227126313, 0.7991556330459324, 0.7447545866327961, 0.6923033849402206, 0.6518430723625375, 0.604410376561087, 0.56528558134006, 0.5191527205688042, 0.4878989535816542, 0.4592239510370638, 0.4343891706588993, 0.4030075690371725, 0.37277944700235105, 0.35764804361828084, 0.3348241330777097, 0.3168013905666358, 0.2976029793196541, 0.28668593891390315, 0.27693140523977516, 0.2621651426265676, 0.24947327262296629, 0.24383938032767083, 0.23293846984958555, 0.2250983702664183, 0.2157967944728489, 0.21210157690298428, 0.19975327165599355, 0.19877907846812307, 0.19323293236634276, 0.18541328297326648, 0.17950393673303852, 0.1767823570242929, 0.1731491775497589, 0.16610762147658217]
Evaluating dataset
Loading and preparing results...
DONE (t=0.16s)
creating index...
index created!
Running per image evaluation...
Evaluate annotation type *bbox*
DONE (t=1.51s).
Accumulating evaluation results...
DONE (t=0.69s).
 Average Precision  (AP) @[ IoU=0.50:0.95 | area=   all | maxDets=100 ] = 0.229
 Average Precision  (AP) @[ IoU=0.50      | area=   all | maxDets=100 ] = 0.408
 Average Precision  (AP) @[ IoU=0.75      | area=   all | maxDets=100 ] = 0.223
 Average Precision  (AP) @[ IoU=0.50:0.95 | area= small | maxDets=100 ] = 0.016
 Average Precision  (AP) @[ IoU=0.50:0.95 | area=medium | maxDets=100 ] = 0.089
 Average Precision  (AP) @[ IoU=0.50:0.95 | area= large | maxDets=100 ] = 0.290
 Average Recall     (AR) @[ IoU=0.50:0.95 | area=   all | maxDets=  1 ] = 0.289
 Average Recall     (AR) @[ IoU=0.50:0.95 | area=   all | maxDets= 10 ] = 0.369
 Average Recall     (AR) @[ IoU=0.50:0.95 | area=   all | maxDets=100 ] = 0.371
 Average Recall     (AR) @[ IoU=0.50:0.95 | area= small | maxDets=100 ] = 0.032
 Average Recall     (AR) @[ IoU=0.50:0.95 | area=medium | maxDets=100 ] = 0.180
 Average Recall     (AR) @[ IoU=0.50:0.95 | area= large | maxDets=100 ] = 0.457
