loading annotations into memory...
Done (t=0.01s)
creating index...
index created!
loading annotations into memory...
Done (t=0.01s)
creating index...
index created!
Num training images: 2031
Epoch: 0 | Iteration: 0 | Classification loss: 0.75596 | Regression loss: 0.56506 | Running loss: 1.32102
Epoch: 0 | Iteration: 100 | Classification loss: 1.22845 | Regression loss: 0.91106 | Running loss: 1.90982
Epoch: 0 | Iteration: 200 | Classification loss: 0.85087 | Regression loss: 1.14170 | Running loss: 1.81835
Epoch: 0 | Iteration: 300 | Classification loss: 0.77338 | Regression loss: 0.71627 | Running loss: 1.76286
Epoch: 0 | Iteration: 400 | Classification loss: 0.49160 | Regression loss: 0.71541 | Running loss: 1.72049
Epoch: 0 | Iteration: 500 | Classification loss: 0.71695 | Regression loss: 0.63581 | Running loss: 1.69586
Epoch: 0 | Iteration: 600 | Classification loss: 0.49338 | Regression loss: 1.02310 | Running loss: 1.61991
Epoch: 0 | Iteration: 700 | Classification loss: 0.42139 | Regression loss: 0.61195 | Running loss: 1.59219
Epoch: 0 | Iteration: 800 | Classification loss: 0.50883 | Regression loss: 0.84494 | Running loss: 1.57598
Epoch: 0 | Iteration: 900 | Classification loss: 0.49514 | Regression loss: 0.58876 | Running loss: 1.54786
Epoch: 0 | Iteration: 1000 | Classification loss: 0.57241 | Regression loss: 0.96262 | Running loss: 1.51415
Epoch: 1 | Iteration: 0 | Classification loss: 0.51455 | Regression loss: 0.45194 | Running loss: 1.51027
Epoch: 1 | Iteration: 100 | Classification loss: 0.67989 | Regression loss: 0.72690 | Running loss: 1.50091
Epoch: 1 | Iteration: 200 | Classification loss: 0.73884 | Regression loss: 0.50232 | Running loss: 1.46486
Epoch: 1 | Iteration: 300 | Classification loss: 0.50086 | Regression loss: 0.45990 | Running loss: 1.42659
Epoch: 1 | Iteration: 400 | Classification loss: 0.80265 | Regression loss: 0.84381 | Running loss: 1.41094
Epoch: 1 | Iteration: 500 | Classification loss: 0.42340 | Regression loss: 0.65496 | Running loss: 1.39255
Epoch: 1 | Iteration: 600 | Classification loss: 1.56358 | Regression loss: 0.34007 | Running loss: 1.36638
Epoch: 1 | Iteration: 700 | Classification loss: 0.60032 | Regression loss: 0.70523 | Running loss: 1.34957
Epoch: 1 | Iteration: 800 | Classification loss: 0.78177 | Regression loss: 0.92617 | Running loss: 1.34075
Epoch: 1 | Iteration: 900 | Classification loss: 0.62143 | Regression loss: 0.85161 | Running loss: 1.31507
Epoch: 1 | Iteration: 1000 | Classification loss: 0.70972 | Regression loss: 0.89884 | Running loss: 1.31133
Epoch: 2 | Iteration: 0 | Classification loss: 0.41844 | Regression loss: 0.48799 | Running loss: 1.30641
Epoch: 2 | Iteration: 100 | Classification loss: 0.87455 | Regression loss: 0.80913 | Running loss: 1.29542
Epoch: 2 | Iteration: 200 | Classification loss: 0.67544 | Regression loss: 0.79464 | Running loss: 1.26722
Epoch: 2 | Iteration: 300 | Classification loss: 0.59951 | Regression loss: 0.91971 | Running loss: 1.25238
Epoch: 2 | Iteration: 400 | Classification loss: 0.59118 | Regression loss: 0.64474 | Running loss: 1.23114
Epoch: 2 | Iteration: 500 | Classification loss: 0.42945 | Regression loss: 0.60336 | Running loss: 1.21255
Epoch: 2 | Iteration: 600 | Classification loss: 0.29692 | Regression loss: 0.40804 | Running loss: 1.19039
Epoch: 2 | Iteration: 700 | Classification loss: 0.32322 | Regression loss: 0.49880 | Running loss: 1.19099
Epoch: 2 | Iteration: 800 | Classification loss: 3.20778 | Regression loss: 0.44067 | Running loss: 1.18832
Epoch: 2 | Iteration: 900 | Classification loss: 0.63198 | Regression loss: 0.81878 | Running loss: 1.18842
Epoch: 2 | Iteration: 1000 | Classification loss: 0.61727 | Regression loss: 0.75969 | Running loss: 1.18916
Epoch: 3 | Iteration: 0 | Classification loss: 0.63520 | Regression loss: 0.59088 | Running loss: 1.18904
Epoch: 3 | Iteration: 100 | Classification loss: 0.98179 | Regression loss: 0.84102 | Running loss: 1.17922
Epoch: 3 | Iteration: 200 | Classification loss: 0.27884 | Regression loss: 0.39206 | Running loss: 1.16599
Epoch: 3 | Iteration: 300 | Classification loss: 0.36871 | Regression loss: 0.53111 | Running loss: 1.13981
Epoch: 3 | Iteration: 400 | Classification loss: 0.62490 | Regression loss: 0.75003 | Running loss: 1.12631
Epoch: 3 | Iteration: 500 | Classification loss: 0.35613 | Regression loss: 0.54764 | Running loss: 1.09927
Epoch: 3 | Iteration: 600 | Classification loss: 0.48374 | Regression loss: 0.42118 | Running loss: 1.08484
Epoch: 3 | Iteration: 700 | Classification loss: 0.41237 | Regression loss: 0.47146 | Running loss: 1.07979
Epoch: 3 | Iteration: 800 | Classification loss: 0.29922 | Regression loss: 0.34453 | Running loss: 1.08021
Epoch: 3 | Iteration: 900 | Classification loss: 0.32699 | Regression loss: 0.44071 | Running loss: 1.06260
Epoch: 3 | Iteration: 1000 | Classification loss: 0.56910 | Regression loss: 0.43098 | Running loss: 1.06177
Epoch: 4 | Iteration: 0 | Classification loss: 0.49985 | Regression loss: 0.69701 | Running loss: 1.06347
Epoch: 4 | Iteration: 100 | Classification loss: 0.60090 | Regression loss: 0.64608 | Running loss: 1.05436
Epoch: 4 | Iteration: 200 | Classification loss: 0.74757 | Regression loss: 0.77201 | Running loss: 1.02808
Epoch: 4 | Iteration: 300 | Classification loss: 0.42153 | Regression loss: 0.39682 | Running loss: 1.00885
Epoch: 4 | Iteration: 400 | Classification loss: 0.19302 | Regression loss: 0.28200 | Running loss: 0.99968
Epoch: 4 | Iteration: 500 | Classification loss: 0.30305 | Regression loss: 0.45974 | Running loss: 0.98959
Epoch: 4 | Iteration: 600 | Classification loss: 0.44940 | Regression loss: 0.72840 | Running loss: 0.99050
Epoch: 4 | Iteration: 700 | Classification loss: 0.58023 | Regression loss: 0.65966 | Running loss: 0.99398
Epoch: 4 | Iteration: 800 | Classification loss: 0.42864 | Regression loss: 0.56252 | Running loss: 1.00784
Epoch: 4 | Iteration: 900 | Classification loss: 0.37823 | Regression loss: 0.68941 | Running loss: 1.01808
Epoch: 4 | Iteration: 1000 | Classification loss: 0.30660 | Regression loss: 0.47057 | Running loss: 1.00705
Epoch: 5 | Iteration: 0 | Classification loss: 0.48061 | Regression loss: 0.50945 | Running loss: 1.00846
Epoch: 5 | Iteration: 100 | Classification loss: 0.17566 | Regression loss: 0.32074 | Running loss: 0.98617
Epoch: 5 | Iteration: 200 | Classification loss: 0.50966 | Regression loss: 0.56238 | Running loss: 0.96704
Epoch: 5 | Iteration: 300 | Classification loss: 0.44986 | Regression loss: 0.67198 | Running loss: 0.94847
Epoch: 5 | Iteration: 400 | Classification loss: 0.22000 | Regression loss: 0.32536 | Running loss: 0.92361
Epoch: 5 | Iteration: 500 | Classification loss: 0.16064 | Regression loss: 0.18791 | Running loss: 0.92554
Epoch: 5 | Iteration: 600 | Classification loss: 0.40833 | Regression loss: 0.51510 | Running loss: 0.92978
Epoch: 5 | Iteration: 700 | Classification loss: 0.22326 | Regression loss: 0.31029 | Running loss: 0.93200
Epoch: 5 | Iteration: 800 | Classification loss: 0.38273 | Regression loss: 0.41572 | Running loss: 0.93342
Epoch: 5 | Iteration: 900 | Classification loss: 0.35249 | Regression loss: 0.41414 | Running loss: 0.92766
Epoch: 5 | Iteration: 1000 | Classification loss: 0.49223 | Regression loss: 0.59262 | Running loss: 0.92607
Epoch: 6 | Iteration: 0 | Classification loss: 0.21764 | Regression loss: 0.37828 | Running loss: 0.92096
Epoch: 6 | Iteration: 100 | Classification loss: 0.35936 | Regression loss: 0.82833 | Running loss: 0.90521
Epoch: 6 | Iteration: 200 | Classification loss: 0.34061 | Regression loss: 0.37989 | Running loss: 0.89670
Epoch: 6 | Iteration: 300 | Classification loss: 0.26369 | Regression loss: 0.48106 | Running loss: 0.88106
Epoch: 6 | Iteration: 400 | Classification loss: 0.29760 | Regression loss: 0.50049 | Running loss: 0.86866
Epoch: 6 | Iteration: 500 | Classification loss: 0.35261 | Regression loss: 0.52405 | Running loss: 0.86325
Epoch: 6 | Iteration: 600 | Classification loss: 0.21629 | Regression loss: 0.31628 | Running loss: 0.86128
Epoch: 6 | Iteration: 700 | Classification loss: 0.21044 | Regression loss: 0.15973 | Running loss: 0.85215
Epoch: 6 | Iteration: 800 | Classification loss: 0.77312 | Regression loss: 0.84664 | Running loss: 0.86322
Epoch: 6 | Iteration: 900 | Classification loss: 0.35923 | Regression loss: 0.24801 | Running loss: 0.86421
Epoch: 6 | Iteration: 1000 | Classification loss: 0.73062 | Regression loss: 0.76877 | Running loss: 0.85655
Epoch: 7 | Iteration: 0 | Classification loss: 0.28279 | Regression loss: 0.63915 | Running loss: 0.85763
Epoch: 7 | Iteration: 100 | Classification loss: 0.33762 | Regression loss: 0.60737 | Running loss: 0.85858
Epoch: 7 | Iteration: 200 | Classification loss: 0.18258 | Regression loss: 0.28468 | Running loss: 0.83916
Epoch: 7 | Iteration: 300 | Classification loss: 0.36220 | Regression loss: 0.50578 | Running loss: 0.82817
Epoch: 7 | Iteration: 400 | Classification loss: 0.76912 | Regression loss: 0.75166 | Running loss: 0.82925
Epoch: 7 | Iteration: 500 | Classification loss: 0.41210 | Regression loss: 0.42537 | Running loss: 0.81632
Epoch: 7 | Iteration: 600 | Classification loss: 0.77497 | Regression loss: 0.77167 | Running loss: 0.81230
Epoch: 7 | Iteration: 700 | Classification loss: 0.34901 | Regression loss: 0.27800 | Running loss: 0.82310
Epoch: 7 | Iteration: 800 | Classification loss: 0.20931 | Regression loss: 0.42719 | Running loss: 0.80165
Epoch: 7 | Iteration: 900 | Classification loss: 0.41407 | Regression loss: 0.28123 | Running loss: 0.79296
Epoch: 7 | Iteration: 1000 | Classification loss: 0.26402 | Regression loss: 0.40545 | Running loss: 0.79401
Epoch: 8 | Iteration: 0 | Classification loss: 0.25050 | Regression loss: 0.21058 | Running loss: 0.79596
Epoch: 8 | Iteration: 100 | Classification loss: 0.20863 | Regression loss: 0.39434 | Running loss: 0.76787
Epoch: 8 | Iteration: 200 | Classification loss: 0.64966 | Regression loss: 0.67122 | Running loss: 0.76053
Epoch: 8 | Iteration: 300 | Classification loss: 0.43573 | Regression loss: 0.47007 | Running loss: 0.75240
Epoch: 8 | Iteration: 400 | Classification loss: 0.41443 | Regression loss: 0.38212 | Running loss: 0.73841
Epoch: 8 | Iteration: 500 | Classification loss: 0.37405 | Regression loss: 0.36149 | Running loss: 0.73505
Epoch: 8 | Iteration: 600 | Classification loss: 0.19613 | Regression loss: 0.13142 | Running loss: 0.75100
Epoch: 8 | Iteration: 700 | Classification loss: 0.18418 | Regression loss: 0.13955 | Running loss: 0.75532
Epoch: 8 | Iteration: 800 | Classification loss: 0.29492 | Regression loss: 0.23081 | Running loss: 0.76667
Epoch: 8 | Iteration: 900 | Classification loss: 0.33861 | Regression loss: 0.47115 | Running loss: 0.77328
Epoch: 8 | Iteration: 1000 | Classification loss: 0.40963 | Regression loss: 0.63703 | Running loss: 0.76902
Epoch: 9 | Iteration: 0 | Classification loss: 0.16416 | Regression loss: 0.24084 | Running loss: 0.76973
Epoch: 9 | Iteration: 100 | Classification loss: 0.44430 | Regression loss: 0.51016 | Running loss: 0.74613
Epoch: 9 | Iteration: 200 | Classification loss: 0.47643 | Regression loss: 0.46200 | Running loss: 0.75481
Epoch: 9 | Iteration: 300 | Classification loss: 0.16992 | Regression loss: 0.19947 | Running loss: 0.72999
Epoch: 9 | Iteration: 400 | Classification loss: 0.43787 | Regression loss: 0.68458 | Running loss: 0.71799
Epoch: 9 | Iteration: 500 | Classification loss: 0.29949 | Regression loss: 0.26999 | Running loss: 0.69924
Epoch: 9 | Iteration: 600 | Classification loss: 0.31142 | Regression loss: 0.26520 | Running loss: 0.70560
Epoch: 9 | Iteration: 700 | Classification loss: 0.25375 | Regression loss: 0.18207 | Running loss: 0.68136
Epoch: 9 | Iteration: 800 | Classification loss: 0.15082 | Regression loss: 0.20732 | Running loss: 0.68449
Epoch: 9 | Iteration: 900 | Classification loss: 0.32448 | Regression loss: 0.50987 | Running loss: 0.69051
Epoch: 9 | Iteration: 1000 | Classification loss: 0.29118 | Regression loss: 0.21814 | Running loss: 0.70668
epoch_loss_list:
[1.6027211780388524, 1.3493213718097041, 1.2005559017104426, 1.0817573109832335, 0.9989016679680254, 0.9243821980739673, 0.8597765068604252, 0.806570817283758, 0.7509586330004564, 0.7024351666703468]
Evaluating dataset
Loading and preparing results...
DONE (t=0.65s)
creating index...
index created!
Running per image evaluation...
Evaluate annotation type *bbox*
DONE (t=2.67s).
Accumulating evaluation results...
DONE (t=1.29s).
 Average Precision  (AP) @[ IoU=0.50:0.95 | area=   all | maxDets=100 ] = 0.166
 Average Precision  (AP) @[ IoU=0.50      | area=   all | maxDets=100 ] = 0.319
 Average Precision  (AP) @[ IoU=0.75      | area=   all | maxDets=100 ] = 0.155
 Average Precision  (AP) @[ IoU=0.50:0.95 | area= small | maxDets=100 ] = 0.026
 Average Precision  (AP) @[ IoU=0.50:0.95 | area=medium | maxDets=100 ] = 0.077
 Average Precision  (AP) @[ IoU=0.50:0.95 | area= large | maxDets=100 ] = 0.213
 Average Recall     (AR) @[ IoU=0.50:0.95 | area=   all | maxDets=  1 ] = 0.299
 Average Recall     (AR) @[ IoU=0.50:0.95 | area=   all | maxDets= 10 ] = 0.434
 Average Recall     (AR) @[ IoU=0.50:0.95 | area=   all | maxDets=100 ] = 0.462
 Average Recall     (AR) @[ IoU=0.50:0.95 | area= small | maxDets=100 ] = 0.100
 Average Recall     (AR) @[ IoU=0.50:0.95 | area=medium | maxDets=100 ] = 0.334
 Average Recall     (AR) @[ IoU=0.50:0.95 | area= large | maxDets=100 ] = 0.535
Epoch: 10 | Iteration: 0 | Classification loss: 0.20511 | Regression loss: 0.22368 | Running loss: 0.70641
Epoch: 10 | Iteration: 100 | Classification loss: 0.26876 | Regression loss: 0.23370 | Running loss: 0.69687
Epoch: 10 | Iteration: 200 | Classification loss: 0.21636 | Regression loss: 0.19752 | Running loss: 0.67994
Epoch: 10 | Iteration: 300 | Classification loss: 0.19845 | Regression loss: 0.28601 | Running loss: 0.66703
Epoch: 10 | Iteration: 400 | Classification loss: 0.28140 | Regression loss: 0.50236 | Running loss: 0.64942
Epoch: 10 | Iteration: 500 | Classification loss: 0.19860 | Regression loss: 0.17169 | Running loss: 0.63813
Epoch: 10 | Iteration: 600 | Classification loss: 0.32071 | Regression loss: 0.46241 | Running loss: 0.64080
Epoch: 10 | Iteration: 700 | Classification loss: 0.24085 | Regression loss: 0.14708 | Running loss: 0.65328
Epoch: 10 | Iteration: 800 | Classification loss: 0.26718 | Regression loss: 0.49612 | Running loss: 0.65566
Epoch: 10 | Iteration: 900 | Classification loss: 0.33437 | Regression loss: 0.40519 | Running loss: 0.66108
Epoch: 10 | Iteration: 1000 | Classification loss: 0.23280 | Regression loss: 0.32862 | Running loss: 0.65722
Epoch: 11 | Iteration: 0 | Classification loss: 0.16710 | Regression loss: 0.33414 | Running loss: 0.66387
Epoch: 11 | Iteration: 100 | Classification loss: 0.28869 | Regression loss: 0.23653 | Running loss: 0.65209
Epoch: 11 | Iteration: 200 | Classification loss: 0.18576 | Regression loss: 0.40063 | Running loss: 0.63868
Epoch: 11 | Iteration: 300 | Classification loss: 0.24074 | Regression loss: 0.12674 | Running loss: 0.63631
Epoch: 11 | Iteration: 400 | Classification loss: 0.37335 | Regression loss: 0.22178 | Running loss: 0.61870
Epoch: 11 | Iteration: 500 | Classification loss: 0.15644 | Regression loss: 0.24496 | Running loss: 0.61103
Epoch: 11 | Iteration: 600 | Classification loss: 0.10308 | Regression loss: 0.38961 | Running loss: 0.62032
Epoch: 11 | Iteration: 700 | Classification loss: 0.17291 | Regression loss: 0.13963 | Running loss: 0.61863
Epoch: 11 | Iteration: 800 | Classification loss: 0.20912 | Regression loss: 0.42662 | Running loss: 0.61464
Epoch: 11 | Iteration: 900 | Classification loss: 0.32301 | Regression loss: 0.11171 | Running loss: 0.63446
Epoch: 11 | Iteration: 1000 | Classification loss: 0.35052 | Regression loss: 0.34881 | Running loss: 0.63068
Epoch: 12 | Iteration: 0 | Classification loss: 0.20722 | Regression loss: 0.12198 | Running loss: 0.62506
Epoch: 12 | Iteration: 100 | Classification loss: 0.17360 | Regression loss: 0.21734 | Running loss: 0.61552
Epoch: 12 | Iteration: 200 | Classification loss: 0.55382 | Regression loss: 0.30503 | Running loss: 0.60838
Epoch: 12 | Iteration: 300 | Classification loss: 0.18436 | Regression loss: 0.30165 | Running loss: 0.59744
Epoch: 12 | Iteration: 400 | Classification loss: 0.16831 | Regression loss: 0.26154 | Running loss: 0.57682
Epoch: 12 | Iteration: 500 | Classification loss: 0.21509 | Regression loss: 0.19970 | Running loss: 0.58304
Epoch: 12 | Iteration: 600 | Classification loss: 0.31767 | Regression loss: 0.30002 | Running loss: 0.58876
Epoch: 12 | Iteration: 700 | Classification loss: 0.21993 | Regression loss: 0.50514 | Running loss: 0.57581
Epoch: 12 | Iteration: 800 | Classification loss: 0.35452 | Regression loss: 0.21772 | Running loss: 0.58175
Epoch: 12 | Iteration: 900 | Classification loss: 0.09692 | Regression loss: 0.21449 | Running loss: 0.58629
Epoch: 12 | Iteration: 1000 | Classification loss: 0.19406 | Regression loss: 0.21772 | Running loss: 0.58380
Epoch: 13 | Iteration: 0 | Classification loss: 0.20194 | Regression loss: 0.08582 | Running loss: 0.58397
Epoch: 13 | Iteration: 100 | Classification loss: 0.07937 | Regression loss: 0.36457 | Running loss: 0.57039
Epoch: 13 | Iteration: 200 | Classification loss: 0.13624 | Regression loss: 0.29781 | Running loss: 0.56623
Epoch: 13 | Iteration: 300 | Classification loss: 0.23955 | Regression loss: 0.34368 | Running loss: 0.55453
Epoch: 13 | Iteration: 400 | Classification loss: 0.17319 | Regression loss: 0.20178 | Running loss: 0.55637
Epoch: 13 | Iteration: 500 | Classification loss: 0.07120 | Regression loss: 0.12689 | Running loss: 0.53736
Epoch: 13 | Iteration: 600 | Classification loss: 0.20012 | Regression loss: 0.25683 | Running loss: 0.54170
Epoch: 13 | Iteration: 700 | Classification loss: 0.29563 | Regression loss: 0.33944 | Running loss: 0.54801
Epoch: 13 | Iteration: 800 | Classification loss: 0.27857 | Regression loss: 0.21642 | Running loss: 0.55097
Epoch: 13 | Iteration: 900 | Classification loss: 0.17218 | Regression loss: 0.19418 | Running loss: 0.54737
Epoch: 13 | Iteration: 1000 | Classification loss: 0.14019 | Regression loss: 0.23410 | Running loss: 0.54927
Epoch: 14 | Iteration: 0 | Classification loss: 0.17082 | Regression loss: 0.27863 | Running loss: 0.54834
Epoch: 14 | Iteration: 100 | Classification loss: 0.31703 | Regression loss: 0.27685 | Running loss: 0.53720
Epoch: 14 | Iteration: 200 | Classification loss: 0.21679 | Regression loss: 0.30352 | Running loss: 0.52270
Epoch: 14 | Iteration: 300 | Classification loss: 0.26921 | Regression loss: 0.15225 | Running loss: 0.51449
Epoch: 14 | Iteration: 400 | Classification loss: 0.13039 | Regression loss: 0.42235 | Running loss: 0.50695
Epoch: 14 | Iteration: 500 | Classification loss: 0.22651 | Regression loss: 0.38849 | Running loss: 0.49651
Epoch: 14 | Iteration: 600 | Classification loss: 0.34470 | Regression loss: 0.30146 | Running loss: 0.50240
Epoch: 14 | Iteration: 700 | Classification loss: 0.17983 | Regression loss: 0.22240 | Running loss: 0.51584
Epoch: 14 | Iteration: 800 | Classification loss: 0.32064 | Regression loss: 0.44512 | Running loss: 0.51210
Epoch: 14 | Iteration: 900 | Classification loss: 0.09316 | Regression loss: 0.22538 | Running loss: 0.51843
Epoch: 14 | Iteration: 1000 | Classification loss: 0.86295 | Regression loss: 0.28464 | Running loss: 0.52048
Epoch: 15 | Iteration: 0 | Classification loss: 0.16617 | Regression loss: 0.20410 | Running loss: 0.51633
Epoch: 15 | Iteration: 100 | Classification loss: 0.19028 | Regression loss: 0.15445 | Running loss: 0.51119
Epoch: 15 | Iteration: 200 | Classification loss: 0.20499 | Regression loss: 0.10177 | Running loss: 0.49851
Epoch: 15 | Iteration: 300 | Classification loss: 0.02907 | Regression loss: 0.16912 | Running loss: 0.48789
Epoch: 15 | Iteration: 400 | Classification loss: 0.34240 | Regression loss: 0.21463 | Running loss: 0.48490
Epoch: 15 | Iteration: 500 | Classification loss: 0.03906 | Regression loss: 0.08629 | Running loss: 0.48320
Epoch: 15 | Iteration: 600 | Classification loss: 0.16844 | Regression loss: 0.21280 | Running loss: 0.47593
Epoch: 15 | Iteration: 700 | Classification loss: 0.20255 | Regression loss: 0.13994 | Running loss: 0.47741
Epoch: 15 | Iteration: 800 | Classification loss: 0.09068 | Regression loss: 0.15544 | Running loss: 0.48908
Epoch: 15 | Iteration: 900 | Classification loss: 0.11470 | Regression loss: 0.31799 | Running loss: 0.48594
Epoch: 15 | Iteration: 1000 | Classification loss: 0.11369 | Regression loss: 0.16005 | Running loss: 0.48458
Epoch: 16 | Iteration: 0 | Classification loss: 0.36686 | Regression loss: 0.38124 | Running loss: 0.48696
Epoch: 16 | Iteration: 100 | Classification loss: 0.16412 | Regression loss: 0.28316 | Running loss: 0.47921
Epoch: 16 | Iteration: 200 | Classification loss: 0.24909 | Regression loss: 0.37252 | Running loss: 0.46253
Epoch: 16 | Iteration: 300 | Classification loss: 0.19823 | Regression loss: 0.36895 | Running loss: 0.45643
Epoch: 16 | Iteration: 400 | Classification loss: 0.13279 | Regression loss: 0.33714 | Running loss: 0.45854
Epoch: 16 | Iteration: 500 | Classification loss: 0.28799 | Regression loss: 0.35567 | Running loss: 0.45641
Epoch: 16 | Iteration: 600 | Classification loss: 0.17931 | Regression loss: 0.19311 | Running loss: 0.46050
Epoch: 16 | Iteration: 700 | Classification loss: 0.18316 | Regression loss: 0.39992 | Running loss: 0.46215
Epoch: 16 | Iteration: 800 | Classification loss: 0.20817 | Regression loss: 0.36298 | Running loss: 0.45954
Epoch: 16 | Iteration: 900 | Classification loss: 0.20827 | Regression loss: 0.12429 | Running loss: 0.45350
Epoch: 16 | Iteration: 1000 | Classification loss: 0.11533 | Regression loss: 0.14992 | Running loss: 0.45107
Epoch: 17 | Iteration: 0 | Classification loss: 0.16761 | Regression loss: 0.26990 | Running loss: 0.45082
Epoch: 17 | Iteration: 100 | Classification loss: 0.04412 | Regression loss: 0.13215 | Running loss: 0.44359
Epoch: 17 | Iteration: 200 | Classification loss: 0.10780 | Regression loss: 0.14584 | Running loss: 0.43069
Epoch: 17 | Iteration: 300 | Classification loss: 0.67224 | Regression loss: 0.80791 | Running loss: 0.43673
Epoch: 17 | Iteration: 400 | Classification loss: 0.14882 | Regression loss: 0.45976 | Running loss: 0.42132
Epoch: 17 | Iteration: 500 | Classification loss: 0.29804 | Regression loss: 0.15076 | Running loss: 0.41507
Epoch: 17 | Iteration: 600 | Classification loss: 0.16518 | Regression loss: 0.21233 | Running loss: 0.42134
Epoch: 17 | Iteration: 700 | Classification loss: 0.34496 | Regression loss: 0.41938 | Running loss: 0.44035
Epoch: 17 | Iteration: 800 | Classification loss: 0.18464 | Regression loss: 0.29992 | Running loss: 0.43409
Epoch: 17 | Iteration: 900 | Classification loss: 0.13018 | Regression loss: 0.14322 | Running loss: 0.44640
Epoch: 17 | Iteration: 1000 | Classification loss: 0.03230 | Regression loss: 0.13362 | Running loss: 0.45218
Epoch: 18 | Iteration: 0 | Classification loss: 0.22563 | Regression loss: 0.24799 | Running loss: 0.44901
Epoch: 18 | Iteration: 100 | Classification loss: 0.05665 | Regression loss: 0.22478 | Running loss: 0.43441
Epoch: 18 | Iteration: 200 | Classification loss: 0.33952 | Regression loss: 0.20171 | Running loss: 0.42305
Epoch: 18 | Iteration: 300 | Classification loss: 0.06981 | Regression loss: 0.13744 | Running loss: 0.41923
Epoch: 18 | Iteration: 400 | Classification loss: 0.04003 | Regression loss: 0.13159 | Running loss: 0.41192
Epoch: 18 | Iteration: 500 | Classification loss: 0.07677 | Regression loss: 0.13909 | Running loss: 0.41414
Epoch: 18 | Iteration: 600 | Classification loss: 0.19012 | Regression loss: 0.30574 | Running loss: 0.40479
Epoch: 18 | Iteration: 700 | Classification loss: 0.06053 | Regression loss: 0.18630 | Running loss: 0.41429
Epoch: 18 | Iteration: 800 | Classification loss: 0.17187 | Regression loss: 0.17317 | Running loss: 0.41037
Epoch: 18 | Iteration: 900 | Classification loss: 0.12822 | Regression loss: 0.11193 | Running loss: 0.40259
Epoch: 18 | Iteration: 1000 | Classification loss: 0.02451 | Regression loss: 0.13954 | Running loss: 0.38912
Epoch: 19 | Iteration: 0 | Classification loss: 0.11482 | Regression loss: 0.21916 | Running loss: 0.39240
Epoch: 19 | Iteration: 100 | Classification loss: 0.09245 | Regression loss: 0.35734 | Running loss: 0.39348
Epoch: 19 | Iteration: 200 | Classification loss: 0.20812 | Regression loss: 0.25797 | Running loss: 0.38291
Epoch: 19 | Iteration: 300 | Classification loss: 0.25603 | Regression loss: 0.41776 | Running loss: 0.38283
Epoch: 19 | Iteration: 400 | Classification loss: 0.08525 | Regression loss: 0.16509 | Running loss: 0.37768
Epoch: 19 | Iteration: 500 | Classification loss: 0.25370 | Regression loss: 0.16736 | Running loss: 0.38013
Epoch: 19 | Iteration: 600 | Classification loss: 0.05455 | Regression loss: 0.10654 | Running loss: 0.38741
Epoch: 19 | Iteration: 700 | Classification loss: 0.15324 | Regression loss: 0.13660 | Running loss: 0.39244
Epoch: 19 | Iteration: 800 | Classification loss: 0.12870 | Regression loss: 0.11695 | Running loss: 0.39395
Epoch: 19 | Iteration: 900 | Classification loss: 0.06389 | Regression loss: 0.16393 | Running loss: 0.40059
Epoch: 19 | Iteration: 1000 | Classification loss: 0.23129 | Regression loss: 0.10070 | Running loss: 0.39159
epoch_loss_list:
[1.6027211780388524, 1.3493213718097041, 1.2005559017104426, 1.0817573109832335, 0.9989016679680254, 0.9243821980739673, 0.8597765068604252, 0.806570817283758, 0.7509586330004564, 0.7024351666703468, 0.6507156748603297, 0.6194083641217215, 0.583154296531804, 0.5428892699414938, 0.5085167201001226, 0.4828783282056803, 0.45397009768002616, 0.43339138117244863, 0.4030665038006864, 0.3867030331102295]
Evaluating dataset
Loading and preparing results...
DONE (t=0.25s)
creating index...
index created!
Running per image evaluation...
Evaluate annotation type *bbox*
DONE (t=1.91s).
Accumulating evaluation results...
DONE (t=0.79s).
 Average Precision  (AP) @[ IoU=0.50:0.95 | area=   all | maxDets=100 ] = 0.263
 Average Precision  (AP) @[ IoU=0.50      | area=   all | maxDets=100 ] = 0.449
 Average Precision  (AP) @[ IoU=0.75      | area=   all | maxDets=100 ] = 0.280
 Average Precision  (AP) @[ IoU=0.50:0.95 | area= small | maxDets=100 ] = 0.014
 Average Precision  (AP) @[ IoU=0.50:0.95 | area=medium | maxDets=100 ] = 0.102
 Average Precision  (AP) @[ IoU=0.50:0.95 | area= large | maxDets=100 ] = 0.336
 Average Recall     (AR) @[ IoU=0.50:0.95 | area=   all | maxDets=  1 ] = 0.330
 Average Recall     (AR) @[ IoU=0.50:0.95 | area=   all | maxDets= 10 ] = 0.438
 Average Recall     (AR) @[ IoU=0.50:0.95 | area=   all | maxDets=100 ] = 0.448
 Average Recall     (AR) @[ IoU=0.50:0.95 | area= small | maxDets=100 ] = 0.066
 Average Recall     (AR) @[ IoU=0.50:0.95 | area=medium | maxDets=100 ] = 0.254
 Average Recall     (AR) @[ IoU=0.50:0.95 | area= large | maxDets=100 ] = 0.539
Epoch: 20 | Iteration: 0 | Classification loss: 0.18280 | Regression loss: 0.31320 | Running loss: 0.39342
Epoch: 20 | Iteration: 100 | Classification loss: 0.04958 | Regression loss: 0.13387 | Running loss: 0.38442
Epoch: 20 | Iteration: 200 | Classification loss: 0.09028 | Regression loss: 0.26147 | Running loss: 0.37166
Epoch: 20 | Iteration: 300 | Classification loss: 0.12047 | Regression loss: 0.32456 | Running loss: 0.36423
Epoch: 20 | Iteration: 400 | Classification loss: 0.05141 | Regression loss: 0.13701 | Running loss: 0.35488
Epoch: 20 | Iteration: 500 | Classification loss: 0.07359 | Regression loss: 0.20727 | Running loss: 0.35356
Epoch: 20 | Iteration: 600 | Classification loss: 0.17156 | Regression loss: 0.18819 | Running loss: 0.36777
Epoch: 20 | Iteration: 700 | Classification loss: 0.04500 | Regression loss: 0.11730 | Running loss: 0.36961
Epoch: 20 | Iteration: 800 | Classification loss: 0.09402 | Regression loss: 0.23583 | Running loss: 0.37418
Epoch: 20 | Iteration: 900 | Classification loss: 0.15642 | Regression loss: 0.39463 | Running loss: 0.37908
Epoch: 20 | Iteration: 1000 | Classification loss: 0.09036 | Regression loss: 0.13434 | Running loss: 0.37615
Epoch: 21 | Iteration: 0 | Classification loss: 0.04391 | Regression loss: 0.13327 | Running loss: 0.37570
Epoch: 21 | Iteration: 100 | Classification loss: 0.12023 | Regression loss: 0.08769 | Running loss: 0.35634
Epoch: 21 | Iteration: 200 | Classification loss: 0.04107 | Regression loss: 0.14625 | Running loss: 0.35920
Epoch: 21 | Iteration: 300 | Classification loss: 0.08764 | Regression loss: 0.24859 | Running loss: 0.35437
Epoch: 21 | Iteration: 400 | Classification loss: 0.12815 | Regression loss: 0.35010 | Running loss: 0.35039
Epoch: 21 | Iteration: 500 | Classification loss: 0.10098 | Regression loss: 0.16241 | Running loss: 0.35939
Epoch: 21 | Iteration: 600 | Classification loss: 0.04807 | Regression loss: 0.19513 | Running loss: 0.35688
Epoch: 21 | Iteration: 700 | Classification loss: 0.03172 | Regression loss: 0.08266 | Running loss: 0.34995
Epoch: 21 | Iteration: 800 | Classification loss: 0.05687 | Regression loss: 0.06456 | Running loss: 0.34254
Epoch: 21 | Iteration: 900 | Classification loss: 0.12858 | Regression loss: 0.19720 | Running loss: 0.33459
Epoch: 21 | Iteration: 1000 | Classification loss: 0.15161 | Regression loss: 0.24363 | Running loss: 0.32761
Epoch: 22 | Iteration: 0 | Classification loss: 0.15823 | Regression loss: 0.11506 | Running loss: 0.32821
Epoch: 22 | Iteration: 100 | Classification loss: 0.30089 | Regression loss: 0.22328 | Running loss: 0.31978
Epoch: 22 | Iteration: 200 | Classification loss: 0.13438 | Regression loss: 0.18589 | Running loss: 0.32361
Epoch: 22 | Iteration: 300 | Classification loss: 0.44126 | Regression loss: 0.58956 | Running loss: 0.31578
Epoch: 22 | Iteration: 400 | Classification loss: 0.04726 | Regression loss: 0.16679 | Running loss: 0.31453
Epoch: 22 | Iteration: 500 | Classification loss: 0.01656 | Regression loss: 0.14404 | Running loss: 0.31610
Epoch: 22 | Iteration: 600 | Classification loss: 0.15207 | Regression loss: 0.28355 | Running loss: 0.32156
Epoch: 22 | Iteration: 700 | Classification loss: 0.09763 | Regression loss: 0.16792 | Running loss: 0.32192
Epoch: 22 | Iteration: 800 | Classification loss: 0.11230 | Regression loss: 0.35136 | Running loss: 0.33479
Epoch: 22 | Iteration: 900 | Classification loss: 0.03478 | Regression loss: 0.10870 | Running loss: 0.32923
Epoch: 22 | Iteration: 1000 | Classification loss: 0.12957 | Regression loss: 0.29080 | Running loss: 0.32897
Epoch: 23 | Iteration: 0 | Classification loss: 0.06074 | Regression loss: 0.13408 | Running loss: 0.32894
Epoch: 23 | Iteration: 100 | Classification loss: 0.06284 | Regression loss: 0.15727 | Running loss: 0.32517
Epoch: 23 | Iteration: 200 | Classification loss: 0.02368 | Regression loss: 0.13238 | Running loss: 0.32231
Epoch: 23 | Iteration: 300 | Classification loss: 0.02421 | Regression loss: 0.12103 | Running loss: 0.30694
Epoch: 23 | Iteration: 400 | Classification loss: 0.03424 | Regression loss: 0.16282 | Running loss: 0.30554
Epoch: 23 | Iteration: 500 | Classification loss: 0.26989 | Regression loss: 0.46982 | Running loss: 0.29958
Epoch: 23 | Iteration: 600 | Classification loss: 0.04405 | Regression loss: 0.14479 | Running loss: 0.29911
Epoch: 23 | Iteration: 700 | Classification loss: 0.11958 | Regression loss: 0.28631 | Running loss: 0.30130
Epoch: 23 | Iteration: 800 | Classification loss: 0.20888 | Regression loss: 0.27157 | Running loss: 0.30586
Epoch: 23 | Iteration: 900 | Classification loss: 0.21127 | Regression loss: 0.25225 | Running loss: 0.30691
Epoch: 23 | Iteration: 1000 | Classification loss: 0.04291 | Regression loss: 0.16211 | Running loss: 0.30999
Epoch: 24 | Iteration: 0 | Classification loss: 0.14941 | Regression loss: 0.18258 | Running loss: 0.31372
Epoch: 24 | Iteration: 100 | Classification loss: 0.17073 | Regression loss: 0.20469 | Running loss: 0.30818
Epoch: 24 | Iteration: 200 | Classification loss: 0.11136 | Regression loss: 0.29309 | Running loss: 0.30206
Epoch: 24 | Iteration: 300 | Classification loss: 0.07378 | Regression loss: 0.11977 | Running loss: 0.29705
Epoch: 24 | Iteration: 400 | Classification loss: 0.16795 | Regression loss: 0.10081 | Running loss: 0.29499
Epoch: 24 | Iteration: 500 | Classification loss: 0.16656 | Regression loss: 0.16634 | Running loss: 0.29373
Epoch: 24 | Iteration: 600 | Classification loss: 0.04528 | Regression loss: 0.18749 | Running loss: 0.29375
Epoch: 24 | Iteration: 700 | Classification loss: 0.10079 | Regression loss: 0.24709 | Running loss: 0.29583
Epoch: 24 | Iteration: 800 | Classification loss: 0.07074 | Regression loss: 0.31907 | Running loss: 0.29662
Epoch: 24 | Iteration: 900 | Classification loss: 0.26941 | Regression loss: 0.28958 | Running loss: 0.29847
Epoch: 24 | Iteration: 1000 | Classification loss: 0.02879 | Regression loss: 0.15483 | Running loss: 0.29210
Epoch: 25 | Iteration: 0 | Classification loss: 0.19257 | Regression loss: 0.19482 | Running loss: 0.29265
Epoch: 25 | Iteration: 100 | Classification loss: 0.15017 | Regression loss: 0.34718 | Running loss: 0.29394
Epoch: 25 | Iteration: 200 | Classification loss: 0.12051 | Regression loss: 0.30535 | Running loss: 0.28750
Epoch: 25 | Iteration: 300 | Classification loss: 0.07462 | Regression loss: 0.23871 | Running loss: 0.28459
Epoch: 25 | Iteration: 400 | Classification loss: 0.02405 | Regression loss: 0.13225 | Running loss: 0.27195
Epoch: 25 | Iteration: 500 | Classification loss: 0.08714 | Regression loss: 0.27117 | Running loss: 0.27014
Epoch: 25 | Iteration: 600 | Classification loss: 0.12950 | Regression loss: 0.38716 | Running loss: 0.27531
Epoch: 25 | Iteration: 700 | Classification loss: 0.02506 | Regression loss: 0.08314 | Running loss: 0.28493
Epoch: 25 | Iteration: 800 | Classification loss: 0.16434 | Regression loss: 0.22501 | Running loss: 0.28775
Epoch: 25 | Iteration: 900 | Classification loss: 0.01489 | Regression loss: 0.07546 | Running loss: 0.29483
Epoch: 25 | Iteration: 1000 | Classification loss: 0.10683 | Regression loss: 0.10993 | Running loss: 0.28995
Epoch: 26 | Iteration: 0 | Classification loss: 0.04477 | Regression loss: 0.11559 | Running loss: 0.28978
Epoch: 26 | Iteration: 100 | Classification loss: 0.05881 | Regression loss: 0.13061 | Running loss: 0.28445
Epoch: 26 | Iteration: 200 | Classification loss: 0.17021 | Regression loss: 0.10155 | Running loss: 0.27787
Epoch: 26 | Iteration: 300 | Classification loss: 0.03480 | Regression loss: 0.17835 | Running loss: 0.27733
Epoch: 26 | Iteration: 400 | Classification loss: 0.36658 | Regression loss: 0.30282 | Running loss: 0.27655
Epoch: 26 | Iteration: 500 | Classification loss: 0.01166 | Regression loss: 0.08341 | Running loss: 0.28176
Epoch: 26 | Iteration: 600 | Classification loss: 0.15711 | Regression loss: 0.17238 | Running loss: 0.27871
Epoch: 26 | Iteration: 700 | Classification loss: 0.05328 | Regression loss: 0.19831 | Running loss: 0.27683
Epoch: 26 | Iteration: 800 | Classification loss: 0.02248 | Regression loss: 0.13261 | Running loss: 0.27343
Epoch: 26 | Iteration: 900 | Classification loss: 0.03435 | Regression loss: 0.14778 | Running loss: 0.26416
Epoch: 26 | Iteration: 1000 | Classification loss: 0.11568 | Regression loss: 0.10262 | Running loss: 0.26107
Epoch: 27 | Iteration: 0 | Classification loss: 0.32046 | Regression loss: 0.23924 | Running loss: 0.25992
Epoch: 27 | Iteration: 100 | Classification loss: 0.00620 | Regression loss: 0.09927 | Running loss: 0.25081
Epoch: 27 | Iteration: 200 | Classification loss: 0.00767 | Regression loss: 0.08225 | Running loss: 0.25117
Epoch: 27 | Iteration: 300 | Classification loss: 0.27341 | Regression loss: 0.06257 | Running loss: 0.25431
Epoch: 27 | Iteration: 400 | Classification loss: 0.04566 | Regression loss: 0.18947 | Running loss: 0.25575
Epoch: 27 | Iteration: 500 | Classification loss: 0.38316 | Regression loss: 0.08137 | Running loss: 0.25232
Epoch: 27 | Iteration: 600 | Classification loss: 0.01047 | Regression loss: 0.08403 | Running loss: 0.25814
Epoch: 27 | Iteration: 700 | Classification loss: 0.20140 | Regression loss: 0.36088 | Running loss: 0.25866
Epoch: 27 | Iteration: 800 | Classification loss: 0.02727 | Regression loss: 0.05213 | Running loss: 0.25138
Epoch: 27 | Iteration: 900 | Classification loss: 0.01013 | Regression loss: 0.11483 | Running loss: 0.25158
Epoch: 27 | Iteration: 1000 | Classification loss: 0.08778 | Regression loss: 0.26688 | Running loss: 0.25701
Epoch: 28 | Iteration: 0 | Classification loss: 0.04234 | Regression loss: 0.46997 | Running loss: 0.25791
Epoch: 28 | Iteration: 100 | Classification loss: 0.01899 | Regression loss: 0.12409 | Running loss: 0.25048
Epoch: 28 | Iteration: 200 | Classification loss: 0.01256 | Regression loss: 0.12083 | Running loss: 0.24369
Epoch: 28 | Iteration: 300 | Classification loss: 0.01354 | Regression loss: 0.07558 | Running loss: 0.24157
Epoch: 28 | Iteration: 400 | Classification loss: 0.01102 | Regression loss: 0.05920 | Running loss: 0.23874
Epoch: 28 | Iteration: 500 | Classification loss: 0.19928 | Regression loss: 0.25825 | Running loss: 0.23427
Epoch: 28 | Iteration: 600 | Classification loss: 0.01504 | Regression loss: 0.05875 | Running loss: 0.23867
Epoch: 28 | Iteration: 700 | Classification loss: 0.06394 | Regression loss: 0.07318 | Running loss: 0.24805
Epoch: 28 | Iteration: 800 | Classification loss: 0.19731 | Regression loss: 0.09123 | Running loss: 0.24784
Epoch: 28 | Iteration: 900 | Classification loss: 0.63161 | Regression loss: 0.08076 | Running loss: 0.25048
Epoch: 28 | Iteration: 1000 | Classification loss: 0.09537 | Regression loss: 0.24821 | Running loss: 0.24895
Epoch: 29 | Iteration: 0 | Classification loss: 0.02679 | Regression loss: 0.40270 | Running loss: 0.25247
Epoch: 29 | Iteration: 100 | Classification loss: 0.02493 | Regression loss: 0.08752 | Running loss: 0.25121
Epoch: 29 | Iteration: 200 | Classification loss: 0.02132 | Regression loss: 0.18491 | Running loss: 0.24673
Epoch: 29 | Iteration: 300 | Classification loss: 0.02738 | Regression loss: 0.07149 | Running loss: 0.24145
Epoch: 29 | Iteration: 400 | Classification loss: 0.04141 | Regression loss: 0.11881 | Running loss: 0.24325
Epoch: 29 | Iteration: 500 | Classification loss: 0.02796 | Regression loss: 0.13142 | Running loss: 0.23941
Epoch: 29 | Iteration: 600 | Classification loss: 0.00562 | Regression loss: 0.08796 | Running loss: 0.23283
Epoch: 29 | Iteration: 700 | Classification loss: 0.00346 | Regression loss: 0.06615 | Running loss: 0.23189
Epoch: 29 | Iteration: 800 | Classification loss: 0.06075 | Regression loss: 0.15697 | Running loss: 0.23604
Epoch: 29 | Iteration: 900 | Classification loss: 0.02880 | Regression loss: 0.12097 | Running loss: 0.23752
Epoch: 29 | Iteration: 1000 | Classification loss: 0.29305 | Regression loss: 0.26337 | Running loss: 0.23423
epoch_loss_list:
[1.6027211780388524, 1.3493213718097041, 1.2005559017104426, 1.0817573109832335, 0.9989016679680254, 0.9243821980739673, 0.8597765068604252, 0.806570817283758, 0.7509586330004564, 0.7024351666703468, 0.6507156748603297, 0.6194083641217215, 0.583154296531804, 0.5428892699414938, 0.5085167201001226, 0.4828783282056803, 0.45397009768002616, 0.43339138117244863, 0.4030665038006864, 0.3867030331102295, 0.3644278600819292, 0.34267387191552345, 0.32291754081984614, 0.3062023756746936, 0.29318198249088673, 0.2797942441965153, 0.2705999839882271, 0.25520450626243285, 0.24268527382500762, 0.23772001985871183]
Evaluating dataset
Loading and preparing results...
DONE (t=0.19s)
creating index...
index created!
Running per image evaluation...
Evaluate annotation type *bbox*
DONE (t=1.49s).
Accumulating evaluation results...
DONE (t=0.61s).
 Average Precision  (AP) @[ IoU=0.50:0.95 | area=   all | maxDets=100 ] = 0.270
 Average Precision  (AP) @[ IoU=0.50      | area=   all | maxDets=100 ] = 0.465
 Average Precision  (AP) @[ IoU=0.75      | area=   all | maxDets=100 ] = 0.280
 Average Precision  (AP) @[ IoU=0.50:0.95 | area= small | maxDets=100 ] = 0.014
 Average Precision  (AP) @[ IoU=0.50:0.95 | area=medium | maxDets=100 ] = 0.129
 Average Precision  (AP) @[ IoU=0.50:0.95 | area= large | maxDets=100 ] = 0.340
 Average Recall     (AR) @[ IoU=0.50:0.95 | area=   all | maxDets=  1 ] = 0.331
 Average Recall     (AR) @[ IoU=0.50:0.95 | area=   all | maxDets= 10 ] = 0.434
 Average Recall     (AR) @[ IoU=0.50:0.95 | area=   all | maxDets=100 ] = 0.438
 Average Recall     (AR) @[ IoU=0.50:0.95 | area= small | maxDets=100 ] = 0.032
 Average Recall     (AR) @[ IoU=0.50:0.95 | area=medium | maxDets=100 ] = 0.283
 Average Recall     (AR) @[ IoU=0.50:0.95 | area= large | maxDets=100 ] = 0.526
Epoch: 30 | Iteration: 0 | Classification loss: 0.00963 | Regression loss: 0.07083 | Running loss: 0.23642
Epoch: 30 | Iteration: 100 | Classification loss: 0.01218 | Regression loss: 0.13249 | Running loss: 0.23991
Epoch: 30 | Iteration: 200 | Classification loss: 0.18525 | Regression loss: 0.13474 | Running loss: 0.23881
Epoch: 30 | Iteration: 300 | Classification loss: 0.03353 | Regression loss: 0.08834 | Running loss: 0.23303
Epoch: 30 | Iteration: 400 | Classification loss: 0.02042 | Regression loss: 0.15250 | Running loss: 0.22750
Epoch: 30 | Iteration: 500 | Classification loss: 0.43387 | Regression loss: 0.14985 | Running loss: 0.23252
Epoch: 30 | Iteration: 600 | Classification loss: 0.04765 | Regression loss: 0.21664 | Running loss: 0.22394
Epoch: 30 | Iteration: 700 | Classification loss: 0.09274 | Regression loss: 0.27804 | Running loss: 0.23174
Epoch: 30 | Iteration: 800 | Classification loss: 0.02733 | Regression loss: 0.08292 | Running loss: 0.23515
Epoch: 30 | Iteration: 900 | Classification loss: 0.08544 | Regression loss: 0.10143 | Running loss: 0.23884
Epoch: 30 | Iteration: 1000 | Classification loss: 0.04469 | Regression loss: 0.13600 | Running loss: 0.22708
Epoch: 31 | Iteration: 0 | Classification loss: 0.01767 | Regression loss: 0.18357 | Running loss: 0.22929
Epoch: 31 | Iteration: 100 | Classification loss: 0.09728 | Regression loss: 0.24140 | Running loss: 0.23023
Epoch: 31 | Iteration: 200 | Classification loss: 0.01550 | Regression loss: 0.13300 | Running loss: 0.22152
Epoch: 31 | Iteration: 300 | Classification loss: 0.01685 | Regression loss: 0.06517 | Running loss: 0.21922
Epoch: 31 | Iteration: 400 | Classification loss: 0.00732 | Regression loss: 0.05792 | Running loss: 0.21815
Epoch: 31 | Iteration: 500 | Classification loss: 0.00964 | Regression loss: 0.05883 | Running loss: 0.22533
Epoch: 31 | Iteration: 600 | Classification loss: 0.00381 | Regression loss: 0.06564 | Running loss: 0.22451
Epoch: 31 | Iteration: 700 | Classification loss: 0.01597 | Regression loss: 0.05229 | Running loss: 0.22421
Epoch: 31 | Iteration: 800 | Classification loss: 0.02635 | Regression loss: 0.13951 | Running loss: 0.22296
Epoch: 31 | Iteration: 900 | Classification loss: 0.17891 | Regression loss: 0.27652 | Running loss: 0.22201
Epoch: 31 | Iteration: 1000 | Classification loss: 0.06869 | Regression loss: 0.32470 | Running loss: 0.21460
Epoch: 32 | Iteration: 0 | Classification loss: 0.04002 | Regression loss: 0.17675 | Running loss: 0.21627
Epoch: 32 | Iteration: 100 | Classification loss: 0.11754 | Regression loss: 0.17833 | Running loss: 0.22533
Epoch: 32 | Iteration: 200 | Classification loss: 0.00961 | Regression loss: 0.06890 | Running loss: 0.22497
Epoch: 32 | Iteration: 300 | Classification loss: 0.00821 | Regression loss: 0.09664 | Running loss: 0.22380
Epoch: 32 | Iteration: 400 | Classification loss: 0.02350 | Regression loss: 0.23909 | Running loss: 0.22791
Epoch: 32 | Iteration: 500 | Classification loss: 0.00370 | Regression loss: 0.07544 | Running loss: 0.22026
Epoch: 32 | Iteration: 600 | Classification loss: 0.13744 | Regression loss: 0.19608 | Running loss: 0.21175
Epoch: 32 | Iteration: 700 | Classification loss: 0.02759 | Regression loss: 0.14062 | Running loss: 0.20761
Epoch: 32 | Iteration: 800 | Classification loss: 0.26341 | Regression loss: 0.38855 | Running loss: 0.20742
Epoch: 32 | Iteration: 900 | Classification loss: 0.00292 | Regression loss: 0.08674 | Running loss: 0.20270
Epoch: 32 | Iteration: 1000 | Classification loss: 0.06221 | Regression loss: 0.08499 | Running loss: 0.20811
Epoch: 33 | Iteration: 0 | Classification loss: 0.09609 | Regression loss: 0.21314 | Running loss: 0.20787
Epoch: 33 | Iteration: 100 | Classification loss: 0.00651 | Regression loss: 0.20021 | Running loss: 0.20943
Epoch: 33 | Iteration: 200 | Classification loss: 0.03525 | Regression loss: 0.17085 | Running loss: 0.20961
Epoch: 33 | Iteration: 300 | Classification loss: 0.03038 | Regression loss: 0.22708 | Running loss: 0.20759
Epoch: 33 | Iteration: 400 | Classification loss: 0.00183 | Regression loss: 0.05435 | Running loss: 0.20420
Epoch: 33 | Iteration: 500 | Classification loss: 0.04282 | Regression loss: 0.09802 | Running loss: 0.20332
Epoch: 33 | Iteration: 600 | Classification loss: 0.15056 | Regression loss: 0.10669 | Running loss: 0.20092
Epoch: 33 | Iteration: 700 | Classification loss: 0.00700 | Regression loss: 0.08603 | Running loss: 0.20345
Epoch: 33 | Iteration: 800 | Classification loss: 0.02106 | Regression loss: 0.11792 | Running loss: 0.20189
Epoch: 33 | Iteration: 900 | Classification loss: 0.01095 | Regression loss: 0.09460 | Running loss: 0.20303
Epoch: 33 | Iteration: 1000 | Classification loss: 0.00522 | Regression loss: 0.09336 | Running loss: 0.19951
Epoch: 34 | Iteration: 0 | Classification loss: 0.13595 | Regression loss: 0.32585 | Running loss: 0.20095
Epoch: 34 | Iteration: 100 | Classification loss: 0.01782 | Regression loss: 0.08329 | Running loss: 0.20694
Epoch: 34 | Iteration: 200 | Classification loss: 0.03826 | Regression loss: 0.09646 | Running loss: 0.19635
Epoch: 34 | Iteration: 300 | Classification loss: 0.09721 | Regression loss: 0.07449 | Running loss: 0.20052
Epoch: 34 | Iteration: 400 | Classification loss: 0.01824 | Regression loss: 0.17774 | Running loss: 0.19773
Epoch: 34 | Iteration: 500 | Classification loss: 0.09202 | Regression loss: 0.07770 | Running loss: 0.19747
Epoch: 34 | Iteration: 600 | Classification loss: 0.00582 | Regression loss: 0.03315 | Running loss: 0.19413
Epoch: 34 | Iteration: 700 | Classification loss: 0.06520 | Regression loss: 0.25223 | Running loss: 0.19775
Epoch: 34 | Iteration: 800 | Classification loss: 0.01982 | Regression loss: 0.08594 | Running loss: 0.19178
Epoch: 34 | Iteration: 900 | Classification loss: 0.04662 | Regression loss: 0.41784 | Running loss: 0.19835
Epoch: 34 | Iteration: 1000 | Classification loss: 0.05430 | Regression loss: 0.22518 | Running loss: 0.19809
Epoch: 35 | Iteration: 0 | Classification loss: 0.02663 | Regression loss: 0.14958 | Running loss: 0.19768
Epoch: 35 | Iteration: 100 | Classification loss: 0.08030 | Regression loss: 0.18559 | Running loss: 0.19772
Epoch: 35 | Iteration: 200 | Classification loss: 0.01109 | Regression loss: 0.10151 | Running loss: 0.19345
Epoch: 35 | Iteration: 300 | Classification loss: 0.00447 | Regression loss: 0.15017 | Running loss: 0.18947
Epoch: 35 | Iteration: 400 | Classification loss: 0.10869 | Regression loss: 0.24337 | Running loss: 0.19066
Epoch: 35 | Iteration: 500 | Classification loss: 0.04589 | Regression loss: 0.08522 | Running loss: 0.19440
Epoch: 35 | Iteration: 600 | Classification loss: 0.00243 | Regression loss: 0.09972 | Running loss: 0.19849
Epoch: 35 | Iteration: 700 | Classification loss: 0.00125 | Regression loss: 0.01487 | Running loss: 0.20526
Epoch: 35 | Iteration: 800 | Classification loss: 0.15171 | Regression loss: 0.30003 | Running loss: 0.21003
Epoch: 35 | Iteration: 900 | Classification loss: 0.29274 | Regression loss: 0.42091 | Running loss: 0.20582
Epoch: 35 | Iteration: 1000 | Classification loss: 0.11014 | Regression loss: 0.20322 | Running loss: 0.20033
Epoch: 36 | Iteration: 0 | Classification loss: 0.00243 | Regression loss: 0.11014 | Running loss: 0.20130
Epoch: 36 | Iteration: 100 | Classification loss: 0.03370 | Regression loss: 0.04758 | Running loss: 0.19738
Epoch: 36 | Iteration: 200 | Classification loss: 0.03047 | Regression loss: 0.09440 | Running loss: 0.19517
Epoch: 36 | Iteration: 300 | Classification loss: 0.56262 | Regression loss: 0.37486 | Running loss: 0.18943
Epoch: 36 | Iteration: 400 | Classification loss: 0.07421 | Regression loss: 0.24567 | Running loss: 0.18367
Epoch: 36 | Iteration: 500 | Classification loss: 0.00590 | Regression loss: 0.12859 | Running loss: 0.18668
Epoch: 36 | Iteration: 600 | Classification loss: 0.11343 | Regression loss: 0.26631 | Running loss: 0.18981
Epoch: 36 | Iteration: 700 | Classification loss: 0.00384 | Regression loss: 0.09325 | Running loss: 0.19247
Epoch: 36 | Iteration: 800 | Classification loss: 0.00495 | Regression loss: 0.05899 | Running loss: 0.19994
Epoch: 36 | Iteration: 900 | Classification loss: 0.00716 | Regression loss: 0.10380 | Running loss: 0.20207
Epoch: 36 | Iteration: 1000 | Classification loss: 0.18496 | Regression loss: 0.08431 | Running loss: 0.19715
Epoch: 37 | Iteration: 0 | Classification loss: 0.30975 | Regression loss: 0.21339 | Running loss: 0.19533
Epoch: 37 | Iteration: 100 | Classification loss: 0.26570 | Regression loss: 0.09819 | Running loss: 0.19465
Epoch: 37 | Iteration: 200 | Classification loss: 0.00506 | Regression loss: 0.06215 | Running loss: 0.19076
Epoch: 37 | Iteration: 300 | Classification loss: 0.14265 | Regression loss: 0.29991 | Running loss: 0.19202
Epoch: 37 | Iteration: 400 | Classification loss: 0.07564 | Regression loss: 0.17250 | Running loss: 0.18814
Epoch: 37 | Iteration: 500 | Classification loss: 0.01256 | Regression loss: 0.12333 | Running loss: 0.19295
Epoch: 37 | Iteration: 600 | Classification loss: 0.19493 | Regression loss: 0.28517 | Running loss: 0.18742
Epoch: 37 | Iteration: 700 | Classification loss: 0.27702 | Regression loss: 0.15497 | Running loss: 0.18826
Epoch: 37 | Iteration: 800 | Classification loss: 0.01716 | Regression loss: 0.10685 | Running loss: 0.18404
Epoch: 37 | Iteration: 900 | Classification loss: 0.20727 | Regression loss: 0.36751 | Running loss: 0.18338
Epoch: 37 | Iteration: 1000 | Classification loss: 0.07469 | Regression loss: 0.08528 | Running loss: 0.17511
Epoch: 38 | Iteration: 0 | Classification loss: 0.04242 | Regression loss: 0.13124 | Running loss: 0.17771
Epoch: 38 | Iteration: 100 | Classification loss: 0.00383 | Regression loss: 0.08137 | Running loss: 0.17634
Epoch: 38 | Iteration: 200 | Classification loss: 0.02334 | Regression loss: 0.14543 | Running loss: 0.17189
Epoch: 38 | Iteration: 300 | Classification loss: 0.00188 | Regression loss: 0.03822 | Running loss: 0.16769
Epoch: 38 | Iteration: 400 | Classification loss: 0.03207 | Regression loss: 0.10665 | Running loss: 0.16513
Epoch: 38 | Iteration: 500 | Classification loss: 0.03763 | Regression loss: 0.12638 | Running loss: 0.16799
Epoch: 38 | Iteration: 600 | Classification loss: 0.18079 | Regression loss: 0.42102 | Running loss: 0.16863
Epoch: 38 | Iteration: 700 | Classification loss: 0.03459 | Regression loss: 0.27453 | Running loss: 0.17440
Epoch: 38 | Iteration: 800 | Classification loss: 0.12624 | Regression loss: 0.25026 | Running loss: 0.17874
Epoch: 38 | Iteration: 900 | Classification loss: 0.06103 | Regression loss: 0.17030 | Running loss: 0.18626
Epoch: 38 | Iteration: 1000 | Classification loss: 0.14007 | Regression loss: 0.36906 | Running loss: 0.18763
Epoch: 39 | Iteration: 0 | Classification loss: 0.00160 | Regression loss: 0.08036 | Running loss: 0.18957
Epoch: 39 | Iteration: 100 | Classification loss: 0.02151 | Regression loss: 0.20625 | Running loss: 0.18575
Epoch: 39 | Iteration: 200 | Classification loss: 0.23222 | Regression loss: 0.14622 | Running loss: 0.18383
Epoch: 39 | Iteration: 300 | Classification loss: 0.18404 | Regression loss: 0.43116 | Running loss: 0.18822
Epoch: 39 | Iteration: 400 | Classification loss: 0.00862 | Regression loss: 0.08480 | Running loss: 0.18266
Epoch: 39 | Iteration: 500 | Classification loss: 0.02018 | Regression loss: 0.15830 | Running loss: 0.17571
Epoch: 39 | Iteration: 600 | Classification loss: 0.00830 | Regression loss: 0.06798 | Running loss: 0.17834
Epoch: 39 | Iteration: 700 | Classification loss: 0.00699 | Regression loss: 0.11150 | Running loss: 0.17464
Epoch: 39 | Iteration: 800 | Classification loss: 0.02797 | Regression loss: 0.18576 | Running loss: 0.17318
Epoch: 39 | Iteration: 900 | Classification loss: 0.06102 | Regression loss: 0.14729 | Running loss: 0.17516
Epoch: 39 | Iteration: 1000 | Classification loss: 0.02511 | Regression loss: 0.09849 | Running loss: 0.16966
epoch_loss_list:
[1.6027211780388524, 1.3493213718097041, 1.2005559017104426, 1.0817573109832335, 0.9989016679680254, 0.9243821980739673, 0.8597765068604252, 0.806570817283758, 0.7509586330004564, 0.7024351666703468, 0.6507156748603297, 0.6194083641217215, 0.583154296531804, 0.5428892699414938, 0.5085167201001226, 0.4828783282056803, 0.45397009768002616, 0.43339138117244863, 0.4030665038006864, 0.3867030331102295, 0.3644278600819292, 0.34267387191552345, 0.32291754081984614, 0.3062023756746936, 0.29318198249088673, 0.2797942441965153, 0.2705999839882271, 0.25520450626243285, 0.24268527382500762, 0.23772001985871183, 0.2299480134764261, 0.2207381194934073, 0.21444946402082526, 0.2018105147413792, 0.1983299547142723, 0.19787831321050683, 0.19110252841111772, 0.18569881874539956, 0.17913870857368538, 0.17234412436355198]
Evaluating dataset
Loading and preparing results...
DONE (t=0.14s)
creating index...
index created!
Running per image evaluation...
Evaluate annotation type *bbox*
DONE (t=1.26s).
Accumulating evaluation results...
DONE (t=0.56s).
 Average Precision  (AP) @[ IoU=0.50:0.95 | area=   all | maxDets=100 ] = 0.252
 Average Precision  (AP) @[ IoU=0.50      | area=   all | maxDets=100 ] = 0.420
 Average Precision  (AP) @[ IoU=0.75      | area=   all | maxDets=100 ] = 0.257
 Average Precision  (AP) @[ IoU=0.50:0.95 | area= small | maxDets=100 ] = 0.014
 Average Precision  (AP) @[ IoU=0.50:0.95 | area=medium | maxDets=100 ] = 0.093
 Average Precision  (AP) @[ IoU=0.50:0.95 | area= large | maxDets=100 ] = 0.319
 Average Recall     (AR) @[ IoU=0.50:0.95 | area=   all | maxDets=  1 ] = 0.316
 Average Recall     (AR) @[ IoU=0.50:0.95 | area=   all | maxDets= 10 ] = 0.384
 Average Recall     (AR) @[ IoU=0.50:0.95 | area=   all | maxDets=100 ] = 0.385
 Average Recall     (AR) @[ IoU=0.50:0.95 | area= small | maxDets=100 ] = 0.024
 Average Recall     (AR) @[ IoU=0.50:0.95 | area=medium | maxDets=100 ] = 0.176
 Average Recall     (AR) @[ IoU=0.50:0.95 | area= large | maxDets=100 ] = 0.474
Epoch: 40 | Iteration: 0 | Classification loss: 0.04224 | Regression loss: 0.11704 | Running loss: 0.16879
Epoch: 40 | Iteration: 100 | Classification loss: 0.04308 | Regression loss: 0.14430 | Running loss: 0.17177
Epoch: 40 | Iteration: 200 | Classification loss: 0.00329 | Regression loss: 0.09269 | Running loss: 0.16556
Epoch: 40 | Iteration: 300 | Classification loss: 0.00605 | Regression loss: 0.05183 | Running loss: 0.16314
Epoch: 40 | Iteration: 400 | Classification loss: 0.00638 | Regression loss: 0.08224 | Running loss: 0.16184
Epoch: 40 | Iteration: 500 | Classification loss: 0.01529 | Regression loss: 0.20119 | Running loss: 0.16179
Epoch: 40 | Iteration: 600 | Classification loss: 0.01905 | Regression loss: 0.10037 | Running loss: 0.16029
Epoch: 40 | Iteration: 700 | Classification loss: 0.00993 | Regression loss: 0.14955 | Running loss: 0.16485
Epoch: 40 | Iteration: 800 | Classification loss: 0.12181 | Regression loss: 0.15822 | Running loss: 0.16711
Epoch: 40 | Iteration: 900 | Classification loss: 0.00725 | Regression loss: 0.10420 | Running loss: 0.16581
Epoch: 40 | Iteration: 1000 | Classification loss: 0.01791 | Regression loss: 0.03763 | Running loss: 0.17393
Epoch: 41 | Iteration: 0 | Classification loss: 0.01361 | Regression loss: 0.10505 | Running loss: 0.17385
Epoch: 41 | Iteration: 100 | Classification loss: 0.00990 | Regression loss: 0.11411 | Running loss: 0.17414
Epoch: 41 | Iteration: 200 | Classification loss: 0.00489 | Regression loss: 0.04729 | Running loss: 0.16265
Epoch: 41 | Iteration: 300 | Classification loss: 0.19177 | Regression loss: 0.36252 | Running loss: 0.16761
Epoch: 41 | Iteration: 400 | Classification loss: 0.00545 | Regression loss: 0.03490 | Running loss: 0.16654
Epoch: 41 | Iteration: 500 | Classification loss: 0.00044 | Regression loss: 0.08374 | Running loss: 0.15909
Epoch: 41 | Iteration: 600 | Classification loss: 0.00929 | Regression loss: 0.08319 | Running loss: 0.16357
Epoch: 41 | Iteration: 700 | Classification loss: 0.00745 | Regression loss: 0.11010 | Running loss: 0.16769
Epoch: 41 | Iteration: 800 | Classification loss: 0.07774 | Regression loss: 0.07541 | Running loss: 0.16390
Epoch: 41 | Iteration: 900 | Classification loss: 0.01484 | Regression loss: 0.21502 | Running loss: 0.16478
Epoch: 41 | Iteration: 1000 | Classification loss: 0.00134 | Regression loss: 0.05443 | Running loss: 0.17352
Epoch: 42 | Iteration: 0 | Classification loss: 0.00624 | Regression loss: 0.07593 | Running loss: 0.17494
Epoch: 42 | Iteration: 100 | Classification loss: 0.01924 | Regression loss: 0.14232 | Running loss: 0.16829
Epoch: 42 | Iteration: 200 | Classification loss: 0.00048 | Regression loss: 0.06197 | Running loss: 0.16703
Epoch: 42 | Iteration: 300 | Classification loss: 0.00377 | Regression loss: 0.13409 | Running loss: 0.16264
Epoch: 42 | Iteration: 400 | Classification loss: 0.02677 | Regression loss: 0.10599 | Running loss: 0.15806
Epoch: 42 | Iteration: 500 | Classification loss: 0.04962 | Regression loss: 0.21678 | Running loss: 0.15935
Epoch: 42 | Iteration: 600 | Classification loss: 0.03941 | Regression loss: 0.11120 | Running loss: 0.15742
Epoch: 42 | Iteration: 700 | Classification loss: 0.01122 | Regression loss: 0.05536 | Running loss: 0.15917
Epoch: 42 | Iteration: 800 | Classification loss: 0.02121 | Regression loss: 0.17428 | Running loss: 0.16417
Epoch: 42 | Iteration: 900 | Classification loss: 0.00203 | Regression loss: 0.08175 | Running loss: 0.16394
Epoch: 42 | Iteration: 1000 | Classification loss: 0.15051 | Regression loss: 0.22955 | Running loss: 0.15426
Epoch: 43 | Iteration: 0 | Classification loss: 0.00614 | Regression loss: 0.09410 | Running loss: 0.15390
Epoch: 43 | Iteration: 100 | Classification loss: 0.00239 | Regression loss: 0.09466 | Running loss: 0.15707
Epoch: 43 | Iteration: 200 | Classification loss: 0.00660 | Regression loss: 0.07528 | Running loss: 0.15506
Epoch: 43 | Iteration: 300 | Classification loss: 0.00354 | Regression loss: 0.15505 | Running loss: 0.15634
Epoch: 43 | Iteration: 400 | Classification loss: 0.00310 | Regression loss: 0.03405 | Running loss: 0.16019
Epoch: 43 | Iteration: 500 | Classification loss: 0.00122 | Regression loss: 0.05738 | Running loss: 0.16322
Epoch: 43 | Iteration: 600 | Classification loss: 0.01368 | Regression loss: 0.16841 | Running loss: 0.15836
Epoch: 43 | Iteration: 700 | Classification loss: 0.05121 | Regression loss: 0.22250 | Running loss: 0.16551
Epoch: 43 | Iteration: 800 | Classification loss: 0.01187 | Regression loss: 0.12028 | Running loss: 0.16018
Epoch: 43 | Iteration: 900 | Classification loss: 0.00073 | Regression loss: 0.03845 | Running loss: 0.15596
Epoch: 43 | Iteration: 1000 | Classification loss: 0.02501 | Regression loss: 0.22383 | Running loss: 0.15502
Epoch: 44 | Iteration: 0 | Classification loss: 0.28571 | Regression loss: 0.25448 | Running loss: 0.15642
Epoch: 44 | Iteration: 100 | Classification loss: 0.00745 | Regression loss: 0.06699 | Running loss: 0.15141
Epoch: 44 | Iteration: 200 | Classification loss: 0.03451 | Regression loss: 0.13728 | Running loss: 0.14560
Epoch: 44 | Iteration: 300 | Classification loss: 0.11177 | Regression loss: 0.22380 | Running loss: 0.15441
Epoch: 44 | Iteration: 400 | Classification loss: 0.05166 | Regression loss: 0.06961 | Running loss: 0.14922
Epoch: 44 | Iteration: 500 | Classification loss: 0.00790 | Regression loss: 0.16537 | Running loss: 0.14938
Epoch: 44 | Iteration: 600 | Classification loss: 0.00350 | Regression loss: 0.06309 | Running loss: 0.15290
Epoch: 44 | Iteration: 700 | Classification loss: 0.00126 | Regression loss: 0.02850 | Running loss: 0.15824
Epoch: 44 | Iteration: 800 | Classification loss: 0.39874 | Regression loss: 0.08205 | Running loss: 0.15112
Epoch: 44 | Iteration: 900 | Classification loss: 0.00117 | Regression loss: 0.06048 | Running loss: 0.15188
Epoch: 44 | Iteration: 1000 | Classification loss: 0.00576 | Regression loss: 0.04916 | Running loss: 0.15184
Epoch: 45 | Iteration: 0 | Classification loss: 0.01482 | Regression loss: 0.04955 | Running loss: 0.15074
Epoch: 45 | Iteration: 100 | Classification loss: 0.00688 | Regression loss: 0.16783 | Running loss: 0.15218
Epoch: 45 | Iteration: 200 | Classification loss: 0.13062 | Regression loss: 0.17536 | Running loss: 0.14943
Epoch: 45 | Iteration: 300 | Classification loss: 0.00843 | Regression loss: 0.13634 | Running loss: 0.15556
Epoch: 45 | Iteration: 400 | Classification loss: 0.05083 | Regression loss: 0.12523 | Running loss: 0.16049
Epoch: 45 | Iteration: 500 | Classification loss: 0.01807 | Regression loss: 0.06861 | Running loss: 0.15689
Epoch: 45 | Iteration: 600 | Classification loss: 0.00280 | Regression loss: 0.04823 | Running loss: 0.14974
Epoch: 45 | Iteration: 700 | Classification loss: 0.03026 | Regression loss: 0.12633 | Running loss: 0.15078
Epoch: 45 | Iteration: 800 | Classification loss: 0.01113 | Regression loss: 0.10301 | Running loss: 0.14854
Epoch: 45 | Iteration: 900 | Classification loss: 0.03178 | Regression loss: 0.10782 | Running loss: 0.14107
Epoch: 45 | Iteration: 1000 | Classification loss: 0.03458 | Regression loss: 0.14331 | Running loss: 0.14216
Epoch: 46 | Iteration: 0 | Classification loss: 0.04268 | Regression loss: 0.11029 | Running loss: 0.14334
Epoch: 46 | Iteration: 100 | Classification loss: 0.11890 | Regression loss: 0.25511 | Running loss: 0.14203
Epoch: 46 | Iteration: 200 | Classification loss: 0.00077 | Regression loss: 0.04650 | Running loss: 0.14017
Epoch: 46 | Iteration: 300 | Classification loss: 0.00360 | Regression loss: 0.03520 | Running loss: 0.13390
Epoch: 46 | Iteration: 400 | Classification loss: 0.12235 | Regression loss: 0.12750 | Running loss: 0.13834
Epoch: 46 | Iteration: 500 | Classification loss: 0.01225 | Regression loss: 0.10104 | Running loss: 0.13836
Epoch: 46 | Iteration: 600 | Classification loss: 0.08318 | Regression loss: 0.36853 | Running loss: 0.14876
Epoch: 46 | Iteration: 700 | Classification loss: 0.01806 | Regression loss: 0.20650 | Running loss: 0.14802
Epoch: 46 | Iteration: 800 | Classification loss: 0.00381 | Regression loss: 0.05596 | Running loss: 0.15362
Epoch: 46 | Iteration: 900 | Classification loss: 0.01051 | Regression loss: 0.06559 | Running loss: 0.15041
Epoch: 46 | Iteration: 1000 | Classification loss: 0.00241 | Regression loss: 0.08866 | Running loss: 0.14776
Epoch: 47 | Iteration: 0 | Classification loss: 0.00577 | Regression loss: 0.05995 | Running loss: 0.14878
Epoch: 47 | Iteration: 100 | Classification loss: 0.02032 | Regression loss: 0.15251 | Running loss: 0.14732
Epoch: 47 | Iteration: 200 | Classification loss: 0.00380 | Regression loss: 0.09218 | Running loss: 0.15319
Epoch: 47 | Iteration: 300 | Classification loss: 0.00304 | Regression loss: 0.05566 | Running loss: 0.15245
Epoch: 47 | Iteration: 400 | Classification loss: 0.02393 | Regression loss: 0.07840 | Running loss: 0.14969
Epoch: 47 | Iteration: 500 | Classification loss: 0.00067 | Regression loss: 0.09251 | Running loss: 0.15101
Epoch: 47 | Iteration: 600 | Classification loss: 0.00276 | Regression loss: 0.04607 | Running loss: 0.14205
Epoch: 47 | Iteration: 700 | Classification loss: 0.01023 | Regression loss: 0.10943 | Running loss: 0.13694
Epoch: 47 | Iteration: 800 | Classification loss: 0.01757 | Regression loss: 0.11092 | Running loss: 0.13517
Epoch: 47 | Iteration: 900 | Classification loss: 0.06136 | Regression loss: 0.15223 | Running loss: 0.14388
Epoch: 47 | Iteration: 1000 | Classification loss: 0.00069 | Regression loss: 0.04928 | Running loss: 0.14026
Epoch: 48 | Iteration: 0 | Classification loss: 0.00654 | Regression loss: 0.09686 | Running loss: 0.14128
Epoch: 48 | Iteration: 100 | Classification loss: 0.07094 | Regression loss: 0.36388 | Running loss: 0.14374
Epoch: 48 | Iteration: 200 | Classification loss: 0.00204 | Regression loss: 0.04992 | Running loss: 0.13152
Epoch: 48 | Iteration: 300 | Classification loss: 0.00015 | Regression loss: 0.13883 | Running loss: 0.12254
Epoch: 48 | Iteration: 400 | Classification loss: 0.00739 | Regression loss: 0.19694 | Running loss: 0.11378
Epoch: 48 | Iteration: 500 | Classification loss: 0.00379 | Regression loss: 0.07709 | Running loss: 0.10759
Epoch: 48 | Iteration: 600 | Classification loss: 0.00048 | Regression loss: 0.02623 | Running loss: 0.09853
Epoch: 48 | Iteration: 700 | Classification loss: 0.00088 | Regression loss: 0.03152 | Running loss: 0.09804
Epoch: 48 | Iteration: 800 | Classification loss: 0.00113 | Regression loss: 0.04058 | Running loss: 0.10001
Epoch: 48 | Iteration: 900 | Classification loss: 0.00004 | Regression loss: 0.01827 | Running loss: 0.09812
Epoch: 48 | Iteration: 1000 | Classification loss: 0.00067 | Regression loss: 0.04617 | Running loss: 0.09717
Epoch: 49 | Iteration: 0 | Classification loss: 0.00164 | Regression loss: 0.02670 | Running loss: 0.09573
Epoch: 49 | Iteration: 100 | Classification loss: 0.01468 | Regression loss: 0.12574 | Running loss: 0.09471
Epoch: 49 | Iteration: 200 | Classification loss: 0.00074 | Regression loss: 0.01881 | Running loss: 0.08998
Epoch: 49 | Iteration: 300 | Classification loss: 0.00021 | Regression loss: 0.02316 | Running loss: 0.08511
Epoch: 49 | Iteration: 400 | Classification loss: 0.00076 | Regression loss: 0.02428 | Running loss: 0.08359
Epoch: 49 | Iteration: 500 | Classification loss: 0.00028 | Regression loss: 0.02393 | Running loss: 0.08282
Epoch: 49 | Iteration: 600 | Classification loss: 0.00085 | Regression loss: 0.02229 | Running loss: 0.08226
Epoch: 49 | Iteration: 700 | Classification loss: 0.00956 | Regression loss: 0.05594 | Running loss: 0.08480
Epoch: 49 | Iteration: 800 | Classification loss: 0.00082 | Regression loss: 0.05810 | Running loss: 0.08402
Epoch: 49 | Iteration: 900 | Classification loss: 0.00915 | Regression loss: 0.10755 | Running loss: 0.08060
Epoch: 49 | Iteration: 1000 | Classification loss: 0.00065 | Regression loss: 0.02965 | Running loss: 0.08183
epoch_loss_list:
[1.6027211780388524, 1.3493213718097041, 1.2005559017104426, 1.0817573109832335, 0.9989016679680254, 0.9243821980739673, 0.8597765068604252, 0.806570817283758, 0.7509586330004564, 0.7024351666703468, 0.6507156748603297, 0.6194083641217215, 0.583154296531804, 0.5428892699414938, 0.5085167201001226, 0.4828783282056803, 0.45397009768002616, 0.43339138117244863, 0.4030665038006864, 0.3867030331102295, 0.3644278600819292, 0.34267387191552345, 0.32291754081984614, 0.3062023756746936, 0.29318198249088673, 0.2797942441965153, 0.2705999839882271, 0.25520450626243285, 0.24268527382500762, 0.23772001985871183, 0.2299480134764261, 0.2207381194934073, 0.21444946402082526, 0.2018105147413792, 0.1983299547142723, 0.19787831321050683, 0.19110252841111772, 0.18569881874539956, 0.17913870857368538, 0.17234412436355198, 0.16710634597239826, 0.1669551119021338, 0.1568848570830768, 0.15872284962509678, 0.15080245019314356, 0.14963583615113518, 0.14378988040761478, 0.14532693679899153, 0.1016612858323593, 0.08186726589819167]
Evaluating dataset
Loading and preparing results...
DONE (t=0.06s)
creating index...
index created!
Running per image evaluation...
Evaluate annotation type *bbox*
DONE (t=1.15s).
Accumulating evaluation results...
DONE (t=0.44s).
 Average Precision  (AP) @[ IoU=0.50:0.95 | area=   all | maxDets=100 ] = 0.287
 Average Precision  (AP) @[ IoU=0.50      | area=   all | maxDets=100 ] = 0.455
 Average Precision  (AP) @[ IoU=0.75      | area=   all | maxDets=100 ] = 0.309
 Average Precision  (AP) @[ IoU=0.50:0.95 | area= small | maxDets=100 ] = 0.015
 Average Precision  (AP) @[ IoU=0.50:0.95 | area=medium | maxDets=100 ] = 0.117
 Average Precision  (AP) @[ IoU=0.50:0.95 | area= large | maxDets=100 ] = 0.363
 Average Recall     (AR) @[ IoU=0.50:0.95 | area=   all | maxDets=  1 ] = 0.340
 Average Recall     (AR) @[ IoU=0.50:0.95 | area=   all | maxDets= 10 ] = 0.412
 Average Recall     (AR) @[ IoU=0.50:0.95 | area=   all | maxDets=100 ] = 0.412
 Average Recall     (AR) @[ IoU=0.50:0.95 | area= small | maxDets=100 ] = 0.025
 Average Recall     (AR) @[ IoU=0.50:0.95 | area=medium | maxDets=100 ] = 0.214
 Average Recall     (AR) @[ IoU=0.50:0.95 | area= large | maxDets=100 ] = 0.507
epoch_loss_list:
[1.6027211780388524, 1.3493213718097041, 1.2005559017104426, 1.0817573109832335, 0.9989016679680254, 0.9243821980739673, 0.8597765068604252, 0.806570817283758, 0.7509586330004564, 0.7024351666703468, 0.6507156748603297, 0.6194083641217215, 0.583154296531804, 0.5428892699414938, 0.5085167201001226, 0.4828783282056803, 0.45397009768002616, 0.43339138117244863, 0.4030665038006864, 0.3867030331102295, 0.3644278600819292, 0.34267387191552345, 0.32291754081984614, 0.3062023756746936, 0.29318198249088673, 0.2797942441965153, 0.2705999839882271, 0.25520450626243285, 0.24268527382500762, 0.23772001985871183, 0.2299480134764261, 0.2207381194934073, 0.21444946402082526, 0.2018105147413792, 0.1983299547142723, 0.19787831321050683, 0.19110252841111772, 0.18569881874539956, 0.17913870857368538, 0.17234412436355198, 0.16710634597239826, 0.1669551119021338, 0.1568848570830768, 0.15872284962509678, 0.15080245019314356, 0.14963583615113518, 0.14378988040761478, 0.14532693679899153, 0.1016612858323593, 0.08186726589819167]
